Mplus VERSION 8.3 (Mac)
MUTHEN & MUTHEN
05/19/2026   7:47 PM

INPUT INSTRUCTIONS

  TITLE: Exact shared Baer et al. (2006) Table 4 factor-correlation power;

  MONTECARLO:
    NAMES = observe describe actaware nonjudge nonreact;
    NOBSERVATIONS = 347;
    NREPS = 10000;
    SEED = 20260519;

  MODEL POPULATION:
    [observe*0 describe*0 actaware*0 nonjudge*0 nonreact*0];
    observe*1 describe*1 actaware*1 nonjudge*1 nonreact*1;

    observe WITH describe*.26 actaware*.15 nonjudge*-.07 nonreact*.16;
    describe WITH actaware*.30 nonjudge*.21 nonreact*.22;
    actaware WITH nonjudge*.34 nonreact*.33;
    nonjudge WITH nonreact*.34;

  MODEL:
    [observe*0 describe*0 actaware*0 nonjudge*0 nonreact*0];
    observe*1 describe*1 actaware*1 nonjudge*1 nonreact*1;

    observe WITH describe*.26 actaware*.15 nonjudge*-.07 nonreact*.16;
    describe WITH actaware*.30 nonjudge*.21 nonreact*.22;
    actaware WITH nonjudge*.34 nonreact*.33;
    nonjudge WITH nonreact*.34;

  OUTPUT:
    TECH9;



INPUT READING TERMINATED NORMALLY



Exact shared Baer et al. (2006) Table 4 factor-correlation power;

SUMMARY OF ANALYSIS

Number of groups                                                 1
Number of observations                                         347

Number of replications
    Requested                                                10000
    Completed                                                10000
Value of seed                                             20260519

Number of dependent variables                                    5
Number of independent variables                                  0
Number of continuous latent variables                            0

Observed dependent variables

  Continuous
   OBSERVE     DESCRIBE    ACTAWARE    NONJUDGE    NONREACT


Estimator                                                       ML
Information matrix                                        OBSERVED
Maximum number of iterations                                  1000
Convergence criterion                                    0.500D-04
Maximum number of steepest descent iterations                   20



SAMPLE STATISTICS FOR THE FIRST REPLICATION


     SAMPLE STATISTICS


           Means
              OBSERVE       DESCRIBE      ACTAWARE      NONJUDGE      NONREACT
              ________      ________      ________      ________      ________
                0.016         0.039         0.051         0.100         0.072


           Covariances
              OBSERVE       DESCRIBE      ACTAWARE      NONJUDGE      NONREACT
              ________      ________      ________      ________      ________
 OBSERVE        1.253
 DESCRIBE       0.334         1.085
 ACTAWARE       0.220         0.384         1.029
 NONJUDGE      -0.053         0.291         0.351         1.021
 NONREACT       0.199         0.244         0.292         0.462         1.058


           Correlations
              OBSERVE       DESCRIBE      ACTAWARE      NONJUDGE      NONREACT
              ________      ________      ________      ________      ________
 OBSERVE        1.000
 DESCRIBE       0.286         1.000
 ACTAWARE       0.193         0.363         1.000
 NONJUDGE      -0.047         0.277         0.342         1.000
 NONREACT       0.173         0.227         0.280         0.444         1.000


MODEL FIT INFORMATION

Number of Free Parameters                       20

Loglikelihood

    H0 Value

        Mean                             -2356.773
        Std Dev                             29.399
        Number of successful computations    10000

             Proportions                   Percentiles
        Expected    Observed         Expected       Observed
           0.990       0.990        -2425.164      -2425.404
           0.980       0.980        -2417.150      -2416.742
           0.950       0.950        -2405.131      -2405.235
           0.900       0.898        -2394.451      -2394.635
           0.800       0.798        -2381.515      -2381.669
           0.700       0.697        -2372.190      -2372.463
           0.500       0.500        -2356.773      -2356.764
           0.300       0.298        -2341.356      -2341.494
           0.200       0.204        -2332.031      -2331.590
           0.100       0.102        -2319.095      -2318.761
           0.050       0.050        -2308.415      -2308.330
           0.020       0.019        -2296.396      -2297.273
           0.010       0.010        -2288.382      -2288.383

    H1 Value

        Mean                             -2356.773
        Std Dev                             29.399
        Number of successful computations    10000

             Proportions                   Percentiles
        Expected    Observed         Expected       Observed
           0.990       0.990        -2425.164      -2425.404
           0.980       0.980        -2417.150      -2416.742
           0.950       0.950        -2405.131      -2405.235
           0.900       0.898        -2394.451      -2394.635
           0.800       0.798        -2381.515      -2381.669
           0.700       0.697        -2372.190      -2372.463
           0.500       0.500        -2356.773      -2356.764
           0.300       0.298        -2341.356      -2341.494
           0.200       0.204        -2332.031      -2331.590
           0.100       0.102        -2319.095      -2318.761
           0.050       0.050        -2308.415      -2308.330
           0.020       0.019        -2296.396      -2297.273
           0.010       0.010        -2288.382      -2288.383

Information Criteria

    Akaike (AIC)

        Mean                              4753.546
        Std Dev                             58.798
        Number of successful computations    10000

             Proportions                   Percentiles
        Expected    Observed         Expected       Observed
           0.990       0.990         4616.765       4616.678
           0.980       0.981         4632.793       4634.527
           0.950       0.950         4656.829       4656.589
           0.900       0.898         4678.191       4677.406
           0.800       0.795         4704.062       4703.123
           0.700       0.702         4722.712       4722.983
           0.500       0.500         4753.546       4753.511
           0.300       0.303         4784.380       4784.925
           0.200       0.202         4803.030       4803.293
           0.100       0.102         4828.901       4829.190
           0.050       0.050         4850.263       4850.437
           0.020       0.020         4874.299       4873.362
           0.010       0.010         4890.327       4890.686

    Bayesian (BIC)

        Mean                              4830.532
        Std Dev                             58.798
        Number of successful computations    10000

             Proportions                   Percentiles
        Expected    Observed         Expected       Observed
           0.990       0.990         4693.751       4693.664
           0.980       0.981         4709.779       4711.513
           0.950       0.950         4733.816       4733.576
           0.900       0.898         4755.177       4754.393
           0.800       0.795         4781.048       4780.109
           0.700       0.702         4799.699       4799.969
           0.500       0.500         4830.532       4830.497
           0.300       0.303         4861.366       4861.911
           0.200       0.202         4880.017       4880.279
           0.100       0.102         4905.888       4906.176
           0.050       0.050         4927.249       4927.424
           0.020       0.020         4951.286       4950.349
           0.010       0.010         4967.314       4967.673

    Sample-Size Adjusted BIC (n* = (n + 2) / 24)

        Mean                              4767.086
        Std Dev                             58.798
        Number of successful computations    10000

             Proportions                   Percentiles
        Expected    Observed         Expected       Observed
           0.990       0.990         4630.305       4630.218
           0.980       0.981         4646.333       4648.067
           0.950       0.950         4670.370       4670.130
           0.900       0.898         4691.731       4690.946
           0.800       0.795         4717.602       4716.663
           0.700       0.702         4736.253       4736.523
           0.500       0.500         4767.086       4767.051
           0.300       0.303         4797.920       4798.465
           0.200       0.202         4816.571       4816.833
           0.100       0.102         4842.442       4842.730
           0.050       0.050         4863.803       4863.978
           0.020       0.020         4887.839       4886.903
           0.010       0.010         4903.868       4904.226

Chi-Square Test of Model Fit

        Degrees of freedom                       0

        Mean                                 0.000
        Std Dev                              0.000
        Number of successful computations    10000

             Proportions                   Percentiles
        Expected    Observed         Expected       Observed
           0.990       1.000            0.000          0.000
           0.980       1.000            0.000          0.000
           0.950       1.000            0.000          0.000
           0.900       1.000            0.000          0.000
           0.800       1.000            0.000          0.000
           0.700       1.000            0.000          0.000
           0.500       1.000            0.000          0.000
           0.300       1.000            0.000          0.000
           0.200       1.000            0.000          0.000
           0.100       1.000            0.000          0.000
           0.050       1.000            0.000          0.000
           0.020       1.000            0.000          0.000
           0.010       1.000            0.000          0.000

RMSEA (Root Mean Square Error Of Approximation)

        Mean                                 0.000
        Std Dev                              0.000
        Number of successful computations    10000

             Proportions                   Percentiles
        Expected    Observed         Expected       Observed
           0.990       0.000            0.000          0.000
           0.980       0.000            0.000          0.000
           0.950       0.000            0.000          0.000
           0.900       0.000            0.000          0.000
           0.800       0.000            0.000          0.000
           0.700       0.000            0.000          0.000
           0.500       0.000            0.000          0.000
           0.300       0.000            0.000          0.000
           0.200       0.000            0.000          0.000
           0.100       0.000            0.000          0.000
           0.050       0.000            0.000          0.000
           0.020       0.000            0.000          0.000
           0.010       0.000            0.000          0.000

SRMR (Standardized Root Mean Square Residual)

        Mean                                 0.000
        Std Dev                              0.000
        Number of successful computations    10000

             Proportions                   Percentiles
        Expected    Observed         Expected       Observed
           0.990       0.982            0.000          0.000
           0.980       0.978            0.000          0.000
           0.950       0.960            0.000          0.000
           0.900       0.929            0.000          0.000
           0.800       0.857            0.000          0.000
           0.700       0.758            0.000          0.000
           0.500       0.527            0.000          0.000
           0.300       0.287            0.000          0.000
           0.200       0.174            0.000          0.000
           0.100       0.067            0.000          0.000
           0.050       0.028            0.000          0.000
           0.020       0.009            0.000          0.000
           0.010       0.004            0.000          0.000


MODEL RESULTS

                              ESTIMATES              S. E.     M. S. E.  95%  % Sig
                 Population   Average   Std. Dev.   Average             Cover Coeff
 OBSERVE  WITH
  DESCRIBE            0.260     0.2594     0.0550     0.0553     0.0030 0.947 0.999
  ACTAWARE            0.150     0.1497     0.0545     0.0541     0.0030 0.948 0.797
  NONJUDGE           -0.070    -0.0694     0.0537     0.0537     0.0029 0.950 0.247
  NONREACT            0.160     0.1590     0.0543     0.0542     0.0029 0.951 0.843

 DESCRIBE WITH
  ACTAWARE            0.300     0.2991     0.0560     0.0559     0.0031 0.949 1.000
  NONJUDGE            0.210     0.2093     0.0549     0.0547     0.0030 0.952 0.975
  NONREACT            0.220     0.2189     0.0548     0.0548     0.0030 0.950 0.984

 ACTAWARE WITH
  NONJUDGE            0.340     0.3396     0.0564     0.0566     0.0032 0.951 1.000
  NONREACT            0.330     0.3298     0.0565     0.0564     0.0032 0.947 1.000

 NONJUDGE WITH
  NONREACT            0.340     0.3402     0.0566     0.0566     0.0032 0.948 1.000

 Means
  OBSERVE             0.000     0.0003     0.0537     0.0536     0.0029 0.951 0.049
  DESCRIBE            0.000    -0.0003     0.0540     0.0536     0.0029 0.945 0.055
  ACTAWARE            0.000     0.0006     0.0536     0.0536     0.0029 0.949 0.051
  NONJUDGE            0.000     0.0004     0.0535     0.0536     0.0029 0.951 0.049
  NONREACT            0.000    -0.0001     0.0540     0.0536     0.0029 0.948 0.052

 Variances
  OBSERVE             1.000     0.9970     0.0764     0.0757     0.0058 0.942 1.000
  DESCRIBE            1.000     0.9974     0.0754     0.0757     0.0057 0.948 1.000
  ACTAWARE            1.000     0.9976     0.0756     0.0757     0.0057 0.943 1.000
  NONJUDGE            1.000     0.9988     0.0761     0.0758     0.0058 0.945 1.000
  NONREACT            1.000     0.9966     0.0758     0.0757     0.0058 0.944 1.000


QUALITY OF NUMERICAL RESULTS

     Average Condition Number for the Information Matrix      0.569E-01
       (ratio of smallest to largest eigenvalue)


TECHNICAL OUTPUT


     PARAMETER SPECIFICATION


           NU
              OBSERVE       DESCRIBE      ACTAWARE      NONJUDGE      NONREACT
              ________      ________      ________      ________      ________
                  1             2             3             4             5


           THETA
              OBSERVE       DESCRIBE      ACTAWARE      NONJUDGE      NONREACT
              ________      ________      ________      ________      ________
 OBSERVE            6
 DESCRIBE           7             8
 ACTAWARE           9            10            11
 NONJUDGE          12            13            14            15
 NONREACT          16            17            18            19            20


     STARTING VALUES


           NU
              OBSERVE       DESCRIBE      ACTAWARE      NONJUDGE      NONREACT
              ________      ________      ________      ________      ________
                0.000         0.000         0.000         0.000         0.000


           THETA
              OBSERVE       DESCRIBE      ACTAWARE      NONJUDGE      NONREACT
              ________      ________      ________      ________      ________
 OBSERVE        1.000
 DESCRIBE       0.260         1.000
 ACTAWARE       0.150         0.300         1.000
 NONJUDGE      -0.070         0.210         0.340         1.000
 NONREACT       0.160         0.220         0.330         0.340         1.000


     POPULATION VALUES


           NU
              OBSERVE       DESCRIBE      ACTAWARE      NONJUDGE      NONREACT
              ________      ________      ________      ________      ________
                0.000         0.000         0.000         0.000         0.000


           THETA
              OBSERVE       DESCRIBE      ACTAWARE      NONJUDGE      NONREACT
              ________      ________      ________      ________      ________
 OBSERVE        1.000
 DESCRIBE       0.260         1.000
 ACTAWARE       0.150         0.300         1.000
 NONJUDGE      -0.070         0.210         0.340         1.000
 NONREACT       0.160         0.220         0.330         0.340         1.000


TECHNICAL 9 OUTPUT

  Error messages for each replication (if any)



     Beginning Time:  19:47:44
        Ending Time:  19:47:51
       Elapsed Time:  00:00:07



MUTHEN & MUTHEN
3463 Stoner Ave.
Los Angeles, CA  90066

Tel: (310) 391-9971
Fax: (310) 391-8971
Web: www.StatModel.com
Support: Support@StatModel.com

Copyright (c) 1998-2019 Muthen & Muthen
