Mplus VERSION 8.3 (Mac)
MUTHEN & MUTHEN
05/19/2026   6:55 PM

INPUT INSTRUCTIONS

  TITLE: Baer et al. (2006) Table 4 facet-correlation power, N=1750;

  MONTECARLO:
    NAMES = observe describe actaware nonjudge nonreact;
    NOBSERVATIONS = 1750;
    NREPS = 5000;
    SEED = 20262269;

  MODEL POPULATION:
    [observe*0 describe*0 actaware*0 nonjudge*0 nonreact*0];
    observe*1 describe*1 actaware*1 nonjudge*1 nonreact*1;
    observe WITH describe*.26 actaware*.15 nonjudge*-.07 nonreact*.16;
    describe WITH actaware*.30 nonjudge*.21 nonreact*.22;
    actaware WITH nonjudge*.34 nonreact*.33;
    nonjudge WITH nonreact*.34;

  MODEL:
    [observe*0 describe*0 actaware*0 nonjudge*0 nonreact*0];
    observe*1 describe*1 actaware*1 nonjudge*1 nonreact*1;
    observe WITH describe*.26 actaware*.15 nonjudge*-.07 nonreact*.16;
    describe WITH actaware*.30 nonjudge*.21 nonreact*.22;
    actaware WITH nonjudge*.34 nonreact*.33;
    nonjudge WITH nonreact*.34;

  OUTPUT:
    TECH9;



INPUT READING TERMINATED NORMALLY



Baer et al. (2006) Table 4 facet-correlation power, N=1750;

SUMMARY OF ANALYSIS

Number of groups                                                 1
Number of observations                                        1750

Number of replications
    Requested                                                 5000
    Completed                                                 5000
Value of seed                                             20262269

Number of dependent variables                                    5
Number of independent variables                                  0
Number of continuous latent variables                            0

Observed dependent variables

  Continuous
   OBSERVE     DESCRIBE    ACTAWARE    NONJUDGE    NONREACT


Estimator                                                       ML
Information matrix                                        OBSERVED
Maximum number of iterations                                  1000
Convergence criterion                                    0.500D-04
Maximum number of steepest descent iterations                   20



SAMPLE STATISTICS FOR THE FIRST REPLICATION


     SAMPLE STATISTICS


           Means
              OBSERVE       DESCRIBE      ACTAWARE      NONJUDGE      NONREACT
              ________      ________      ________      ________      ________
               -0.024        -0.009        -0.001        -0.001        -0.028


           Covariances
              OBSERVE       DESCRIBE      ACTAWARE      NONJUDGE      NONREACT
              ________      ________      ________      ________      ________
 OBSERVE        0.992
 DESCRIBE       0.242         1.020
 ACTAWARE       0.137         0.307         0.989
 NONJUDGE      -0.110         0.233         0.390         1.060
 NONREACT       0.164         0.238         0.328         0.349         1.006


           Correlations
              OBSERVE       DESCRIBE      ACTAWARE      NONJUDGE      NONREACT
              ________      ________      ________      ________      ________
 OBSERVE        1.000
 DESCRIBE       0.241         1.000
 ACTAWARE       0.138         0.305         1.000
 NONJUDGE      -0.107         0.225         0.381         1.000
 NONREACT       0.165         0.235         0.329         0.338         1.000


MODEL FIT INFORMATION

Number of Free Parameters                       20

Loglikelihood

    H0 Value

        Mean                            -11925.083
        Std Dev                             67.444
        Number of successful computations     5000

             Proportions                   Percentiles
        Expected    Observed         Expected       Observed
           0.990       0.992       -12081.978     -12078.999
           0.980       0.982       -12063.593     -12060.538
           0.950       0.952       -12036.022     -12035.121
           0.900       0.902       -12011.519     -12011.054
           0.800       0.797       -11981.844     -11982.550
           0.700       0.691       -11960.451     -11962.161
           0.500       0.495       -11925.083     -11926.143
           0.300       0.303       -11889.715     -11888.694
           0.200       0.200       -11868.322     -11868.253
           0.100       0.107       -11838.647     -11836.633
           0.050       0.051       -11814.144     -11813.829
           0.020       0.020       -11786.573     -11786.314
           0.010       0.009       -11768.188     -11770.639

    H1 Value

        Mean                            -11925.083
        Std Dev                             67.444
        Number of successful computations     5000

             Proportions                   Percentiles
        Expected    Observed         Expected       Observed
           0.990       0.992       -12081.978     -12078.999
           0.980       0.982       -12063.593     -12060.538
           0.950       0.952       -12036.022     -12035.121
           0.900       0.902       -12011.519     -12011.054
           0.800       0.797       -11981.844     -11982.550
           0.700       0.691       -11960.451     -11962.161
           0.500       0.495       -11925.083     -11926.143
           0.300       0.303       -11889.715     -11888.694
           0.200       0.200       -11868.322     -11868.253
           0.100       0.107       -11838.647     -11836.633
           0.050       0.051       -11814.144     -11813.829
           0.020       0.020       -11786.573     -11786.314
           0.010       0.009       -11768.188     -11770.639

Information Criteria

    Akaike (AIC)

        Mean                             23890.166
        Std Dev                            134.888
        Number of successful computations     5000

             Proportions                   Percentiles
        Expected    Observed         Expected       Observed
           0.990       0.991        23576.376      23580.733
           0.980       0.980        23613.147      23612.546
           0.950       0.949        23668.289      23666.812
           0.900       0.893        23717.294      23712.411
           0.800       0.800        23776.644      23776.397
           0.700       0.697        23819.431      23817.369
           0.500       0.505        23890.166      23892.187
           0.300       0.309        23960.902      23964.222
           0.200       0.203        24003.688      24004.745
           0.100       0.098        24063.039      24061.829
           0.050       0.048        24112.044      24109.929
           0.020       0.018        24167.186      24161.025
           0.010       0.008        24203.956      24197.573

    Bayesian (BIC)

        Mean                             23999.514
        Std Dev                            134.888
        Number of successful computations     5000

             Proportions                   Percentiles
        Expected    Observed         Expected       Observed
           0.990       0.991        23685.724      23690.081
           0.980       0.980        23722.494      23721.893
           0.950       0.949        23777.636      23776.159
           0.900       0.893        23826.641      23821.758
           0.800       0.800        23885.992      23885.744
           0.700       0.697        23928.778      23926.717
           0.500       0.505        23999.514      24001.534
           0.300       0.309        24070.249      24073.570
           0.200       0.203        24113.035      24114.093
           0.100       0.098        24172.386      24171.177
           0.050       0.048        24221.391      24219.276
           0.020       0.018        24276.533      24270.372
           0.010       0.008        24313.304      24306.920

    Sample-Size Adjusted BIC (n* = (n + 2) / 24)

        Mean                             23935.975
        Std Dev                            134.888
        Number of successful computations     5000

             Proportions                   Percentiles
        Expected    Observed         Expected       Observed
           0.990       0.991        23622.185      23626.543
           0.980       0.980        23658.956      23658.355
           0.950       0.949        23714.098      23712.621
           0.900       0.893        23763.103      23758.220
           0.800       0.800        23822.454      23822.206
           0.700       0.697        23865.240      23863.178
           0.500       0.505        23935.975      23937.996
           0.300       0.309        24006.711      24010.031
           0.200       0.203        24049.497      24050.555
           0.100       0.098        24108.848      24107.639
           0.050       0.048        24157.853      24155.738
           0.020       0.018        24212.995      24206.834
           0.010       0.008        24249.766      24243.382

Chi-Square Test of Model Fit

        Degrees of freedom                       0

        Mean                                 0.000
        Std Dev                              0.000
        Number of successful computations     5000

             Proportions                   Percentiles
        Expected    Observed         Expected       Observed
           0.990       1.000            0.000          0.000
           0.980       1.000            0.000          0.000
           0.950       1.000            0.000          0.000
           0.900       1.000            0.000          0.000
           0.800       1.000            0.000          0.000
           0.700       1.000            0.000          0.000
           0.500       1.000            0.000          0.000
           0.300       1.000            0.000          0.000
           0.200       1.000            0.000          0.000
           0.100       1.000            0.000          0.000
           0.050       1.000            0.000          0.000
           0.020       1.000            0.000          0.000
           0.010       1.000            0.000          0.000

RMSEA (Root Mean Square Error Of Approximation)

        Mean                                 0.000
        Std Dev                              0.000
        Number of successful computations     5000

             Proportions                   Percentiles
        Expected    Observed         Expected       Observed
           0.990       0.000            0.000          0.000
           0.980       0.000            0.000          0.000
           0.950       0.000            0.000          0.000
           0.900       0.000            0.000          0.000
           0.800       0.000            0.000          0.000
           0.700       0.000            0.000          0.000
           0.500       0.000            0.000          0.000
           0.300       0.000            0.000          0.000
           0.200       0.000            0.000          0.000
           0.100       0.000            0.000          0.000
           0.050       0.000            0.000          0.000
           0.020       0.000            0.000          0.000
           0.010       0.000            0.000          0.000

SRMR (Standardized Root Mean Square Residual)

        Mean                                 0.000
        Std Dev                              0.000
        Number of successful computations     5000

             Proportions                   Percentiles
        Expected    Observed         Expected       Observed
           0.990       0.972            0.000          0.000
           0.980       0.962            0.000          0.000
           0.950       0.937            0.000          0.000
           0.900       0.908            0.000          0.000
           0.800       0.852            0.000          0.000
           0.700       0.771            0.000          0.000
           0.500       0.531            0.000          0.000
           0.300       0.290            0.000          0.000
           0.200       0.181            0.000          0.000
           0.100       0.070            0.000          0.000
           0.050       0.030            0.000          0.000
           0.020       0.007            0.000          0.000
           0.010       0.003            0.000          0.000


MODEL RESULTS

                              ESTIMATES              S. E.     M. S. E.  95%  % Sig
                 Population   Average   Std. Dev.   Average             Cover Coeff
 OBSERVE  WITH
  DESCRIBE            0.260     0.2599     0.0244     0.0247     0.0006 0.950 1.000
  ACTAWARE            0.150     0.1500     0.0239     0.0242     0.0006 0.954 1.000
  NONJUDGE           -0.070    -0.0706     0.0238     0.0240     0.0006 0.954 0.841
  NONREACT            0.160     0.1592     0.0241     0.0242     0.0006 0.950 1.000

 DESCRIBE WITH
  ACTAWARE            0.300     0.3000     0.0249     0.0249     0.0006 0.951 1.000
  NONJUDGE            0.210     0.2096     0.0242     0.0244     0.0006 0.949 1.000
  NONREACT            0.220     0.2197     0.0241     0.0245     0.0006 0.951 1.000

 ACTAWARE WITH
  NONJUDGE            0.340     0.3399     0.0250     0.0252     0.0006 0.956 1.000
  NONREACT            0.330     0.3294     0.0250     0.0251     0.0006 0.950 1.000

 NONJUDGE WITH
  NONREACT            0.340     0.3400     0.0253     0.0252     0.0006 0.949 1.000

 Means
  OBSERVE             0.000     0.0004     0.0240     0.0239     0.0006 0.949 0.051
  DESCRIBE            0.000    -0.0004     0.0243     0.0239     0.0006 0.947 0.053
  ACTAWARE            0.000     0.0005     0.0239     0.0239     0.0006 0.952 0.048
  NONJUDGE            0.000    -0.0002     0.0239     0.0239     0.0006 0.953 0.047
  NONREACT            0.000    -0.0002     0.0236     0.0239     0.0006 0.953 0.047

 Variances
  OBSERVE             1.000     0.9993     0.0338     0.0338     0.0011 0.955 1.000
  DESCRIBE            1.000     0.9994     0.0342     0.0338     0.0012 0.949 1.000
  ACTAWARE            1.000     0.9992     0.0338     0.0338     0.0011 0.946 1.000
  NONJUDGE            1.000     0.9999     0.0339     0.0338     0.0011 0.949 1.000
  NONREACT            1.000     0.9989     0.0338     0.0338     0.0011 0.949 1.000


QUALITY OF NUMERICAL RESULTS

     Average Condition Number for the Information Matrix      0.658E-01
       (ratio of smallest to largest eigenvalue)


TECHNICAL OUTPUT


     PARAMETER SPECIFICATION


           NU
              OBSERVE       DESCRIBE      ACTAWARE      NONJUDGE      NONREACT
              ________      ________      ________      ________      ________
                  1             2             3             4             5


           THETA
              OBSERVE       DESCRIBE      ACTAWARE      NONJUDGE      NONREACT
              ________      ________      ________      ________      ________
 OBSERVE            6
 DESCRIBE           7             8
 ACTAWARE           9            10            11
 NONJUDGE          12            13            14            15
 NONREACT          16            17            18            19            20


     STARTING VALUES


           NU
              OBSERVE       DESCRIBE      ACTAWARE      NONJUDGE      NONREACT
              ________      ________      ________      ________      ________
                0.000         0.000         0.000         0.000         0.000


           THETA
              OBSERVE       DESCRIBE      ACTAWARE      NONJUDGE      NONREACT
              ________      ________      ________      ________      ________
 OBSERVE        1.000
 DESCRIBE       0.260         1.000
 ACTAWARE       0.150         0.300         1.000
 NONJUDGE      -0.070         0.210         0.340         1.000
 NONREACT       0.160         0.220         0.330         0.340         1.000


     POPULATION VALUES


           NU
              OBSERVE       DESCRIBE      ACTAWARE      NONJUDGE      NONREACT
              ________      ________      ________      ________      ________
                0.000         0.000         0.000         0.000         0.000


           THETA
              OBSERVE       DESCRIBE      ACTAWARE      NONJUDGE      NONREACT
              ________      ________      ________      ________      ________
 OBSERVE        1.000
 DESCRIBE       0.260         1.000
 ACTAWARE       0.150         0.300         1.000
 NONJUDGE      -0.070         0.210         0.340         1.000
 NONREACT       0.160         0.220         0.330         0.340         1.000


TECHNICAL 9 OUTPUT

  Error messages for each replication (if any)



     Beginning Time:  18:55:40
        Ending Time:  18:55:51
       Elapsed Time:  00:00:11



MUTHEN & MUTHEN
3463 Stoner Ave.
Los Angeles, CA  90066

Tel: (310) 391-9971
Fax: (310) 391-8971
Web: www.StatModel.com
Support: Support@StatModel.com

Copyright (c) 1998-2019 Muthen & Muthen
