Mplus VERSION 8.3 (Mac)
MUTHEN & MUTHEN
05/19/2026   7:09 PM

INPUT INSTRUCTIONS

  TITLE: Baer et al. (2006) Table 4 facet-correlation power, N=340;

  MONTECARLO:
    NAMES = observe describe actaware nonjudge nonreact;
    NOBSERVATIONS = 340;
    NREPS = 10000;
    SEED = 20260859;

  MODEL POPULATION:
    [observe*0 describe*0 actaware*0 nonjudge*0 nonreact*0];
    observe*1 describe*1 actaware*1 nonjudge*1 nonreact*1;
    observe WITH describe*.26 actaware*.15 nonjudge*-.07 nonreact*.16;
    describe WITH actaware*.30 nonjudge*.21 nonreact*.22;
    actaware WITH nonjudge*.34 nonreact*.33;
    nonjudge WITH nonreact*.34;

  MODEL:
    [observe*0 describe*0 actaware*0 nonjudge*0 nonreact*0];
    observe*1 describe*1 actaware*1 nonjudge*1 nonreact*1;
    observe WITH describe*.26 actaware*.15 nonjudge*-.07 nonreact*.16;
    describe WITH actaware*.30 nonjudge*.21 nonreact*.22;
    actaware WITH nonjudge*.34 nonreact*.33;
    nonjudge WITH nonreact*.34;

  OUTPUT:
    TECH9;



INPUT READING TERMINATED NORMALLY



Baer et al. (2006) Table 4 facet-correlation power, N=340;

SUMMARY OF ANALYSIS

Number of groups                                                 1
Number of observations                                         340

Number of replications
    Requested                                                10000
    Completed                                                10000
Value of seed                                             20260859

Number of dependent variables                                    5
Number of independent variables                                  0
Number of continuous latent variables                            0

Observed dependent variables

  Continuous
   OBSERVE     DESCRIBE    ACTAWARE    NONJUDGE    NONREACT


Estimator                                                       ML
Information matrix                                        OBSERVED
Maximum number of iterations                                  1000
Convergence criterion                                    0.500D-04
Maximum number of steepest descent iterations                   20



SAMPLE STATISTICS FOR THE FIRST REPLICATION


     SAMPLE STATISTICS


           Means
              OBSERVE       DESCRIBE      ACTAWARE      NONJUDGE      NONREACT
              ________      ________      ________      ________      ________
                0.005        -0.105        -0.075         0.009         0.017


           Covariances
              OBSERVE       DESCRIBE      ACTAWARE      NONJUDGE      NONREACT
              ________      ________      ________      ________      ________
 OBSERVE        1.046
 DESCRIBE       0.311         1.017
 ACTAWARE       0.249         0.303         1.093
 NONJUDGE      -0.049         0.200         0.356         0.946
 NONREACT       0.112         0.132         0.374         0.331         0.857


           Correlations
              OBSERVE       DESCRIBE      ACTAWARE      NONJUDGE      NONREACT
              ________      ________      ________      ________      ________
 OBSERVE        1.000
 DESCRIBE       0.302         1.000
 ACTAWARE       0.233         0.288         1.000
 NONJUDGE      -0.050         0.204         0.350         1.000
 NONREACT       0.119         0.141         0.386         0.368         1.000


MODEL FIT INFORMATION

Number of Free Parameters                       20

Loglikelihood

    H0 Value

        Mean                             -2308.458
        Std Dev                             29.225
        Number of successful computations    10000

             Proportions                   Percentiles
        Expected    Observed         Expected       Observed
           0.990       0.992        -2376.445      -2374.943
           0.980       0.983        -2368.478      -2366.955
           0.950       0.953        -2356.531      -2355.554
           0.900       0.903        -2345.913      -2345.437
           0.800       0.798        -2333.054      -2333.344
           0.700       0.692        -2323.784      -2324.493
           0.500       0.495        -2308.458      -2308.832
           0.300       0.302        -2293.133      -2292.895
           0.200       0.199        -2283.862      -2283.978
           0.100       0.101        -2271.003      -2270.752
           0.050       0.053        -2260.386      -2259.595
           0.020       0.023        -2248.439      -2246.956
           0.010       0.011        -2240.472      -2239.337

    H1 Value

        Mean                             -2308.458
        Std Dev                             29.225
        Number of successful computations    10000

             Proportions                   Percentiles
        Expected    Observed         Expected       Observed
           0.990       0.992        -2376.445      -2374.943
           0.980       0.983        -2368.478      -2366.955
           0.950       0.953        -2356.531      -2355.554
           0.900       0.903        -2345.913      -2345.437
           0.800       0.798        -2333.054      -2333.344
           0.700       0.692        -2323.784      -2324.493
           0.500       0.495        -2308.458      -2308.832
           0.300       0.302        -2293.133      -2292.895
           0.200       0.199        -2283.862      -2283.978
           0.100       0.101        -2271.003      -2270.752
           0.050       0.053        -2260.386      -2259.595
           0.020       0.023        -2248.439      -2246.956
           0.010       0.011        -2240.472      -2239.337

Information Criteria

    Akaike (AIC)

        Mean                              4656.917
        Std Dev                             58.450
        Number of successful computations    10000

             Proportions                   Percentiles
        Expected    Observed         Expected       Observed
           0.990       0.989         4520.944       4518.533
           0.980       0.977         4536.877       4533.794
           0.950       0.947         4560.772       4559.184
           0.900       0.899         4582.007       4581.443
           0.800       0.801         4607.725       4607.892
           0.700       0.698         4626.265       4625.783
           0.500       0.505         4656.917       4657.626
           0.300       0.308         4687.568       4688.974
           0.200       0.202         4706.108       4706.610
           0.100       0.097         4731.827       4730.829
           0.050       0.047         4753.062       4751.031
           0.020       0.017         4776.956       4773.767
           0.010       0.009         4792.890       4789.774

    Bayesian (BIC)

        Mean                              4733.496
        Std Dev                             58.450
        Number of successful computations    10000

             Proportions                   Percentiles
        Expected    Observed         Expected       Observed
           0.990       0.989         4597.523       4595.112
           0.980       0.977         4613.456       4610.373
           0.950       0.947         4637.351       4635.762
           0.900       0.899         4658.586       4658.022
           0.800       0.801         4684.304       4684.471
           0.700       0.698         4702.844       4702.362
           0.500       0.505         4733.496       4734.205
           0.300       0.308         4764.147       4765.553
           0.200       0.202         4782.687       4783.189
           0.100       0.097         4808.406       4807.408
           0.050       0.047         4829.641       4827.610
           0.020       0.017         4853.535       4850.346
           0.010       0.009         4869.469       4866.353

    Sample-Size Adjusted BIC (n* = (n + 2) / 24)

        Mean                              4670.052
        Std Dev                             58.450
        Number of successful computations    10000

             Proportions                   Percentiles
        Expected    Observed         Expected       Observed
           0.990       0.989         4534.079       4531.668
           0.980       0.977         4550.012       4546.929
           0.950       0.947         4573.907       4572.319
           0.900       0.899         4595.142       4594.578
           0.800       0.801         4620.860       4621.027
           0.700       0.698         4639.400       4638.918
           0.500       0.505         4670.052       4670.761
           0.300       0.308         4700.703       4702.109
           0.200       0.202         4719.244       4719.745
           0.100       0.097         4744.962       4743.964
           0.050       0.047         4766.197       4764.166
           0.020       0.017         4790.091       4786.902
           0.010       0.009         4806.025       4802.909

Chi-Square Test of Model Fit

        Degrees of freedom                       0

        Mean                                 0.000
        Std Dev                              0.000
        Number of successful computations    10000

             Proportions                   Percentiles
        Expected    Observed         Expected       Observed
           0.990       1.000            0.000          0.000
           0.980       1.000            0.000          0.000
           0.950       1.000            0.000          0.000
           0.900       1.000            0.000          0.000
           0.800       1.000            0.000          0.000
           0.700       1.000            0.000          0.000
           0.500       1.000            0.000          0.000
           0.300       1.000            0.000          0.000
           0.200       1.000            0.000          0.000
           0.100       1.000            0.000          0.000
           0.050       1.000            0.000          0.000
           0.020       1.000            0.000          0.000
           0.010       1.000            0.000          0.000

RMSEA (Root Mean Square Error Of Approximation)

        Mean                                 0.000
        Std Dev                              0.000
        Number of successful computations    10000

             Proportions                   Percentiles
        Expected    Observed         Expected       Observed
           0.990       0.000            0.000          0.000
           0.980       0.000            0.000          0.000
           0.950       0.000            0.000          0.000
           0.900       0.000            0.000          0.000
           0.800       0.000            0.000          0.000
           0.700       0.000            0.000          0.000
           0.500       0.000            0.000          0.000
           0.300       0.000            0.000          0.000
           0.200       0.000            0.000          0.000
           0.100       0.000            0.000          0.000
           0.050       0.000            0.000          0.000
           0.020       0.000            0.000          0.000
           0.010       0.000            0.000          0.000

SRMR (Standardized Root Mean Square Residual)

        Mean                                 0.000
        Std Dev                              0.000
        Number of successful computations    10000

             Proportions                   Percentiles
        Expected    Observed         Expected       Observed
           0.990       0.982            0.000          0.000
           0.980       0.976            0.000          0.000
           0.950       0.961            0.000          0.000
           0.900       0.932            0.000          0.000
           0.800       0.855            0.000          0.000
           0.700       0.757            0.000          0.000
           0.500       0.524            0.000          0.000
           0.300       0.284            0.000          0.000
           0.200       0.168            0.000          0.000
           0.100       0.071            0.000          0.000
           0.050       0.031            0.000          0.000
           0.020       0.011            0.000          0.000
           0.010       0.005            0.000          0.000


MODEL RESULTS

                              ESTIMATES              S. E.     M. S. E.  95%  % Sig
                 Population   Average   Std. Dev.   Average             Cover Coeff
 OBSERVE  WITH
  DESCRIBE            0.260     0.2597     0.0562     0.0559     0.0032 0.948 0.998
  ACTAWARE            0.150     0.1498     0.0546     0.0547     0.0030 0.951 0.793
  NONJUDGE           -0.070    -0.0700     0.0539     0.0542     0.0029 0.951 0.249
  NONREACT            0.160     0.1589     0.0545     0.0547     0.0030 0.954 0.840

 DESCRIBE WITH
  ACTAWARE            0.300     0.2993     0.0564     0.0564     0.0032 0.951 1.000
  NONJUDGE            0.210     0.2097     0.0551     0.0552     0.0030 0.951 0.977
  NONREACT            0.220     0.2195     0.0549     0.0553     0.0030 0.953 0.984

 ACTAWARE WITH
  NONJUDGE            0.340     0.3389     0.0572     0.0571     0.0033 0.947 1.000
  NONREACT            0.330     0.3287     0.0564     0.0569     0.0032 0.953 1.000

 NONJUDGE WITH
  NONREACT            0.340     0.3390     0.0570     0.0571     0.0033 0.949 1.000

 Means
  OBSERVE             0.000     0.0005     0.0543     0.0541     0.0030 0.951 0.049
  DESCRIBE            0.000     0.0007     0.0541     0.0541     0.0029 0.952 0.048
  ACTAWARE            0.000     0.0000     0.0532     0.0541     0.0028 0.951 0.049
  NONJUDGE            0.000    -0.0007     0.0540     0.0541     0.0029 0.947 0.053
  NONREACT            0.000    -0.0001     0.0546     0.0541     0.0030 0.950 0.050

 Variances
  OBSERVE             1.000     0.9973     0.0770     0.0765     0.0059 0.944 1.000
  DESCRIBE            1.000     0.9968     0.0760     0.0765     0.0058 0.947 1.000
  ACTAWARE            1.000     0.9964     0.0767     0.0764     0.0059 0.943 1.000
  NONJUDGE            1.000     0.9965     0.0765     0.0764     0.0059 0.945 1.000
  NONREACT            1.000     0.9965     0.0754     0.0764     0.0057 0.949 1.000


QUALITY OF NUMERICAL RESULTS

     Average Condition Number for the Information Matrix      0.599E-01
       (ratio of smallest to largest eigenvalue)


TECHNICAL OUTPUT


     PARAMETER SPECIFICATION


           NU
              OBSERVE       DESCRIBE      ACTAWARE      NONJUDGE      NONREACT
              ________      ________      ________      ________      ________
                  1             2             3             4             5


           THETA
              OBSERVE       DESCRIBE      ACTAWARE      NONJUDGE      NONREACT
              ________      ________      ________      ________      ________
 OBSERVE            6
 DESCRIBE           7             8
 ACTAWARE           9            10            11
 NONJUDGE          12            13            14            15
 NONREACT          16            17            18            19            20


     STARTING VALUES


           NU
              OBSERVE       DESCRIBE      ACTAWARE      NONJUDGE      NONREACT
              ________      ________      ________      ________      ________
                0.000         0.000         0.000         0.000         0.000


           THETA
              OBSERVE       DESCRIBE      ACTAWARE      NONJUDGE      NONREACT
              ________      ________      ________      ________      ________
 OBSERVE        1.000
 DESCRIBE       0.260         1.000
 ACTAWARE       0.150         0.300         1.000
 NONJUDGE      -0.070         0.210         0.340         1.000
 NONREACT       0.160         0.220         0.330         0.340         1.000


     POPULATION VALUES


           NU
              OBSERVE       DESCRIBE      ACTAWARE      NONJUDGE      NONREACT
              ________      ________      ________      ________      ________
                0.000         0.000         0.000         0.000         0.000


           THETA
              OBSERVE       DESCRIBE      ACTAWARE      NONJUDGE      NONREACT
              ________      ________      ________      ________      ________
 OBSERVE        1.000
 DESCRIBE       0.260         1.000
 ACTAWARE       0.150         0.300         1.000
 NONJUDGE      -0.070         0.210         0.340         1.000
 NONREACT       0.160         0.220         0.330         0.340         1.000


TECHNICAL 9 OUTPUT

  Error messages for each replication (if any)



     Beginning Time:  19:09:53
        Ending Time:  19:10:00
       Elapsed Time:  00:00:07



MUTHEN & MUTHEN
3463 Stoner Ave.
Los Angeles, CA  90066

Tel: (310) 391-9971
Fax: (310) 391-8971
Web: www.StatModel.com
Support: Support@StatModel.com

Copyright (c) 1998-2019 Muthen & Muthen
