Mplus VERSION 8.3 (Mac)
MUTHEN & MUTHEN
05/19/2026   6:54 PM

INPUT INSTRUCTIONS

  TITLE: Baer et al. (2006) Table 4 facet-correlation power, N=600;

  MONTECARLO:
    NAMES = observe describe actaware nonjudge nonreact;
    NOBSERVATIONS = 600;
    NREPS = 5000;
    SEED = 20261119;

  MODEL POPULATION:
    [observe*0 describe*0 actaware*0 nonjudge*0 nonreact*0];
    observe*1 describe*1 actaware*1 nonjudge*1 nonreact*1;
    observe WITH describe*.26 actaware*.15 nonjudge*-.07 nonreact*.16;
    describe WITH actaware*.30 nonjudge*.21 nonreact*.22;
    actaware WITH nonjudge*.34 nonreact*.33;
    nonjudge WITH nonreact*.34;

  MODEL:
    [observe*0 describe*0 actaware*0 nonjudge*0 nonreact*0];
    observe*1 describe*1 actaware*1 nonjudge*1 nonreact*1;
    observe WITH describe*.26 actaware*.15 nonjudge*-.07 nonreact*.16;
    describe WITH actaware*.30 nonjudge*.21 nonreact*.22;
    actaware WITH nonjudge*.34 nonreact*.33;
    nonjudge WITH nonreact*.34;

  OUTPUT:
    TECH9;



INPUT READING TERMINATED NORMALLY



Baer et al. (2006) Table 4 facet-correlation power, N=600;

SUMMARY OF ANALYSIS

Number of groups                                                 1
Number of observations                                         600

Number of replications
    Requested                                                 5000
    Completed                                                 5000
Value of seed                                             20261119

Number of dependent variables                                    5
Number of independent variables                                  0
Number of continuous latent variables                            0

Observed dependent variables

  Continuous
   OBSERVE     DESCRIBE    ACTAWARE    NONJUDGE    NONREACT


Estimator                                                       ML
Information matrix                                        OBSERVED
Maximum number of iterations                                  1000
Convergence criterion                                    0.500D-04
Maximum number of steepest descent iterations                   20



SAMPLE STATISTICS FOR THE FIRST REPLICATION


     SAMPLE STATISTICS


           Means
              OBSERVE       DESCRIBE      ACTAWARE      NONJUDGE      NONREACT
              ________      ________      ________      ________      ________
                0.072         0.094         0.040         0.054         0.038


           Covariances
              OBSERVE       DESCRIBE      ACTAWARE      NONJUDGE      NONREACT
              ________      ________      ________      ________      ________
 OBSERVE        1.013
 DESCRIBE       0.231         0.918
 ACTAWARE       0.158         0.330         1.048
 NONJUDGE      -0.045         0.246         0.389         1.047
 NONREACT       0.191         0.280         0.394         0.343         1.065


           Correlations
              OBSERVE       DESCRIBE      ACTAWARE      NONJUDGE      NONREACT
              ________      ________      ________      ________      ________
 OBSERVE        1.000
 DESCRIBE       0.240         1.000
 ACTAWARE       0.153         0.336         1.000
 NONJUDGE      -0.044         0.251         0.372         1.000
 NONREACT       0.183         0.283         0.373         0.325         1.000


MODEL FIT INFORMATION

Number of Free Parameters                       20

Loglikelihood

    H0 Value

        Mean                             -4081.648
        Std Dev                             38.901
        Number of successful computations     5000

             Proportions                   Percentiles
        Expected    Observed         Expected       Observed
           0.990       0.992        -4172.144      -4170.932
           0.980       0.983        -4161.539      -4159.633
           0.950       0.950        -4145.637      -4145.833
           0.900       0.899        -4131.504      -4131.603
           0.800       0.797        -4114.387      -4114.673
           0.700       0.697        -4102.048      -4102.381
           0.500       0.499        -4081.648      -4081.731
           0.300       0.295        -4061.249      -4061.670
           0.200       0.208        -4048.909      -4047.965
           0.100       0.102        -4031.793      -4031.364
           0.050       0.051        -4017.660      -4017.082
           0.020       0.019        -4001.758      -4002.828
           0.010       0.011        -3991.153      -3990.418

    H1 Value

        Mean                             -4081.648
        Std Dev                             38.901
        Number of successful computations     5000

             Proportions                   Percentiles
        Expected    Observed         Expected       Observed
           0.990       0.992        -4172.144      -4170.932
           0.980       0.983        -4161.539      -4159.633
           0.950       0.950        -4145.637      -4145.833
           0.900       0.899        -4131.504      -4131.603
           0.800       0.797        -4114.387      -4114.673
           0.700       0.697        -4102.048      -4102.381
           0.500       0.499        -4081.648      -4081.731
           0.300       0.295        -4061.249      -4061.670
           0.200       0.208        -4048.909      -4047.965
           0.100       0.102        -4031.793      -4031.364
           0.050       0.051        -4017.660      -4017.082
           0.020       0.019        -4001.758      -4002.828
           0.010       0.011        -3991.153      -3990.418

Information Criteria

    Akaike (AIC)

        Mean                              8203.297
        Std Dev                             77.802
        Number of successful computations     5000

             Proportions                   Percentiles
        Expected    Observed         Expected       Observed
           0.990       0.989         8022.306       8020.428
           0.980       0.981         8043.515       8045.433
           0.950       0.949         8075.321       8074.020
           0.900       0.898         8103.586       8102.594
           0.800       0.792         8137.819       8135.722
           0.700       0.705         8162.498       8163.276
           0.500       0.501         8203.297       8203.433
           0.300       0.303         8244.096       8244.758
           0.200       0.203         8268.775       8269.343
           0.100       0.101         8303.008       8303.135
           0.050       0.050         8331.273       8331.641
           0.020       0.017         8363.079       8359.024
           0.010       0.008         8384.287       8381.199

    Bayesian (BIC)

        Mean                              8291.236
        Std Dev                             77.802
        Number of successful computations     5000

             Proportions                   Percentiles
        Expected    Observed         Expected       Observed
           0.990       0.989         8110.245       8108.366
           0.980       0.981         8131.454       8133.372
           0.950       0.949         8163.259       8161.958
           0.900       0.898         8191.525       8190.533
           0.800       0.792         8225.757       8223.661
           0.700       0.705         8250.436       8251.215
           0.500       0.501         8291.236       8291.371
           0.300       0.303         8332.035       8332.697
           0.200       0.203         8356.714       8357.281
           0.100       0.101         8390.946       8391.074
           0.050       0.050         8419.212       8419.580
           0.020       0.017         8451.017       8446.962
           0.010       0.008         8472.226       8469.137

    Sample-Size Adjusted BIC (n* = (n + 2) / 24)

        Mean                              8227.741
        Std Dev                             77.802
        Number of successful computations     5000

             Proportions                   Percentiles
        Expected    Observed         Expected       Observed
           0.990       0.989         8046.750       8044.872
           0.980       0.981         8067.959       8069.877
           0.950       0.949         8099.765       8098.464
           0.900       0.898         8128.030       8127.038
           0.800       0.792         8162.263       8160.166
           0.700       0.705         8186.942       8187.720
           0.500       0.501         8227.741       8227.877
           0.300       0.303         8268.540       8269.202
           0.200       0.203         8293.219       8293.787
           0.100       0.101         8327.452       8327.579
           0.050       0.050         8355.717       8356.085
           0.020       0.017         8387.523       8383.468
           0.010       0.008         8408.732       8405.643

Chi-Square Test of Model Fit

        Degrees of freedom                       0

        Mean                                 0.000
        Std Dev                              0.000
        Number of successful computations     5000

             Proportions                   Percentiles
        Expected    Observed         Expected       Observed
           0.990       1.000            0.000          0.000
           0.980       1.000            0.000          0.000
           0.950       1.000            0.000          0.000
           0.900       1.000            0.000          0.000
           0.800       1.000            0.000          0.000
           0.700       1.000            0.000          0.000
           0.500       1.000            0.000          0.000
           0.300       1.000            0.000          0.000
           0.200       1.000            0.000          0.000
           0.100       1.000            0.000          0.000
           0.050       1.000            0.000          0.000
           0.020       1.000            0.000          0.000
           0.010       1.000            0.000          0.000

RMSEA (Root Mean Square Error Of Approximation)

        Mean                                 0.000
        Std Dev                              0.000
        Number of successful computations     5000

             Proportions                   Percentiles
        Expected    Observed         Expected       Observed
           0.990       0.000            0.000          0.000
           0.980       0.000            0.000          0.000
           0.950       0.000            0.000          0.000
           0.900       0.000            0.000          0.000
           0.800       0.000            0.000          0.000
           0.700       0.000            0.000          0.000
           0.500       0.000            0.000          0.000
           0.300       0.000            0.000          0.000
           0.200       0.000            0.000          0.000
           0.100       0.000            0.000          0.000
           0.050       0.000            0.000          0.000
           0.020       0.000            0.000          0.000
           0.010       0.000            0.000          0.000

SRMR (Standardized Root Mean Square Residual)

        Mean                                 0.000
        Std Dev                              0.000
        Number of successful computations     5000

             Proportions                   Percentiles
        Expected    Observed         Expected       Observed
           0.990       0.982            0.000          0.000
           0.980       0.973            0.000          0.000
           0.950       0.954            0.000          0.000
           0.900       0.927            0.000          0.000
           0.800       0.857            0.000          0.000
           0.700       0.762            0.000          0.000
           0.500       0.524            0.000          0.000
           0.300       0.287            0.000          0.000
           0.200       0.171            0.000          0.000
           0.100       0.074            0.000          0.000
           0.050       0.028            0.000          0.000
           0.020       0.010            0.000          0.000
           0.010       0.004            0.000          0.000


MODEL RESULTS

                              ESTIMATES              S. E.     M. S. E.  95%  % Sig
                 Population   Average   Std. Dev.   Average             Cover Coeff
 OBSERVE  WITH
  DESCRIBE            0.260     0.2595     0.0422     0.0421     0.0018 0.951 1.000
  ACTAWARE            0.150     0.1496     0.0407     0.0412     0.0017 0.956 0.960
  NONJUDGE           -0.070    -0.0695     0.0408     0.0408     0.0017 0.952 0.397
  NONREACT            0.160     0.1600     0.0414     0.0413     0.0017 0.951 0.973

 DESCRIBE WITH
  ACTAWARE            0.300     0.2985     0.0418     0.0425     0.0017 0.955 1.000
  NONJUDGE            0.210     0.2089     0.0420     0.0416     0.0018 0.948 0.999
  NONREACT            0.220     0.2186     0.0420     0.0417     0.0018 0.951 1.000

 ACTAWARE WITH
  NONJUDGE            0.340     0.3393     0.0434     0.0430     0.0019 0.945 1.000
  NONREACT            0.330     0.3287     0.0423     0.0429     0.0018 0.948 1.000

 NONJUDGE WITH
  NONREACT            0.340     0.3383     0.0427     0.0430     0.0018 0.951 1.000

 Means
  OBSERVE             0.000     0.0014     0.0399     0.0408     0.0016 0.955 0.045
  DESCRIBE            0.000     0.0004     0.0399     0.0407     0.0016 0.953 0.047
  ACTAWARE            0.000    -0.0001     0.0411     0.0408     0.0017 0.948 0.052
  NONJUDGE            0.000    -0.0005     0.0406     0.0407     0.0017 0.952 0.048
  NONREACT            0.000     0.0002     0.0412     0.0408     0.0017 0.949 0.051

 Variances
  OBSERVE             1.000     0.9989     0.0567     0.0577     0.0032 0.947 1.000
  DESCRIBE            1.000     0.9965     0.0581     0.0575     0.0034 0.944 1.000
  ACTAWARE            1.000     0.9983     0.0584     0.0576     0.0034 0.945 1.000
  NONJUDGE            1.000     0.9963     0.0568     0.0575     0.0032 0.944 1.000
  NONREACT            1.000     0.9985     0.0581     0.0576     0.0034 0.950 1.000


QUALITY OF NUMERICAL RESULTS

     Average Condition Number for the Information Matrix      0.522E-01
       (ratio of smallest to largest eigenvalue)


TECHNICAL OUTPUT


     PARAMETER SPECIFICATION


           NU
              OBSERVE       DESCRIBE      ACTAWARE      NONJUDGE      NONREACT
              ________      ________      ________      ________      ________
                  1             2             3             4             5


           THETA
              OBSERVE       DESCRIBE      ACTAWARE      NONJUDGE      NONREACT
              ________      ________      ________      ________      ________
 OBSERVE            6
 DESCRIBE           7             8
 ACTAWARE           9            10            11
 NONJUDGE          12            13            14            15
 NONREACT          16            17            18            19            20


     STARTING VALUES


           NU
              OBSERVE       DESCRIBE      ACTAWARE      NONJUDGE      NONREACT
              ________      ________      ________      ________      ________
                0.000         0.000         0.000         0.000         0.000


           THETA
              OBSERVE       DESCRIBE      ACTAWARE      NONJUDGE      NONREACT
              ________      ________      ________      ________      ________
 OBSERVE        1.000
 DESCRIBE       0.260         1.000
 ACTAWARE       0.150         0.300         1.000
 NONJUDGE      -0.070         0.210         0.340         1.000
 NONREACT       0.160         0.220         0.330         0.340         1.000


     POPULATION VALUES


           NU
              OBSERVE       DESCRIBE      ACTAWARE      NONJUDGE      NONREACT
              ________      ________      ________      ________      ________
                0.000         0.000         0.000         0.000         0.000


           THETA
              OBSERVE       DESCRIBE      ACTAWARE      NONJUDGE      NONREACT
              ________      ________      ________      ________      ________
 OBSERVE        1.000
 DESCRIBE       0.260         1.000
 ACTAWARE       0.150         0.300         1.000
 NONJUDGE      -0.070         0.210         0.340         1.000
 NONREACT       0.160         0.220         0.330         0.340         1.000


TECHNICAL 9 OUTPUT

  Error messages for each replication (if any)



     Beginning Time:  18:54:13
        Ending Time:  18:54:18
       Elapsed Time:  00:00:05



MUTHEN & MUTHEN
3463 Stoner Ave.
Los Angeles, CA  90066

Tel: (310) 391-9971
Fax: (310) 391-8971
Web: www.StatModel.com
Support: Support@StatModel.com

Copyright (c) 1998-2019 Muthen & Muthen
