Mplus VERSION 8.3 (Mac)
MUTHEN & MUTHEN
05/19/2026   7:08 PM

INPUT INSTRUCTIONS

  TITLE: Baer et al. (2006) Table 4 facet-correlation power, N=70;

  MONTECARLO:
    NAMES = observe describe actaware nonjudge nonreact;
    NOBSERVATIONS = 70;
    NREPS = 10000;
    SEED = 20260589;

  MODEL POPULATION:
    [observe*0 describe*0 actaware*0 nonjudge*0 nonreact*0];
    observe*1 describe*1 actaware*1 nonjudge*1 nonreact*1;
    observe WITH describe*.26 actaware*.15 nonjudge*-.07 nonreact*.16;
    describe WITH actaware*.30 nonjudge*.21 nonreact*.22;
    actaware WITH nonjudge*.34 nonreact*.33;
    nonjudge WITH nonreact*.34;

  MODEL:
    [observe*0 describe*0 actaware*0 nonjudge*0 nonreact*0];
    observe*1 describe*1 actaware*1 nonjudge*1 nonreact*1;
    observe WITH describe*.26 actaware*.15 nonjudge*-.07 nonreact*.16;
    describe WITH actaware*.30 nonjudge*.21 nonreact*.22;
    actaware WITH nonjudge*.34 nonreact*.33;
    nonjudge WITH nonreact*.34;

  OUTPUT:
    TECH9;



INPUT READING TERMINATED NORMALLY



Baer et al. (2006) Table 4 facet-correlation power, N=70;

SUMMARY OF ANALYSIS

Number of groups                                                 1
Number of observations                                          70

Number of replications
    Requested                                                10000
    Completed                                                10000
Value of seed                                             20260589

Number of dependent variables                                    5
Number of independent variables                                  0
Number of continuous latent variables                            0

Observed dependent variables

  Continuous
   OBSERVE     DESCRIBE    ACTAWARE    NONJUDGE    NONREACT


Estimator                                                       ML
Information matrix                                        OBSERVED
Maximum number of iterations                                  1000
Convergence criterion                                    0.500D-04
Maximum number of steepest descent iterations                   20



SAMPLE STATISTICS FOR THE FIRST REPLICATION


     SAMPLE STATISTICS


           Means
              OBSERVE       DESCRIBE      ACTAWARE      NONJUDGE      NONREACT
              ________      ________      ________      ________      ________
                0.235         0.200        -0.032        -0.032        -0.024


           Covariances
              OBSERVE       DESCRIBE      ACTAWARE      NONJUDGE      NONREACT
              ________      ________      ________      ________      ________
 OBSERVE        0.641
 DESCRIBE       0.109         0.996
 ACTAWARE       0.123         0.372         0.943
 NONJUDGE      -0.011         0.397         0.452         0.964
 NONREACT       0.122         0.224         0.382         0.334         0.766


           Correlations
              OBSERVE       DESCRIBE      ACTAWARE      NONJUDGE      NONREACT
              ________      ________      ________      ________      ________
 OBSERVE        1.000
 DESCRIBE       0.136         1.000
 ACTAWARE       0.158         0.384         1.000
 NONJUDGE      -0.014         0.406         0.474         1.000
 NONREACT       0.174         0.257         0.449         0.388         1.000


MODEL FIT INFORMATION

Number of Free Parameters                       20

Loglikelihood

    H0 Value

        Mean                              -467.096
        Std Dev                             13.638
        Number of successful computations    10000

             Proportions                   Percentiles
        Expected    Observed         Expected       Observed
           0.990       0.991         -498.822       -498.526
           0.980       0.983         -495.104       -494.189
           0.950       0.954         -489.529       -488.979
           0.900       0.903         -484.575       -484.334
           0.800       0.798         -478.574       -478.684
           0.700       0.695         -474.248       -474.398
           0.500       0.497         -467.096       -467.182
           0.300       0.297         -459.945       -460.094
           0.200       0.195         -455.619       -455.833
           0.100       0.101         -449.618       -449.542
           0.050       0.053         -444.664       -444.297
           0.020       0.021         -439.089       -438.808
           0.010       0.012         -435.371       -434.430

    H1 Value

        Mean                              -467.096
        Std Dev                             13.638
        Number of successful computations    10000

             Proportions                   Percentiles
        Expected    Observed         Expected       Observed
           0.990       0.991         -498.822       -498.526
           0.980       0.983         -495.104       -494.189
           0.950       0.954         -489.529       -488.979
           0.900       0.903         -484.575       -484.334
           0.800       0.798         -478.574       -478.684
           0.700       0.695         -474.248       -474.398
           0.500       0.497         -467.096       -467.182
           0.300       0.297         -459.945       -460.094
           0.200       0.195         -455.619       -455.833
           0.100       0.101         -449.618       -449.542
           0.050       0.053         -444.664       -444.297
           0.020       0.021         -439.089       -438.808
           0.010       0.012         -435.371       -434.430

Information Criteria

    Akaike (AIC)

        Mean                               974.193
        Std Dev                             27.275
        Number of successful computations    10000

             Proportions                   Percentiles
        Expected    Observed         Expected       Observed
           0.990       0.988          910.742        908.838
           0.980       0.979          918.177        917.610
           0.950       0.947          929.327        928.594
           0.900       0.899          939.236        939.078
           0.800       0.805          951.238        951.657
           0.700       0.703          959.889        960.188
           0.500       0.503          974.193        974.358
           0.300       0.305          988.496        988.796
           0.200       0.202          997.148        997.346
           0.100       0.097         1009.149       1008.654
           0.050       0.046         1019.058       1017.950
           0.020       0.017         1030.208       1028.300
           0.010       0.009         1037.644       1037.013

    Bayesian (BIC)

        Mean                              1019.163
        Std Dev                             27.275
        Number of successful computations    10000

             Proportions                   Percentiles
        Expected    Observed         Expected       Observed
           0.990       0.988          955.712        953.807
           0.980       0.979          963.147        962.580
           0.950       0.947          974.297        973.564
           0.900       0.899          984.206        984.048
           0.800       0.805          996.208        996.627
           0.700       0.703         1004.859       1005.157
           0.500       0.503         1019.163       1019.328
           0.300       0.305         1033.466       1033.766
           0.200       0.202         1042.118       1042.316
           0.100       0.097         1054.119       1053.624
           0.050       0.046         1064.028       1062.920
           0.020       0.017         1075.178       1073.270
           0.010       0.009         1082.614       1081.983

    Sample-Size Adjusted BIC (n* = (n + 2) / 24)

        Mean                               956.165
        Std Dev                             27.275
        Number of successful computations    10000

             Proportions                   Percentiles
        Expected    Observed         Expected       Observed
           0.990       0.988          892.714        890.810
           0.980       0.979          900.149        899.582
           0.950       0.947          911.300        910.567
           0.900       0.899          921.209        921.051
           0.800       0.805          933.210        933.629
           0.700       0.703          941.862        942.160
           0.500       0.503          956.165        956.330
           0.300       0.305          970.468        970.769
           0.200       0.202          979.120        979.318
           0.100       0.097          991.121        990.626
           0.050       0.046         1001.030        999.922
           0.020       0.017         1012.181       1010.273
           0.010       0.009         1019.616       1018.985

Chi-Square Test of Model Fit

        Degrees of freedom                       0

        Mean                                 0.000
        Std Dev                              0.000
        Number of successful computations    10000

             Proportions                   Percentiles
        Expected    Observed         Expected       Observed
           0.990       1.000            0.000          0.000
           0.980       1.000            0.000          0.000
           0.950       1.000            0.000          0.000
           0.900       1.000            0.000          0.000
           0.800       1.000            0.000          0.000
           0.700       1.000            0.000          0.000
           0.500       1.000            0.000          0.000
           0.300       1.000            0.000          0.000
           0.200       1.000            0.000          0.000
           0.100       1.000            0.000          0.000
           0.050       1.000            0.000          0.000
           0.020       1.000            0.000          0.000
           0.010       1.000            0.000          0.000

RMSEA (Root Mean Square Error Of Approximation)

        Mean                                 0.000
        Std Dev                              0.000
        Number of successful computations    10000

             Proportions                   Percentiles
        Expected    Observed         Expected       Observed
           0.990       0.000            0.000          0.000
           0.980       0.000            0.000          0.000
           0.950       0.000            0.000          0.000
           0.900       0.000            0.000          0.000
           0.800       0.000            0.000          0.000
           0.700       0.000            0.000          0.000
           0.500       0.000            0.000          0.000
           0.300       0.000            0.000          0.000
           0.200       0.000            0.000          0.000
           0.100       0.000            0.000          0.000
           0.050       0.000            0.000          0.000
           0.020       0.000            0.000          0.000
           0.010       0.000            0.000          0.000

SRMR (Standardized Root Mean Square Residual)

        Mean                                 0.000
        Std Dev                              0.000
        Number of successful computations    10000

             Proportions                   Percentiles
        Expected    Observed         Expected       Observed
           0.990       1.000            0.000          0.000
           0.980       0.977            0.000          0.000
           0.950       0.871            0.000          0.000
           0.900       0.867            0.000          0.000
           0.800       0.847            0.000          0.000
           0.700       0.772            0.000          0.000
           0.500       0.541            0.000          0.000
           0.300       0.296            0.000          0.000
           0.200       0.185            0.000          0.000
           0.100       0.078            0.000          0.000
           0.050       0.037            0.000          0.000
           0.020       0.013            0.000          0.000
           0.010       0.006            0.000          0.000


MODEL RESULTS

                              ESTIMATES              S. E.     M. S. E.  95%  % Sig
                 Population   Average   Std. Dev.   Average             Cover Coeff
 OBSERVE  WITH
  DESCRIBE            0.260     0.2558     0.1221     0.1216     0.0149 0.949 0.571
  ACTAWARE            0.150     0.1473     0.1193     0.1191     0.0142 0.951 0.217
  NONJUDGE           -0.070    -0.0684     0.1185     0.1181     0.0140 0.957 0.078
  NONREACT            0.160     0.1581     0.1216     0.1193     0.0148 0.949 0.252

 DESCRIBE WITH
  ACTAWARE            0.300     0.2966     0.1238     0.1229     0.0153 0.945 0.708
  NONJUDGE            0.210     0.2074     0.1215     0.1203     0.0148 0.953 0.405
  NONREACT            0.220     0.2165     0.1221     0.1205     0.0149 0.950 0.435

 ACTAWARE WITH
  NONJUDGE            0.340     0.3366     0.1252     0.1243     0.0157 0.946 0.825
  NONREACT            0.330     0.3251     0.1252     0.1239     0.0157 0.943 0.789

 NONJUDGE WITH
  NONREACT            0.340     0.3339     0.1249     0.1242     0.0156 0.943 0.814

 Means
  OBSERVE             0.000    -0.0018     0.1193     0.1183     0.0142 0.943 0.057
  DESCRIBE            0.000    -0.0019     0.1198     0.1182     0.0144 0.942 0.058
  ACTAWARE            0.000    -0.0010     0.1196     0.1183     0.0143 0.943 0.057
  NONJUDGE            0.000    -0.0018     0.1201     0.1182     0.0144 0.941 0.059
  NONREACT            0.000    -0.0027     0.1188     0.1182     0.0141 0.947 0.053

 Variances
  OBSERVE             1.000     0.9867     0.1693     0.1668     0.0289 0.922 1.000
  DESCRIBE            1.000     0.9851     0.1674     0.1665     0.0282 0.926 1.000
  ACTAWARE            1.000     0.9860     0.1681     0.1667     0.0285 0.925 1.000
  NONJUDGE            1.000     0.9853     0.1683     0.1665     0.0285 0.924 1.000
  NONREACT            1.000     0.9855     0.1657     0.1666     0.0277 0.928 1.000


QUALITY OF NUMERICAL RESULTS

     Average Condition Number for the Information Matrix      0.513E-01
       (ratio of smallest to largest eigenvalue)


TECHNICAL OUTPUT


     PARAMETER SPECIFICATION


           NU
              OBSERVE       DESCRIBE      ACTAWARE      NONJUDGE      NONREACT
              ________      ________      ________      ________      ________
                  1             2             3             4             5


           THETA
              OBSERVE       DESCRIBE      ACTAWARE      NONJUDGE      NONREACT
              ________      ________      ________      ________      ________
 OBSERVE            6
 DESCRIBE           7             8
 ACTAWARE           9            10            11
 NONJUDGE          12            13            14            15
 NONREACT          16            17            18            19            20


     STARTING VALUES


           NU
              OBSERVE       DESCRIBE      ACTAWARE      NONJUDGE      NONREACT
              ________      ________      ________      ________      ________
                0.000         0.000         0.000         0.000         0.000


           THETA
              OBSERVE       DESCRIBE      ACTAWARE      NONJUDGE      NONREACT
              ________      ________      ________      ________      ________
 OBSERVE        1.000
 DESCRIBE       0.260         1.000
 ACTAWARE       0.150         0.300         1.000
 NONJUDGE      -0.070         0.210         0.340         1.000
 NONREACT       0.160         0.220         0.330         0.340         1.000


     POPULATION VALUES


           NU
              OBSERVE       DESCRIBE      ACTAWARE      NONJUDGE      NONREACT
              ________      ________      ________      ________      ________
                0.000         0.000         0.000         0.000         0.000


           THETA
              OBSERVE       DESCRIBE      ACTAWARE      NONJUDGE      NONREACT
              ________      ________      ________      ________      ________
 OBSERVE        1.000
 DESCRIBE       0.260         1.000
 ACTAWARE       0.150         0.300         1.000
 NONJUDGE      -0.070         0.210         0.340         1.000
 NONREACT       0.160         0.220         0.330         0.340         1.000


TECHNICAL 9 OUTPUT

  Error messages for each replication (if any)



     Beginning Time:  19:08:38
        Ending Time:  19:08:43
       Elapsed Time:  00:00:05



MUTHEN & MUTHEN
3463 Stoner Ave.
Los Angeles, CA  90066

Tel: (310) 391-9971
Fax: (310) 391-8971
Web: www.StatModel.com
Support: Support@StatModel.com

Copyright (c) 1998-2019 Muthen & Muthen
