Mplus VERSION 8.3 (Mac)
MUTHEN & MUTHEN
05/19/2026   7:08 PM

INPUT INSTRUCTIONS

  TITLE: Baer et al. (2006) Table 4 facet-correlation power, N=114;

  MONTECARLO:
    NAMES = observe describe actaware nonjudge nonreact;
    NOBSERVATIONS = 114;
    NREPS = 10000;
    SEED = 20260633;

  MODEL POPULATION:
    [observe*0 describe*0 actaware*0 nonjudge*0 nonreact*0];
    observe*1 describe*1 actaware*1 nonjudge*1 nonreact*1;
    observe WITH describe*.26 actaware*.15 nonjudge*-.07 nonreact*.16;
    describe WITH actaware*.30 nonjudge*.21 nonreact*.22;
    actaware WITH nonjudge*.34 nonreact*.33;
    nonjudge WITH nonreact*.34;

  MODEL:
    [observe*0 describe*0 actaware*0 nonjudge*0 nonreact*0];
    observe*1 describe*1 actaware*1 nonjudge*1 nonreact*1;
    observe WITH describe*.26 actaware*.15 nonjudge*-.07 nonreact*.16;
    describe WITH actaware*.30 nonjudge*.21 nonreact*.22;
    actaware WITH nonjudge*.34 nonreact*.33;
    nonjudge WITH nonreact*.34;

  OUTPUT:
    TECH9;



INPUT READING TERMINATED NORMALLY



Baer et al. (2006) Table 4 facet-correlation power, N=114;

SUMMARY OF ANALYSIS

Number of groups                                                 1
Number of observations                                         114

Number of replications
    Requested                                                10000
    Completed                                                10000
Value of seed                                             20260633

Number of dependent variables                                    5
Number of independent variables                                  0
Number of continuous latent variables                            0

Observed dependent variables

  Continuous
   OBSERVE     DESCRIBE    ACTAWARE    NONJUDGE    NONREACT


Estimator                                                       ML
Information matrix                                        OBSERVED
Maximum number of iterations                                  1000
Convergence criterion                                    0.500D-04
Maximum number of steepest descent iterations                   20



SAMPLE STATISTICS FOR THE FIRST REPLICATION


     SAMPLE STATISTICS


           Means
              OBSERVE       DESCRIBE      ACTAWARE      NONJUDGE      NONREACT
              ________      ________      ________      ________      ________
               -0.020        -0.042         0.008        -0.049         0.148


           Covariances
              OBSERVE       DESCRIBE      ACTAWARE      NONJUDGE      NONREACT
              ________      ________      ________      ________      ________
 OBSERVE        0.955
 DESCRIBE       0.093         0.944
 ACTAWARE       0.074         0.045         0.852
 NONJUDGE      -0.240         0.134         0.464         1.284
 NONREACT       0.068         0.128         0.313         0.434         0.969


           Correlations
              OBSERVE       DESCRIBE      ACTAWARE      NONJUDGE      NONREACT
              ________      ________      ________      ________      ________
 OBSERVE        1.000
 DESCRIBE       0.098         1.000
 ACTAWARE       0.082         0.050         1.000
 NONJUDGE      -0.217         0.122         0.443         1.000
 NONREACT       0.071         0.134         0.344         0.389         1.000


MODEL FIT INFORMATION

Number of Free Parameters                       20

Loglikelihood

    H0 Value

        Mean                              -767.261
        Std Dev                             17.185
        Number of successful computations    10000

             Proportions                   Percentiles
        Expected    Observed         Expected       Observed
           0.990       0.992         -807.237       -806.490
           0.980       0.983         -802.553       -801.576
           0.950       0.953         -795.528       -795.127
           0.900       0.899         -789.285       -789.378
           0.800       0.799         -781.723       -781.785
           0.700       0.699         -776.272       -776.307
           0.500       0.495         -767.261       -767.487
           0.300       0.297         -758.249       -758.415
           0.200       0.196         -752.798       -753.078
           0.100       0.099         -745.237       -745.346
           0.050       0.051         -738.994       -738.749
           0.020       0.022         -731.969       -731.468
           0.010       0.012         -727.284       -726.024

    H1 Value

        Mean                              -767.261
        Std Dev                             17.185
        Number of successful computations    10000

             Proportions                   Percentiles
        Expected    Observed         Expected       Observed
           0.990       0.992         -807.237       -806.490
           0.980       0.983         -802.553       -801.576
           0.950       0.953         -795.528       -795.127
           0.900       0.899         -789.285       -789.378
           0.800       0.799         -781.723       -781.785
           0.700       0.699         -776.272       -776.307
           0.500       0.495         -767.261       -767.487
           0.300       0.297         -758.249       -758.415
           0.200       0.196         -752.798       -753.078
           0.100       0.099         -745.237       -745.346
           0.050       0.051         -738.994       -738.749
           0.020       0.022         -731.969       -731.468
           0.010       0.012         -727.284       -726.024

Information Criteria

    Akaike (AIC)

        Mean                              1574.522
        Std Dev                             34.369
        Number of successful computations    10000

             Proportions                   Percentiles
        Expected    Observed         Expected       Observed
           0.990       0.988         1494.568       1491.952
           0.980       0.978         1503.937       1502.926
           0.950       0.949         1517.988       1517.452
           0.900       0.901         1530.474       1530.654
           0.800       0.804         1545.596       1546.141
           0.700       0.703         1556.498       1556.826
           0.500       0.505         1574.522       1574.965
           0.300       0.301         1592.545       1592.604
           0.200       0.201         1603.447       1603.558
           0.100       0.101         1618.569       1618.733
           0.050       0.047         1631.056       1630.232
           0.020       0.017         1645.106       1643.099
           0.010       0.008         1654.475       1652.905

    Bayesian (BIC)

        Mean                              1629.245
        Std Dev                             34.369
        Number of successful computations    10000

             Proportions                   Percentiles
        Expected    Observed         Expected       Observed
           0.990       0.988         1549.292       1546.676
           0.980       0.978         1558.661       1557.650
           0.950       0.949         1572.711       1572.176
           0.900       0.901         1585.198       1585.378
           0.800       0.804         1600.320       1600.865
           0.700       0.703         1611.222       1611.550
           0.500       0.505         1629.245       1629.689
           0.300       0.301         1647.269       1647.328
           0.200       0.201         1658.171       1658.282
           0.100       0.101         1673.293       1673.457
           0.050       0.047         1685.779       1684.956
           0.020       0.017         1699.830       1697.823
           0.010       0.008         1709.199       1707.629

    Sample-Size Adjusted BIC (n* = (n + 2) / 24)

        Mean                              1566.032
        Std Dev                             34.369
        Number of successful computations    10000

             Proportions                   Percentiles
        Expected    Observed         Expected       Observed
           0.990       0.988         1486.079       1483.463
           0.980       0.978         1495.448       1494.437
           0.950       0.949         1509.498       1508.963
           0.900       0.901         1521.985       1522.165
           0.800       0.804         1537.107       1537.652
           0.700       0.703         1548.009       1548.336
           0.500       0.505         1566.032       1566.476
           0.300       0.301         1584.055       1584.115
           0.200       0.201         1594.957       1595.069
           0.100       0.101         1610.080       1610.243
           0.050       0.047         1622.566       1621.742
           0.020       0.017         1636.616       1634.610
           0.010       0.008         1645.985       1644.416

Chi-Square Test of Model Fit

        Degrees of freedom                       0

        Mean                                 0.000
        Std Dev                              0.000
        Number of successful computations    10000

             Proportions                   Percentiles
        Expected    Observed         Expected       Observed
           0.990       1.000            0.000          0.000
           0.980       1.000            0.000          0.000
           0.950       1.000            0.000          0.000
           0.900       1.000            0.000          0.000
           0.800       1.000            0.000          0.000
           0.700       1.000            0.000          0.000
           0.500       1.000            0.000          0.000
           0.300       1.000            0.000          0.000
           0.200       1.000            0.000          0.000
           0.100       1.000            0.000          0.000
           0.050       1.000            0.000          0.000
           0.020       1.000            0.000          0.000
           0.010       1.000            0.000          0.000

RMSEA (Root Mean Square Error Of Approximation)

        Mean                                 0.000
        Std Dev                              0.000
        Number of successful computations    10000

             Proportions                   Percentiles
        Expected    Observed         Expected       Observed
           0.990       0.000            0.000          0.000
           0.980       0.000            0.000          0.000
           0.950       0.000            0.000          0.000
           0.900       0.000            0.000          0.000
           0.800       0.000            0.000          0.000
           0.700       0.000            0.000          0.000
           0.500       0.000            0.000          0.000
           0.300       0.000            0.000          0.000
           0.200       0.000            0.000          0.000
           0.100       0.000            0.000          0.000
           0.050       0.000            0.000          0.000
           0.020       0.000            0.000          0.000
           0.010       0.000            0.000          0.000

SRMR (Standardized Root Mean Square Residual)

        Mean                                 0.000
        Std Dev                              0.000
        Number of successful computations    10000

             Proportions                   Percentiles
        Expected    Observed         Expected       Observed
           0.990       0.935            0.000          0.000
           0.980       0.928            0.000          0.000
           0.950       0.928            0.000          0.000
           0.900       0.920            0.000          0.000
           0.800       0.869            0.000          0.000
           0.700       0.780            0.000          0.000
           0.500       0.537            0.000          0.000
           0.300       0.287            0.000          0.000
           0.200       0.171            0.000          0.000
           0.100       0.071            0.000          0.000
           0.050       0.031            0.000          0.000
           0.020       0.010            0.000          0.000
           0.010       0.005            0.000          0.000


MODEL RESULTS

                              ESTIMATES              S. E.     M. S. E.  95%  % Sig
                 Population   Average   Std. Dev.   Average             Cover Coeff
 OBSERVE  WITH
  DESCRIBE            0.260     0.2565     0.0956     0.0958     0.0092 0.948 0.796
  ACTAWARE            0.150     0.1482     0.0932     0.0938     0.0087 0.954 0.341
  NONJUDGE           -0.070    -0.0703     0.0947     0.0931     0.0090 0.948 0.113
  NONREACT            0.160     0.1566     0.0942     0.0939     0.0089 0.951 0.385

 DESCRIBE WITH
  ACTAWARE            0.300     0.2978     0.0973     0.0968     0.0095 0.947 0.901
  NONJUDGE            0.210     0.2078     0.0956     0.0948     0.0092 0.950 0.606
  NONREACT            0.220     0.2172     0.0950     0.0949     0.0090 0.948 0.651

 ACTAWARE WITH
  NONJUDGE            0.340     0.3382     0.0987     0.0981     0.0097 0.946 0.960
  NONREACT            0.330     0.3266     0.0974     0.0976     0.0095 0.948 0.949

 NONJUDGE WITH
  NONREACT            0.340     0.3375     0.0993     0.0980     0.0099 0.945 0.959

 Means
  OBSERVE             0.000     0.0005     0.0936     0.0930     0.0088 0.949 0.051
  DESCRIBE            0.000     0.0000     0.0934     0.0930     0.0087 0.948 0.052
  ACTAWARE            0.000    -0.0009     0.0946     0.0931     0.0089 0.945 0.055
  NONJUDGE            0.000    -0.0011     0.0932     0.0931     0.0087 0.946 0.054
  NONREACT            0.000     0.0002     0.0948     0.0930     0.0090 0.942 0.058

 Variances
  OBSERVE             1.000     0.9904     0.1316     0.1312     0.0174 0.934 1.000
  DESCRIBE            1.000     0.9904     0.1301     0.1312     0.0170 0.937 1.000
  ACTAWARE            1.000     0.9916     0.1337     0.1313     0.0179 0.932 1.000
  NONJUDGE            1.000     0.9921     0.1332     0.1314     0.0178 0.935 1.000
  NONREACT            1.000     0.9904     0.1324     0.1312     0.0176 0.934 1.000


QUALITY OF NUMERICAL RESULTS

     Average Condition Number for the Information Matrix      0.793E-01
       (ratio of smallest to largest eigenvalue)


TECHNICAL OUTPUT


     PARAMETER SPECIFICATION


           NU
              OBSERVE       DESCRIBE      ACTAWARE      NONJUDGE      NONREACT
              ________      ________      ________      ________      ________
                  1             2             3             4             5


           THETA
              OBSERVE       DESCRIBE      ACTAWARE      NONJUDGE      NONREACT
              ________      ________      ________      ________      ________
 OBSERVE            6
 DESCRIBE           7             8
 ACTAWARE           9            10            11
 NONJUDGE          12            13            14            15
 NONREACT          16            17            18            19            20


     STARTING VALUES


           NU
              OBSERVE       DESCRIBE      ACTAWARE      NONJUDGE      NONREACT
              ________      ________      ________      ________      ________
                0.000         0.000         0.000         0.000         0.000


           THETA
              OBSERVE       DESCRIBE      ACTAWARE      NONJUDGE      NONREACT
              ________      ________      ________      ________      ________
 OBSERVE        1.000
 DESCRIBE       0.260         1.000
 ACTAWARE       0.150         0.300         1.000
 NONJUDGE      -0.070         0.210         0.340         1.000
 NONREACT       0.160         0.220         0.330         0.340         1.000


     POPULATION VALUES


           NU
              OBSERVE       DESCRIBE      ACTAWARE      NONJUDGE      NONREACT
              ________      ________      ________      ________      ________
                0.000         0.000         0.000         0.000         0.000


           THETA
              OBSERVE       DESCRIBE      ACTAWARE      NONJUDGE      NONREACT
              ________      ________      ________      ________      ________
 OBSERVE        1.000
 DESCRIBE       0.260         1.000
 ACTAWARE       0.150         0.300         1.000
 NONJUDGE      -0.070         0.210         0.340         1.000
 NONREACT       0.160         0.220         0.330         0.340         1.000


TECHNICAL 9 OUTPUT

  Error messages for each replication (if any)



     Beginning Time:  19:08:52
        Ending Time:  19:08:57
       Elapsed Time:  00:00:05



MUTHEN & MUTHEN
3463 Stoner Ave.
Los Angeles, CA  90066

Tel: (310) 391-9971
Fax: (310) 391-8971
Web: www.StatModel.com
Support: Support@StatModel.com

Copyright (c) 1998-2019 Muthen & Muthen
