Mplus VERSION 8.3 (Mac)
MUTHEN & MUTHEN
05/19/2026   7:09 PM

INPUT INSTRUCTIONS

  TITLE: Baer et al. (2006) Table 4 facet-correlation power, N=300;

  MONTECARLO:
    NAMES = observe describe actaware nonjudge nonreact;
    NOBSERVATIONS = 300;
    NREPS = 10000;
    SEED = 20260819;

  MODEL POPULATION:
    [observe*0 describe*0 actaware*0 nonjudge*0 nonreact*0];
    observe*1 describe*1 actaware*1 nonjudge*1 nonreact*1;
    observe WITH describe*.26 actaware*.15 nonjudge*-.07 nonreact*.16;
    describe WITH actaware*.30 nonjudge*.21 nonreact*.22;
    actaware WITH nonjudge*.34 nonreact*.33;
    nonjudge WITH nonreact*.34;

  MODEL:
    [observe*0 describe*0 actaware*0 nonjudge*0 nonreact*0];
    observe*1 describe*1 actaware*1 nonjudge*1 nonreact*1;
    observe WITH describe*.26 actaware*.15 nonjudge*-.07 nonreact*.16;
    describe WITH actaware*.30 nonjudge*.21 nonreact*.22;
    actaware WITH nonjudge*.34 nonreact*.33;
    nonjudge WITH nonreact*.34;

  OUTPUT:
    TECH9;



INPUT READING TERMINATED NORMALLY



Baer et al. (2006) Table 4 facet-correlation power, N=300;

SUMMARY OF ANALYSIS

Number of groups                                                 1
Number of observations                                         300

Number of replications
    Requested                                                10000
    Completed                                                10000
Value of seed                                             20260819

Number of dependent variables                                    5
Number of independent variables                                  0
Number of continuous latent variables                            0

Observed dependent variables

  Continuous
   OBSERVE     DESCRIBE    ACTAWARE    NONJUDGE    NONREACT


Estimator                                                       ML
Information matrix                                        OBSERVED
Maximum number of iterations                                  1000
Convergence criterion                                    0.500D-04
Maximum number of steepest descent iterations                   20



SAMPLE STATISTICS FOR THE FIRST REPLICATION


     SAMPLE STATISTICS


           Means
              OBSERVE       DESCRIBE      ACTAWARE      NONJUDGE      NONREACT
              ________      ________      ________      ________      ________
                0.079        -0.003        -0.003         0.000         0.020


           Covariances
              OBSERVE       DESCRIBE      ACTAWARE      NONJUDGE      NONREACT
              ________      ________      ________      ________      ________
 OBSERVE        1.033
 DESCRIBE       0.267         0.942
 ACTAWARE       0.120         0.249         0.980
 NONJUDGE      -0.117         0.117         0.303         0.890
 NONREACT       0.130         0.196         0.305         0.270         0.895


           Correlations
              OBSERVE       DESCRIBE      ACTAWARE      NONJUDGE      NONREACT
              ________      ________      ________      ________      ________
 OBSERVE        1.000
 DESCRIBE       0.270         1.000
 ACTAWARE       0.119         0.260         1.000
 NONJUDGE      -0.122         0.127         0.325         1.000
 NONREACT       0.135         0.214         0.325         0.303         1.000


MODEL FIT INFORMATION

Number of Free Parameters                       20

Loglikelihood

    H0 Value

        Mean                             -2035.867
        Std Dev                             27.658
        Number of successful computations    10000

             Proportions                   Percentiles
        Expected    Observed         Expected       Observed
           0.990       0.991        -2100.208      -2099.389
           0.980       0.981        -2092.669      -2091.593
           0.950       0.949        -2081.362      -2081.666
           0.900       0.901        -2071.314      -2071.237
           0.800       0.800        -2059.144      -2059.138
           0.700       0.697        -2050.371      -2050.653
           0.500       0.500        -2035.867      -2035.904
           0.300       0.296        -2021.363      -2021.711
           0.200       0.196        -2012.590      -2012.844
           0.100       0.100        -2000.421      -2000.531
           0.050       0.052        -1990.372      -1990.026
           0.020       0.020        -1979.066      -1978.876
           0.010       0.009        -1971.526      -1972.173

    H1 Value

        Mean                             -2035.867
        Std Dev                             27.658
        Number of successful computations    10000

             Proportions                   Percentiles
        Expected    Observed         Expected       Observed
           0.990       0.991        -2100.208      -2099.389
           0.980       0.981        -2092.669      -2091.593
           0.950       0.949        -2081.362      -2081.666
           0.900       0.901        -2071.314      -2071.237
           0.800       0.800        -2059.144      -2059.138
           0.700       0.697        -2050.371      -2050.653
           0.500       0.500        -2035.867      -2035.904
           0.300       0.296        -2021.363      -2021.711
           0.200       0.196        -2012.590      -2012.844
           0.100       0.100        -2000.421      -2000.531
           0.050       0.052        -1990.372      -1990.026
           0.020       0.020        -1979.066      -1978.876
           0.010       0.009        -1971.526      -1972.173

Information Criteria

    Akaike (AIC)

        Mean                              4111.735
        Std Dev                             55.316
        Number of successful computations    10000

             Proportions                   Percentiles
        Expected    Observed         Expected       Observed
           0.990       0.991         3983.052       3984.211
           0.980       0.980         3998.131       3997.692
           0.950       0.948         4020.745       4019.922
           0.900       0.900         4040.841       4040.970
           0.800       0.804         4065.180       4065.659
           0.700       0.704         4082.727       4083.399
           0.500       0.500         4111.735       4111.799
           0.300       0.303         4140.742       4141.249
           0.200       0.200         4158.289       4158.264
           0.100       0.099         4182.628       4182.435
           0.050       0.051         4202.724       4203.243
           0.020       0.019         4225.338       4223.034
           0.010       0.009         4240.417       4238.692

    Bayesian (BIC)

        Mean                              4185.810
        Std Dev                             55.316
        Number of successful computations    10000

             Proportions                   Percentiles
        Expected    Observed         Expected       Observed
           0.990       0.991         4057.128       4058.287
           0.980       0.980         4072.207       4071.767
           0.950       0.948         4094.820       4093.998
           0.900       0.900         4114.917       4115.046
           0.800       0.804         4139.256       4139.735
           0.700       0.704         4156.802       4157.475
           0.500       0.500         4185.810       4185.875
           0.300       0.303         4214.818       4215.325
           0.200       0.200         4232.364       4232.340
           0.100       0.099         4256.704       4256.511
           0.050       0.051         4276.800       4277.319
           0.020       0.019         4299.413       4297.110
           0.010       0.009         4314.493       4312.767

    Sample-Size Adjusted BIC (n* = (n + 2) / 24)

        Mean                              4122.382
        Std Dev                             55.316
        Number of successful computations    10000

             Proportions                   Percentiles
        Expected    Observed         Expected       Observed
           0.990       0.991         3993.700       3994.858
           0.980       0.980         4008.779       4008.339
           0.950       0.948         4031.392       4030.570
           0.900       0.900         4051.489       4051.618
           0.800       0.804         4075.828       4076.306
           0.700       0.704         4093.374       4094.047
           0.500       0.500         4122.382       4122.447
           0.300       0.303         4151.390       4151.896
           0.200       0.200         4168.936       4168.912
           0.100       0.099         4193.275       4193.082
           0.050       0.051         4213.372       4213.890
           0.020       0.019         4235.985       4233.682
           0.010       0.009         4251.064       4249.339

Chi-Square Test of Model Fit

        Degrees of freedom                       0

        Mean                                 0.000
        Std Dev                              0.000
        Number of successful computations    10000

             Proportions                   Percentiles
        Expected    Observed         Expected       Observed
           0.990       1.000            0.000          0.000
           0.980       1.000            0.000          0.000
           0.950       1.000            0.000          0.000
           0.900       1.000            0.000          0.000
           0.800       1.000            0.000          0.000
           0.700       1.000            0.000          0.000
           0.500       1.000            0.000          0.000
           0.300       1.000            0.000          0.000
           0.200       1.000            0.000          0.000
           0.100       1.000            0.000          0.000
           0.050       1.000            0.000          0.000
           0.020       1.000            0.000          0.000
           0.010       1.000            0.000          0.000

RMSEA (Root Mean Square Error Of Approximation)

        Mean                                 0.000
        Std Dev                              0.000
        Number of successful computations    10000

             Proportions                   Percentiles
        Expected    Observed         Expected       Observed
           0.990       0.000            0.000          0.000
           0.980       0.000            0.000          0.000
           0.950       0.000            0.000          0.000
           0.900       0.000            0.000          0.000
           0.800       0.000            0.000          0.000
           0.700       0.000            0.000          0.000
           0.500       0.000            0.000          0.000
           0.300       0.000            0.000          0.000
           0.200       0.000            0.000          0.000
           0.100       0.000            0.000          0.000
           0.050       0.000            0.000          0.000
           0.020       0.000            0.000          0.000
           0.010       0.000            0.000          0.000

SRMR (Standardized Root Mean Square Residual)

        Mean                                 0.000
        Std Dev                              0.000
        Number of successful computations    10000

             Proportions                   Percentiles
        Expected    Observed         Expected       Observed
           0.990       0.979            0.000          0.000
           0.980       0.975            0.000          0.000
           0.950       0.961            0.000          0.000
           0.900       0.932            0.000          0.000
           0.800       0.859            0.000          0.000
           0.700       0.756            0.000          0.000
           0.500       0.529            0.000          0.000
           0.300       0.282            0.000          0.000
           0.200       0.171            0.000          0.000
           0.100       0.068            0.000          0.000
           0.050       0.030            0.000          0.000
           0.020       0.010            0.000          0.000
           0.010       0.005            0.000          0.000


MODEL RESULTS

                              ESTIMATES              S. E.     M. S. E.  95%  % Sig
                 Population   Average   Std. Dev.   Average             Cover Coeff
 OBSERVE  WITH
  DESCRIBE            0.260     0.2595     0.0589     0.0594     0.0035 0.952 0.995
  ACTAWARE            0.150     0.1500     0.0584     0.0582     0.0034 0.951 0.738
  NONJUDGE           -0.070    -0.0696     0.0576     0.0577     0.0033 0.953 0.221
  NONREACT            0.160     0.1593     0.0589     0.0582     0.0035 0.947 0.795

 DESCRIBE WITH
  ACTAWARE            0.300     0.3004     0.0601     0.0601     0.0036 0.950 1.000
  NONJUDGE            0.210     0.2104     0.0582     0.0589     0.0034 0.954 0.964
  NONREACT            0.220     0.2196     0.0585     0.0589     0.0034 0.952 0.972

 ACTAWARE WITH
  NONJUDGE            0.340     0.3400     0.0620     0.0608     0.0038 0.944 1.000
  NONREACT            0.330     0.3286     0.0605     0.0606     0.0037 0.947 1.000

 NONJUDGE WITH
  NONREACT            0.340     0.3391     0.0615     0.0608     0.0038 0.946 1.000

 Means
  OBSERVE             0.000     0.0013     0.0580     0.0576     0.0034 0.947 0.053
  DESCRIBE            0.000     0.0001     0.0578     0.0576     0.0033 0.948 0.052
  ACTAWARE            0.000     0.0001     0.0580     0.0576     0.0034 0.947 0.053
  NONJUDGE            0.000    -0.0001     0.0584     0.0576     0.0034 0.946 0.054
  NONREACT            0.000    -0.0013     0.0581     0.0576     0.0034 0.947 0.053

 Variances
  OBSERVE             1.000     0.9953     0.0814     0.0813     0.0066 0.944 1.000
  DESCRIBE            1.000     0.9972     0.0818     0.0814     0.0067 0.944 1.000
  ACTAWARE            1.000     0.9975     0.0818     0.0814     0.0067 0.943 1.000
  NONJUDGE            1.000     0.9981     0.0820     0.0815     0.0067 0.943 1.000
  NONREACT            1.000     0.9960     0.0826     0.0813     0.0068 0.940 1.000


QUALITY OF NUMERICAL RESULTS

     Average Condition Number for the Information Matrix      0.524E-01
       (ratio of smallest to largest eigenvalue)


TECHNICAL OUTPUT


     PARAMETER SPECIFICATION


           NU
              OBSERVE       DESCRIBE      ACTAWARE      NONJUDGE      NONREACT
              ________      ________      ________      ________      ________
                  1             2             3             4             5


           THETA
              OBSERVE       DESCRIBE      ACTAWARE      NONJUDGE      NONREACT
              ________      ________      ________      ________      ________
 OBSERVE            6
 DESCRIBE           7             8
 ACTAWARE           9            10            11
 NONJUDGE          12            13            14            15
 NONREACT          16            17            18            19            20


     STARTING VALUES


           NU
              OBSERVE       DESCRIBE      ACTAWARE      NONJUDGE      NONREACT
              ________      ________      ________      ________      ________
                0.000         0.000         0.000         0.000         0.000


           THETA
              OBSERVE       DESCRIBE      ACTAWARE      NONJUDGE      NONREACT
              ________      ________      ________      ________      ________
 OBSERVE        1.000
 DESCRIBE       0.260         1.000
 ACTAWARE       0.150         0.300         1.000
 NONJUDGE      -0.070         0.210         0.340         1.000
 NONREACT       0.160         0.220         0.330         0.340         1.000


     POPULATION VALUES


           NU
              OBSERVE       DESCRIBE      ACTAWARE      NONJUDGE      NONREACT
              ________      ________      ________      ________      ________
                0.000         0.000         0.000         0.000         0.000


           THETA
              OBSERVE       DESCRIBE      ACTAWARE      NONJUDGE      NONREACT
              ________      ________      ________      ________      ________
 OBSERVE        1.000
 DESCRIBE       0.260         1.000
 ACTAWARE       0.150         0.300         1.000
 NONJUDGE      -0.070         0.210         0.340         1.000
 NONREACT       0.160         0.220         0.330         0.340         1.000


TECHNICAL 9 OUTPUT

  Error messages for each replication (if any)



     Beginning Time:  19:09:34
        Ending Time:  19:09:40
       Elapsed Time:  00:00:06



MUTHEN & MUTHEN
3463 Stoner Ave.
Los Angeles, CA  90066

Tel: (310) 391-9971
Fax: (310) 391-8971
Web: www.StatModel.com
Support: Support@StatModel.com

Copyright (c) 1998-2019 Muthen & Muthen
