Mplus VERSION 8.3 (Mac)
MUTHEN & MUTHEN
05/19/2026   7:09 PM

INPUT INSTRUCTIONS

  TITLE: Baer et al. (2006) Table 4 facet-correlation power, N=175;

  MONTECARLO:
    NAMES = observe describe actaware nonjudge nonreact;
    NOBSERVATIONS = 175;
    NREPS = 10000;
    SEED = 20260694;

  MODEL POPULATION:
    [observe*0 describe*0 actaware*0 nonjudge*0 nonreact*0];
    observe*1 describe*1 actaware*1 nonjudge*1 nonreact*1;
    observe WITH describe*.26 actaware*.15 nonjudge*-.07 nonreact*.16;
    describe WITH actaware*.30 nonjudge*.21 nonreact*.22;
    actaware WITH nonjudge*.34 nonreact*.33;
    nonjudge WITH nonreact*.34;

  MODEL:
    [observe*0 describe*0 actaware*0 nonjudge*0 nonreact*0];
    observe*1 describe*1 actaware*1 nonjudge*1 nonreact*1;
    observe WITH describe*.26 actaware*.15 nonjudge*-.07 nonreact*.16;
    describe WITH actaware*.30 nonjudge*.21 nonreact*.22;
    actaware WITH nonjudge*.34 nonreact*.33;
    nonjudge WITH nonreact*.34;

  OUTPUT:
    TECH9;



INPUT READING TERMINATED NORMALLY



Baer et al. (2006) Table 4 facet-correlation power, N=175;

SUMMARY OF ANALYSIS

Number of groups                                                 1
Number of observations                                         175

Number of replications
    Requested                                                10000
    Completed                                                10000
Value of seed                                             20260694

Number of dependent variables                                    5
Number of independent variables                                  0
Number of continuous latent variables                            0

Observed dependent variables

  Continuous
   OBSERVE     DESCRIBE    ACTAWARE    NONJUDGE    NONREACT


Estimator                                                       ML
Information matrix                                        OBSERVED
Maximum number of iterations                                  1000
Convergence criterion                                    0.500D-04
Maximum number of steepest descent iterations                   20



SAMPLE STATISTICS FOR THE FIRST REPLICATION


     SAMPLE STATISTICS


           Means
              OBSERVE       DESCRIBE      ACTAWARE      NONJUDGE      NONREACT
              ________      ________      ________      ________      ________
                0.107         0.123         0.055         0.026        -0.119


           Covariances
              OBSERVE       DESCRIBE      ACTAWARE      NONJUDGE      NONREACT
              ________      ________      ________      ________      ________
 OBSERVE        1.070
 DESCRIBE       0.361         0.904
 ACTAWARE       0.236         0.352         0.938
 NONJUDGE      -0.117         0.069         0.245         0.951
 NONREACT       0.319         0.183         0.317         0.224         1.022


           Correlations
              OBSERVE       DESCRIBE      ACTAWARE      NONJUDGE      NONREACT
              ________      ________      ________      ________      ________
 OBSERVE        1.000
 DESCRIBE       0.367         1.000
 ACTAWARE       0.235         0.382         1.000
 NONJUDGE      -0.116         0.075         0.259         1.000
 NONREACT       0.305         0.190         0.324         0.227         1.000


MODEL FIT INFORMATION

Number of Free Parameters                       20

Loglikelihood

    H0 Value

        Mean                             -1183.318
        Std Dev                             20.937
        Number of successful computations    10000

             Proportions                   Percentiles
        Expected    Observed         Expected       Observed
           0.990       0.990        -1232.024      -1231.863
           0.980       0.981        -1226.316      -1225.931
           0.950       0.953        -1217.757      -1217.364
           0.900       0.903        -1210.151      -1209.753
           0.800       0.802        -1200.939      -1200.807
           0.700       0.699        -1194.297      -1194.344
           0.500       0.495        -1183.318      -1183.561
           0.300       0.291        -1172.339      -1172.774
           0.200       0.194        -1165.697      -1166.247
           0.100       0.101        -1156.485      -1156.286
           0.050       0.053        -1148.879      -1148.278
           0.020       0.023        -1140.319      -1138.990
           0.010       0.011        -1134.612      -1133.875

    H1 Value

        Mean                             -1183.318
        Std Dev                             20.937
        Number of successful computations    10000

             Proportions                   Percentiles
        Expected    Observed         Expected       Observed
           0.990       0.990        -1232.024      -1231.863
           0.980       0.981        -1226.316      -1225.931
           0.950       0.953        -1217.757      -1217.364
           0.900       0.903        -1210.151      -1209.753
           0.800       0.802        -1200.939      -1200.807
           0.700       0.699        -1194.297      -1194.344
           0.500       0.495        -1183.318      -1183.561
           0.300       0.291        -1172.339      -1172.774
           0.200       0.194        -1165.697      -1166.247
           0.100       0.101        -1156.485      -1156.286
           0.050       0.053        -1148.879      -1148.278
           0.020       0.023        -1140.319      -1138.990
           0.010       0.011        -1134.612      -1133.875

Information Criteria

    Akaike (AIC)

        Mean                              2406.636
        Std Dev                             41.874
        Number of successful computations    10000

             Proportions                   Percentiles
        Expected    Observed         Expected       Observed
           0.990       0.989         2309.224       2307.480
           0.980       0.977         2320.639       2317.777
           0.950       0.947         2337.757       2336.548
           0.900       0.899         2352.970       2352.547
           0.800       0.806         2371.395       2372.486
           0.700       0.709         2384.677       2385.546
           0.500       0.505         2406.636       2407.115
           0.300       0.301         2428.595       2428.678
           0.200       0.198         2441.877       2441.601
           0.100       0.097         2460.302       2459.442
           0.050       0.047         2475.515       2474.701
           0.020       0.019         2492.633       2491.614
           0.010       0.010         2504.048       2503.715

    Bayesian (BIC)

        Mean                              2469.932
        Std Dev                             41.874
        Number of successful computations    10000

             Proportions                   Percentiles
        Expected    Observed         Expected       Observed
           0.990       0.989         2372.520       2370.775
           0.980       0.977         2383.935       2381.073
           0.950       0.947         2401.053       2399.844
           0.900       0.899         2416.266       2415.843
           0.800       0.806         2434.690       2435.781
           0.700       0.709         2447.973       2448.842
           0.500       0.505         2469.932       2470.411
           0.300       0.301         2491.890       2491.974
           0.200       0.198         2505.173       2504.896
           0.100       0.097         2523.598       2522.738
           0.050       0.047         2538.810       2537.996
           0.020       0.019         2555.929       2554.910
           0.010       0.010         2567.344       2567.011

    Sample-Size Adjusted BIC (n* = (n + 2) / 24)

        Mean                              2406.598
        Std Dev                             41.874
        Number of successful computations    10000

             Proportions                   Percentiles
        Expected    Observed         Expected       Observed
           0.990       0.989         2309.186       2307.442
           0.980       0.977         2320.601       2317.739
           0.950       0.947         2337.719       2336.510
           0.900       0.899         2352.932       2352.509
           0.800       0.806         2371.356       2372.447
           0.700       0.709         2384.639       2385.508
           0.500       0.505         2406.598       2407.077
           0.300       0.301         2428.557       2428.640
           0.200       0.198         2441.839       2441.563
           0.100       0.097         2460.264       2459.404
           0.050       0.047         2475.477       2474.663
           0.020       0.019         2492.595       2491.576
           0.010       0.010         2504.010       2503.677

Chi-Square Test of Model Fit

        Degrees of freedom                       0

        Mean                                 0.000
        Std Dev                              0.000
        Number of successful computations    10000

             Proportions                   Percentiles
        Expected    Observed         Expected       Observed
           0.990       1.000            0.000          0.000
           0.980       1.000            0.000          0.000
           0.950       1.000            0.000          0.000
           0.900       1.000            0.000          0.000
           0.800       1.000            0.000          0.000
           0.700       1.000            0.000          0.000
           0.500       1.000            0.000          0.000
           0.300       1.000            0.000          0.000
           0.200       1.000            0.000          0.000
           0.100       1.000            0.000          0.000
           0.050       1.000            0.000          0.000
           0.020       1.000            0.000          0.000
           0.010       1.000            0.000          0.000

RMSEA (Root Mean Square Error Of Approximation)

        Mean                                 0.000
        Std Dev                              0.000
        Number of successful computations    10000

             Proportions                   Percentiles
        Expected    Observed         Expected       Observed
           0.990       0.000            0.000          0.000
           0.980       0.000            0.000          0.000
           0.950       0.000            0.000          0.000
           0.900       0.000            0.000          0.000
           0.800       0.000            0.000          0.000
           0.700       0.000            0.000          0.000
           0.500       0.000            0.000          0.000
           0.300       0.000            0.000          0.000
           0.200       0.000            0.000          0.000
           0.100       0.000            0.000          0.000
           0.050       0.000            0.000          0.000
           0.020       0.000            0.000          0.000
           0.010       0.000            0.000          0.000

SRMR (Standardized Root Mean Square Residual)

        Mean                                 0.000
        Std Dev                              0.000
        Number of successful computations    10000

             Proportions                   Percentiles
        Expected    Observed         Expected       Observed
           0.990       0.959            0.000          0.000
           0.980       0.959            0.000          0.000
           0.950       0.954            0.000          0.000
           0.900       0.937            0.000          0.000
           0.800       0.869            0.000          0.000
           0.700       0.774            0.000          0.000
           0.500       0.531            0.000          0.000
           0.300       0.288            0.000          0.000
           0.200       0.168            0.000          0.000
           0.100       0.064            0.000          0.000
           0.050       0.028            0.000          0.000
           0.020       0.009            0.000          0.000
           0.010       0.004            0.000          0.000


MODEL RESULTS

                              ESTIMATES              S. E.     M. S. E.  95%  % Sig
                 Population   Average   Std. Dev.   Average             Cover Coeff
 OBSERVE  WITH
  DESCRIBE            0.260     0.2590     0.0780     0.0777     0.0061 0.950 0.934
  ACTAWARE            0.150     0.1505     0.0759     0.0760     0.0058 0.952 0.506
  NONJUDGE           -0.070    -0.0691     0.0752     0.0753     0.0056 0.952 0.146
  NONREACT            0.160     0.1594     0.0763     0.0762     0.0058 0.950 0.558

 DESCRIBE WITH
  ACTAWARE            0.300     0.2986     0.0782     0.0784     0.0061 0.949 0.981
  NONJUDGE            0.210     0.2084     0.0774     0.0767     0.0060 0.949 0.792
  NONREACT            0.220     0.2197     0.0767     0.0769     0.0059 0.953 0.836

 ACTAWARE WITH
  NONJUDGE            0.340     0.3375     0.0791     0.0793     0.0063 0.948 0.996
  NONREACT            0.330     0.3289     0.0797     0.0791     0.0064 0.948 0.994

 NONJUDGE WITH
  NONREACT            0.340     0.3390     0.0785     0.0793     0.0062 0.950 0.997

 Means
  OBSERVE             0.000     0.0001     0.0755     0.0753     0.0057 0.950 0.050
  DESCRIBE            0.000    -0.0004     0.0756     0.0753     0.0057 0.949 0.051
  ACTAWARE            0.000    -0.0009     0.0758     0.0753     0.0057 0.946 0.054
  NONJUDGE            0.000    -0.0018     0.0755     0.0752     0.0057 0.950 0.050
  NONREACT            0.000    -0.0008     0.0761     0.0753     0.0058 0.947 0.053

 Variances
  OBSERVE             1.000     0.9954     0.1060     0.1064     0.0113 0.944 1.000
  DESCRIBE            1.000     0.9940     0.1077     0.1063     0.0116 0.938 1.000
  ACTAWARE            1.000     0.9944     0.1067     0.1063     0.0114 0.939 1.000
  NONJUDGE            1.000     0.9935     0.1061     0.1062     0.0113 0.939 1.000
  NONREACT            1.000     0.9944     0.1065     0.1063     0.0114 0.938 1.000


QUALITY OF NUMERICAL RESULTS

     Average Condition Number for the Information Matrix      0.508E-01
       (ratio of smallest to largest eigenvalue)


TECHNICAL OUTPUT


     PARAMETER SPECIFICATION


           NU
              OBSERVE       DESCRIBE      ACTAWARE      NONJUDGE      NONREACT
              ________      ________      ________      ________      ________
                  1             2             3             4             5


           THETA
              OBSERVE       DESCRIBE      ACTAWARE      NONJUDGE      NONREACT
              ________      ________      ________      ________      ________
 OBSERVE            6
 DESCRIBE           7             8
 ACTAWARE           9            10            11
 NONJUDGE          12            13            14            15
 NONREACT          16            17            18            19            20


     STARTING VALUES


           NU
              OBSERVE       DESCRIBE      ACTAWARE      NONJUDGE      NONREACT
              ________      ________      ________      ________      ________
                0.000         0.000         0.000         0.000         0.000


           THETA
              OBSERVE       DESCRIBE      ACTAWARE      NONJUDGE      NONREACT
              ________      ________      ________      ________      ________
 OBSERVE        1.000
 DESCRIBE       0.260         1.000
 ACTAWARE       0.150         0.300         1.000
 NONJUDGE      -0.070         0.210         0.340         1.000
 NONREACT       0.160         0.220         0.330         0.340         1.000


     POPULATION VALUES


           NU
              OBSERVE       DESCRIBE      ACTAWARE      NONJUDGE      NONREACT
              ________      ________      ________      ________      ________
                0.000         0.000         0.000         0.000         0.000


           THETA
              OBSERVE       DESCRIBE      ACTAWARE      NONJUDGE      NONREACT
              ________      ________      ________      ________      ________
 OBSERVE        1.000
 DESCRIBE       0.260         1.000
 ACTAWARE       0.150         0.300         1.000
 NONJUDGE      -0.070         0.210         0.340         1.000
 NONREACT       0.160         0.220         0.330         0.340         1.000


TECHNICAL 9 OUTPUT

  Error messages for each replication (if any)



     Beginning Time:  19:09:18
        Ending Time:  19:09:23
       Elapsed Time:  00:00:05



MUTHEN & MUTHEN
3463 Stoner Ave.
Los Angeles, CA  90066

Tel: (310) 391-9971
Fax: (310) 391-8971
Web: www.StatModel.com
Support: Support@StatModel.com

Copyright (c) 1998-2019 Muthen & Muthen
