Mplus VERSION 8.3 (Mac)
MUTHEN & MUTHEN
05/19/2026   6:53 PM

INPUT INSTRUCTIONS

  TITLE: Baer et al. (2006) Table 4 facet-correlation power, N=350;

  MONTECARLO:
    NAMES = observe describe actaware nonjudge nonreact;
    NOBSERVATIONS = 350;
    NREPS = 5000;
    SEED = 20260869;

  MODEL POPULATION:
    [observe*0 describe*0 actaware*0 nonjudge*0 nonreact*0];
    observe*1 describe*1 actaware*1 nonjudge*1 nonreact*1;
    observe WITH describe*.26 actaware*.15 nonjudge*-.07 nonreact*.16;
    describe WITH actaware*.30 nonjudge*.21 nonreact*.22;
    actaware WITH nonjudge*.34 nonreact*.33;
    nonjudge WITH nonreact*.34;

  MODEL:
    [observe*0 describe*0 actaware*0 nonjudge*0 nonreact*0];
    observe*1 describe*1 actaware*1 nonjudge*1 nonreact*1;
    observe WITH describe*.26 actaware*.15 nonjudge*-.07 nonreact*.16;
    describe WITH actaware*.30 nonjudge*.21 nonreact*.22;
    actaware WITH nonjudge*.34 nonreact*.33;
    nonjudge WITH nonreact*.34;

  OUTPUT:
    TECH9;



INPUT READING TERMINATED NORMALLY



Baer et al. (2006) Table 4 facet-correlation power, N=350;

SUMMARY OF ANALYSIS

Number of groups                                                 1
Number of observations                                         350

Number of replications
    Requested                                                 5000
    Completed                                                 5000
Value of seed                                             20260869

Number of dependent variables                                    5
Number of independent variables                                  0
Number of continuous latent variables                            0

Observed dependent variables

  Continuous
   OBSERVE     DESCRIBE    ACTAWARE    NONJUDGE    NONREACT


Estimator                                                       ML
Information matrix                                        OBSERVED
Maximum number of iterations                                  1000
Convergence criterion                                    0.500D-04
Maximum number of steepest descent iterations                   20



SAMPLE STATISTICS FOR THE FIRST REPLICATION


     SAMPLE STATISTICS


           Means
              OBSERVE       DESCRIBE      ACTAWARE      NONJUDGE      NONREACT
              ________      ________      ________      ________      ________
                0.005        -0.029        -0.016         0.048         0.003


           Covariances
              OBSERVE       DESCRIBE      ACTAWARE      NONJUDGE      NONREACT
              ________      ________      ________      ________      ________
 OBSERVE        1.045
 DESCRIBE       0.278         0.967
 ACTAWARE       0.162         0.367         0.978
 NONJUDGE      -0.031         0.276         0.297         0.964
 NONREACT       0.235         0.280         0.406         0.349         1.150


           Correlations
              OBSERVE       DESCRIBE      ACTAWARE      NONJUDGE      NONREACT
              ________      ________      ________      ________      ________
 OBSERVE        1.000
 DESCRIBE       0.277         1.000
 ACTAWARE       0.160         0.377         1.000
 NONJUDGE      -0.031         0.286         0.306         1.000
 NONREACT       0.215         0.266         0.383         0.332         1.000


MODEL FIT INFORMATION

Number of Free Parameters                       20

Loglikelihood

    H0 Value

        Mean                             -2377.244
        Std Dev                             30.404
        Number of successful computations     5000

             Proportions                   Percentiles
        Expected    Observed         Expected       Observed
           0.990       0.991        -2447.973      -2447.249
           0.980       0.982        -2439.685      -2438.517
           0.950       0.950        -2427.255      -2427.246
           0.900       0.897        -2416.209      -2416.947
           0.800       0.800        -2402.832      -2402.825
           0.700       0.703        -2393.187      -2392.954
           0.500       0.501        -2377.244      -2377.211
           0.300       0.294        -2361.300      -2361.900
           0.200       0.192        -2351.655      -2352.670
           0.100       0.103        -2338.278      -2337.868
           0.050       0.049        -2327.232      -2327.511
           0.020       0.022        -2314.803      -2313.877
           0.010       0.012        -2306.514      -2305.210

    H1 Value

        Mean                             -2377.244
        Std Dev                             30.404
        Number of successful computations     5000

             Proportions                   Percentiles
        Expected    Observed         Expected       Observed
           0.990       0.991        -2447.973      -2447.249
           0.980       0.982        -2439.685      -2438.517
           0.950       0.950        -2427.255      -2427.246
           0.900       0.897        -2416.209      -2416.947
           0.800       0.800        -2402.832      -2402.825
           0.700       0.703        -2393.187      -2392.954
           0.500       0.501        -2377.244      -2377.211
           0.300       0.294        -2361.300      -2361.900
           0.200       0.192        -2351.655      -2352.670
           0.100       0.103        -2338.278      -2337.868
           0.050       0.049        -2327.232      -2327.511
           0.020       0.022        -2314.803      -2313.877
           0.010       0.012        -2306.514      -2305.210

Information Criteria

    Akaike (AIC)

        Mean                              4794.487
        Std Dev                             60.808
        Number of successful computations     5000

             Proportions                   Percentiles
        Expected    Observed         Expected       Observed
           0.990       0.988         4653.029       4648.989
           0.980       0.978         4669.605       4667.573
           0.950       0.951         4694.464       4694.996
           0.900       0.897         4716.555       4715.417
           0.800       0.808         4743.311       4745.285
           0.700       0.706         4762.599       4763.720
           0.500       0.499         4794.487       4794.416
           0.300       0.297         4826.375       4825.836
           0.200       0.200         4845.663       4845.568
           0.100       0.103         4872.419       4873.703
           0.050       0.050         4894.511       4894.341
           0.020       0.018         4919.369       4917.005
           0.010       0.009         4935.945       4934.467

    Bayesian (BIC)

        Mean                              4871.646
        Std Dev                             60.808
        Number of successful computations     5000

             Proportions                   Percentiles
        Expected    Observed         Expected       Observed
           0.990       0.988         4730.187       4726.148
           0.980       0.978         4746.764       4744.731
           0.950       0.951         4771.622       4772.155
           0.900       0.897         4793.714       4792.576
           0.800       0.808         4820.470       4822.443
           0.700       0.706         4839.758       4840.879
           0.500       0.499         4871.646       4871.574
           0.300       0.297         4903.534       4902.994
           0.200       0.200         4922.822       4922.726
           0.100       0.103         4949.578       4950.862
           0.050       0.050         4971.669       4971.499
           0.020       0.018         4996.528       4994.163
           0.010       0.009         5013.104       5011.626

    Sample-Size Adjusted BIC (n* = (n + 2) / 24)

        Mean                              4808.199
        Std Dev                             60.808
        Number of successful computations     5000

             Proportions                   Percentiles
        Expected    Observed         Expected       Observed
           0.990       0.988         4666.740       4662.701
           0.980       0.978         4683.317       4681.284
           0.950       0.951         4708.175       4708.708
           0.900       0.897         4730.267       4729.129
           0.800       0.808         4757.022       4758.996
           0.700       0.706         4776.311       4777.432
           0.500       0.499         4808.199       4808.127
           0.300       0.297         4840.087       4839.547
           0.200       0.200         4859.375       4859.279
           0.100       0.103         4886.131       4887.415
           0.050       0.050         4908.222       4908.052
           0.020       0.018         4933.081       4930.716
           0.010       0.009         4949.657       4948.179

Chi-Square Test of Model Fit

        Degrees of freedom                       0

        Mean                                 0.000
        Std Dev                              0.000
        Number of successful computations     5000

             Proportions                   Percentiles
        Expected    Observed         Expected       Observed
           0.990       1.000            0.000          0.000
           0.980       1.000            0.000          0.000
           0.950       1.000            0.000          0.000
           0.900       1.000            0.000          0.000
           0.800       1.000            0.000          0.000
           0.700       1.000            0.000          0.000
           0.500       1.000            0.000          0.000
           0.300       1.000            0.000          0.000
           0.200       1.000            0.000          0.000
           0.100       1.000            0.000          0.000
           0.050       1.000            0.000          0.000
           0.020       1.000            0.000          0.000
           0.010       1.000            0.000          0.000

RMSEA (Root Mean Square Error Of Approximation)

        Mean                                 0.000
        Std Dev                              0.000
        Number of successful computations     5000

             Proportions                   Percentiles
        Expected    Observed         Expected       Observed
           0.990       0.000            0.000          0.000
           0.980       0.000            0.000          0.000
           0.950       0.000            0.000          0.000
           0.900       0.000            0.000          0.000
           0.800       0.000            0.000          0.000
           0.700       0.000            0.000          0.000
           0.500       0.000            0.000          0.000
           0.300       0.000            0.000          0.000
           0.200       0.000            0.000          0.000
           0.100       0.000            0.000          0.000
           0.050       0.000            0.000          0.000
           0.020       0.000            0.000          0.000
           0.010       0.000            0.000          0.000

SRMR (Standardized Root Mean Square Residual)

        Mean                                 0.000
        Std Dev                              0.000
        Number of successful computations     5000

             Proportions                   Percentiles
        Expected    Observed         Expected       Observed
           0.990       0.982            0.000          0.000
           0.980       0.978            0.000          0.000
           0.950       0.958            0.000          0.000
           0.900       0.932            0.000          0.000
           0.800       0.859            0.000          0.000
           0.700       0.753            0.000          0.000
           0.500       0.525            0.000          0.000
           0.300       0.290            0.000          0.000
           0.200       0.165            0.000          0.000
           0.100       0.073            0.000          0.000
           0.050       0.031            0.000          0.000
           0.020       0.010            0.000          0.000
           0.010       0.004            0.000          0.000


MODEL RESULTS

                              ESTIMATES              S. E.     M. S. E.  95%  % Sig
                 Population   Average   Std. Dev.   Average             Cover Coeff
 OBSERVE  WITH
  DESCRIBE            0.260     0.2609     0.0552     0.0551     0.0030 0.947 0.999
  ACTAWARE            0.150     0.1510     0.0540     0.0539     0.0029 0.950 0.806
  NONJUDGE           -0.070    -0.0702     0.0533     0.0535     0.0028 0.952 0.257
  NONREACT            0.160     0.1617     0.0546     0.0540     0.0030 0.948 0.859

 DESCRIBE WITH
  ACTAWARE            0.300     0.2999     0.0562     0.0557     0.0032 0.949 1.000
  NONJUDGE            0.210     0.2093     0.0537     0.0545     0.0029 0.955 0.981
  NONREACT            0.220     0.2210     0.0552     0.0546     0.0030 0.948 0.987

 ACTAWARE WITH
  NONJUDGE            0.340     0.3399     0.0564     0.0563     0.0032 0.946 1.000
  NONREACT            0.330     0.3299     0.0566     0.0562     0.0032 0.945 1.000

 NONJUDGE WITH
  NONREACT            0.340     0.3395     0.0566     0.0563     0.0032 0.949 1.000

 Means
  OBSERVE             0.000    -0.0007     0.0521     0.0534     0.0027 0.954 0.046
  DESCRIBE            0.000     0.0013     0.0527     0.0534     0.0028 0.951 0.049
  ACTAWARE            0.000     0.0009     0.0543     0.0534     0.0030 0.946 0.054
  NONJUDGE            0.000    -0.0006     0.0538     0.0533     0.0029 0.949 0.051
  NONREACT            0.000    -0.0006     0.0541     0.0534     0.0029 0.950 0.050

 Variances
  OBSERVE             1.000     0.9978     0.0759     0.0754     0.0058 0.943 1.000
  DESCRIBE            1.000     0.9984     0.0765     0.0755     0.0059 0.939 1.000
  ACTAWARE            1.000     0.9982     0.0772     0.0755     0.0060 0.939 1.000
  NONJUDGE            1.000     0.9976     0.0765     0.0754     0.0059 0.943 1.000
  NONREACT            1.000     0.9984     0.0765     0.0755     0.0059 0.945 1.000


QUALITY OF NUMERICAL RESULTS

     Average Condition Number for the Information Matrix      0.458E-01
       (ratio of smallest to largest eigenvalue)


TECHNICAL OUTPUT


     PARAMETER SPECIFICATION


           NU
              OBSERVE       DESCRIBE      ACTAWARE      NONJUDGE      NONREACT
              ________      ________      ________      ________      ________
                  1             2             3             4             5


           THETA
              OBSERVE       DESCRIBE      ACTAWARE      NONJUDGE      NONREACT
              ________      ________      ________      ________      ________
 OBSERVE            6
 DESCRIBE           7             8
 ACTAWARE           9            10            11
 NONJUDGE          12            13            14            15
 NONREACT          16            17            18            19            20


     STARTING VALUES


           NU
              OBSERVE       DESCRIBE      ACTAWARE      NONJUDGE      NONREACT
              ________      ________      ________      ________      ________
                0.000         0.000         0.000         0.000         0.000


           THETA
              OBSERVE       DESCRIBE      ACTAWARE      NONJUDGE      NONREACT
              ________      ________      ________      ________      ________
 OBSERVE        1.000
 DESCRIBE       0.260         1.000
 ACTAWARE       0.150         0.300         1.000
 NONJUDGE      -0.070         0.210         0.340         1.000
 NONREACT       0.160         0.220         0.330         0.340         1.000


     POPULATION VALUES


           NU
              OBSERVE       DESCRIBE      ACTAWARE      NONJUDGE      NONREACT
              ________      ________      ________      ________      ________
                0.000         0.000         0.000         0.000         0.000


           THETA
              OBSERVE       DESCRIBE      ACTAWARE      NONJUDGE      NONREACT
              ________      ________      ________      ________      ________
 OBSERVE        1.000
 DESCRIBE       0.260         1.000
 ACTAWARE       0.150         0.300         1.000
 NONJUDGE      -0.070         0.210         0.340         1.000
 NONREACT       0.160         0.220         0.330         0.340         1.000


TECHNICAL 9 OUTPUT

  Error messages for each replication (if any)



     Beginning Time:  18:53:54
        Ending Time:  18:53:58
       Elapsed Time:  00:00:04



MUTHEN & MUTHEN
3463 Stoner Ave.
Los Angeles, CA  90066

Tel: (310) 391-9971
Fax: (310) 391-8971
Web: www.StatModel.com
Support: Support@StatModel.com

Copyright (c) 1998-2019 Muthen & Muthen
