Mplus VERSION 8.3 (Mac)
MUTHEN & MUTHEN
05/19/2026   6:55 PM

INPUT INSTRUCTIONS

  TITLE: Baer et al. (2006) Table 4 facet-correlation power, N=1700;

  MONTECARLO:
    NAMES = observe describe actaware nonjudge nonreact;
    NOBSERVATIONS = 1700;
    NREPS = 5000;
    SEED = 20262219;

  MODEL POPULATION:
    [observe*0 describe*0 actaware*0 nonjudge*0 nonreact*0];
    observe*1 describe*1 actaware*1 nonjudge*1 nonreact*1;
    observe WITH describe*.26 actaware*.15 nonjudge*-.07 nonreact*.16;
    describe WITH actaware*.30 nonjudge*.21 nonreact*.22;
    actaware WITH nonjudge*.34 nonreact*.33;
    nonjudge WITH nonreact*.34;

  MODEL:
    [observe*0 describe*0 actaware*0 nonjudge*0 nonreact*0];
    observe*1 describe*1 actaware*1 nonjudge*1 nonreact*1;
    observe WITH describe*.26 actaware*.15 nonjudge*-.07 nonreact*.16;
    describe WITH actaware*.30 nonjudge*.21 nonreact*.22;
    actaware WITH nonjudge*.34 nonreact*.33;
    nonjudge WITH nonreact*.34;

  OUTPUT:
    TECH9;



INPUT READING TERMINATED NORMALLY



Baer et al. (2006) Table 4 facet-correlation power, N=1700;

SUMMARY OF ANALYSIS

Number of groups                                                 1
Number of observations                                        1700

Number of replications
    Requested                                                 5000
    Completed                                                 5000
Value of seed                                             20262219

Number of dependent variables                                    5
Number of independent variables                                  0
Number of continuous latent variables                            0

Observed dependent variables

  Continuous
   OBSERVE     DESCRIBE    ACTAWARE    NONJUDGE    NONREACT


Estimator                                                       ML
Information matrix                                        OBSERVED
Maximum number of iterations                                  1000
Convergence criterion                                    0.500D-04
Maximum number of steepest descent iterations                   20



SAMPLE STATISTICS FOR THE FIRST REPLICATION


     SAMPLE STATISTICS


           Means
              OBSERVE       DESCRIBE      ACTAWARE      NONJUDGE      NONREACT
              ________      ________      ________      ________      ________
               -0.035        -0.060        -0.039        -0.049         0.002


           Covariances
              OBSERVE       DESCRIBE      ACTAWARE      NONJUDGE      NONREACT
              ________      ________      ________      ________      ________
 OBSERVE        0.936
 DESCRIBE       0.216         0.987
 ACTAWARE       0.139         0.304         0.993
 NONJUDGE      -0.136         0.178         0.289         1.016
 NONREACT       0.154         0.255         0.330         0.327         1.064


           Correlations
              OBSERVE       DESCRIBE      ACTAWARE      NONJUDGE      NONREACT
              ________      ________      ________      ________      ________
 OBSERVE        1.000
 DESCRIBE       0.225         1.000
 ACTAWARE       0.144         0.308         1.000
 NONJUDGE      -0.140         0.178         0.287         1.000
 NONREACT       0.154         0.248         0.321         0.314         1.000


MODEL FIT INFORMATION

Number of Free Parameters                       20

Loglikelihood

    H0 Value

        Mean                            -11585.901
        Std Dev                             65.221
        Number of successful computations     5000

             Proportions                   Percentiles
        Expected    Observed         Expected       Observed
           0.990       0.990       -11737.624     -11737.300
           0.980       0.981       -11719.845     -11719.264
           0.950       0.948       -11693.182     -11694.153
           0.900       0.901       -11669.488     -11669.185
           0.800       0.798       -11640.791     -11641.228
           0.700       0.700       -11620.103     -11620.150
           0.500       0.502       -11585.901     -11585.561
           0.300       0.298       -11551.699     -11552.272
           0.200       0.192       -11531.011     -11532.922
           0.100       0.100       -11502.314     -11502.041
           0.050       0.057       -11478.619     -11474.603
           0.020       0.020       -11451.957     -11451.729
           0.010       0.010       -11434.177     -11434.862

    H1 Value

        Mean                            -11585.901
        Std Dev                             65.221
        Number of successful computations     5000

             Proportions                   Percentiles
        Expected    Observed         Expected       Observed
           0.990       0.990       -11737.624     -11737.300
           0.980       0.981       -11719.845     -11719.264
           0.950       0.948       -11693.182     -11694.153
           0.900       0.901       -11669.488     -11669.185
           0.800       0.798       -11640.791     -11641.228
           0.700       0.700       -11620.102     -11620.150
           0.500       0.502       -11585.901     -11585.561
           0.300       0.298       -11551.699     -11552.272
           0.200       0.192       -11531.011     -11532.922
           0.100       0.100       -11502.314     -11502.041
           0.050       0.057       -11478.619     -11474.603
           0.020       0.020       -11451.957     -11451.729
           0.010       0.010       -11434.177     -11434.862

Information Criteria

    Akaike (AIC)

        Mean                             23211.801
        Std Dev                            130.442
        Number of successful computations     5000

             Proportions                   Percentiles
        Expected    Observed         Expected       Observed
           0.990       0.990        22908.355      22906.210
           0.980       0.980        22943.913      22943.206
           0.950       0.943        22997.238      22989.023
           0.900       0.900        23044.627      23043.425
           0.800       0.808        23102.022      23105.697
           0.700       0.702        23143.398      23144.466
           0.500       0.498        23211.801      23211.036
           0.300       0.300        23280.205      23280.277
           0.200       0.202        23321.581      23322.292
           0.100       0.099        23378.975      23377.712
           0.050       0.052        23426.365      23428.303
           0.020       0.019        23479.689      23477.648
           0.010       0.010        23515.248      23513.365

    Bayesian (BIC)

        Mean                             23320.569
        Std Dev                            130.442
        Number of successful computations     5000

             Proportions                   Percentiles
        Expected    Observed         Expected       Observed
           0.990       0.990        23017.123      23014.978
           0.980       0.980        23052.681      23051.973
           0.950       0.943        23106.006      23097.791
           0.900       0.900        23153.395      23152.192
           0.800       0.808        23210.789      23214.465
           0.700       0.702        23252.165      23253.234
           0.500       0.498        23320.569      23319.804
           0.300       0.300        23388.973      23389.044
           0.200       0.202        23430.349      23431.060
           0.100       0.099        23487.743      23486.480
           0.050       0.052        23535.133      23537.071
           0.020       0.019        23588.457      23586.416
           0.010       0.010        23624.016      23622.133

    Sample-Size Adjusted BIC (n* = (n + 2) / 24)

        Mean                             23257.031
        Std Dev                            130.442
        Number of successful computations     5000

             Proportions                   Percentiles
        Expected    Observed         Expected       Observed
           0.990       0.990        22953.585      22951.440
           0.980       0.980        22989.143      22988.436
           0.950       0.943        23042.468      23034.253
           0.900       0.900        23089.857      23088.655
           0.800       0.808        23147.252      23150.927
           0.700       0.702        23188.628      23189.696
           0.500       0.498        23257.031      23256.266
           0.300       0.300        23325.435      23325.507
           0.200       0.202        23366.811      23367.522
           0.100       0.099        23424.206      23422.942
           0.050       0.052        23471.595      23473.533
           0.020       0.019        23524.920      23522.878
           0.010       0.010        23560.478      23558.595

Chi-Square Test of Model Fit

        Degrees of freedom                       0

        Mean                                 0.000
        Std Dev                              0.000
        Number of successful computations     5000

             Proportions                   Percentiles
        Expected    Observed         Expected       Observed
           0.990       1.000            0.000          0.000
           0.980       1.000            0.000          0.000
           0.950       1.000            0.000          0.000
           0.900       1.000            0.000          0.000
           0.800       1.000            0.000          0.000
           0.700       1.000            0.000          0.000
           0.500       1.000            0.000          0.000
           0.300       1.000            0.000          0.000
           0.200       1.000            0.000          0.000
           0.100       1.000            0.000          0.000
           0.050       1.000            0.000          0.000
           0.020       1.000            0.000          0.000
           0.010       1.000            0.000          0.000

RMSEA (Root Mean Square Error Of Approximation)

        Mean                                 0.000
        Std Dev                              0.000
        Number of successful computations     5000

             Proportions                   Percentiles
        Expected    Observed         Expected       Observed
           0.990       0.000            0.000          0.000
           0.980       0.000            0.000          0.000
           0.950       0.000            0.000          0.000
           0.900       0.000            0.000          0.000
           0.800       0.000            0.000          0.000
           0.700       0.000            0.000          0.000
           0.500       0.000            0.000          0.000
           0.300       0.000            0.000          0.000
           0.200       0.000            0.000          0.000
           0.100       0.000            0.000          0.000
           0.050       0.000            0.000          0.000
           0.020       0.000            0.000          0.000
           0.010       0.000            0.000          0.000

SRMR (Standardized Root Mean Square Residual)

        Mean                                 0.000
        Std Dev                              0.000
        Number of successful computations     5000

             Proportions                   Percentiles
        Expected    Observed         Expected       Observed
           0.990       0.970            0.000          0.000
           0.980       0.959            0.000          0.000
           0.950       0.936            0.000          0.000
           0.900       0.914            0.000          0.000
           0.800       0.852            0.000          0.000
           0.700       0.764            0.000          0.000
           0.500       0.532            0.000          0.000
           0.300       0.288            0.000          0.000
           0.200       0.182            0.000          0.000
           0.100       0.075            0.000          0.000
           0.050       0.031            0.000          0.000
           0.020       0.008            0.000          0.000
           0.010       0.004            0.000          0.000


MODEL RESULTS

                              ESTIMATES              S. E.     M. S. E.  95%  % Sig
                 Population   Average   Std. Dev.   Average             Cover Coeff
 OBSERVE  WITH
  DESCRIBE            0.260     0.2594     0.0254     0.0250     0.0006 0.947 1.000
  ACTAWARE            0.150     0.1493     0.0247     0.0245     0.0006 0.948 1.000
  NONJUDGE           -0.070    -0.0701     0.0240     0.0243     0.0006 0.952 0.828
  NONREACT            0.160     0.1597     0.0245     0.0245     0.0006 0.948 1.000

 DESCRIBE WITH
  ACTAWARE            0.300     0.2998     0.0252     0.0253     0.0006 0.951 1.000
  NONJUDGE            0.210     0.2099     0.0251     0.0248     0.0006 0.948 1.000
  NONREACT            0.220     0.2193     0.0250     0.0248     0.0006 0.948 1.000

 ACTAWARE WITH
  NONJUDGE            0.340     0.3396     0.0252     0.0256     0.0006 0.951 1.000
  NONREACT            0.330     0.3300     0.0255     0.0255     0.0007 0.947 1.000

 NONJUDGE WITH
  NONREACT            0.340     0.3397     0.0254     0.0256     0.0006 0.954 1.000

 Means
  OBSERVE             0.000     0.0003     0.0242     0.0242     0.0006 0.953 0.047
  DESCRIBE            0.000     0.0000     0.0246     0.0242     0.0006 0.947 0.053
  ACTAWARE            0.000     0.0001     0.0240     0.0243     0.0006 0.951 0.049
  NONJUDGE            0.000    -0.0003     0.0244     0.0242     0.0006 0.948 0.052
  NONREACT            0.000    -0.0002     0.0238     0.0242     0.0006 0.952 0.048

 Variances
  OBSERVE             1.000     0.9993     0.0341     0.0343     0.0012 0.953 1.000
  DESCRIBE            1.000     1.0000     0.0350     0.0343     0.0012 0.947 1.000
  ACTAWARE            1.000     1.0002     0.0343     0.0343     0.0012 0.947 1.000
  NONJUDGE            1.000     0.9991     0.0341     0.0343     0.0012 0.947 1.000
  NONREACT            1.000     0.9995     0.0340     0.0343     0.0012 0.953 1.000


QUALITY OF NUMERICAL RESULTS

     Average Condition Number for the Information Matrix      0.835E-01
       (ratio of smallest to largest eigenvalue)


TECHNICAL OUTPUT


     PARAMETER SPECIFICATION


           NU
              OBSERVE       DESCRIBE      ACTAWARE      NONJUDGE      NONREACT
              ________      ________      ________      ________      ________
                  1             2             3             4             5


           THETA
              OBSERVE       DESCRIBE      ACTAWARE      NONJUDGE      NONREACT
              ________      ________      ________      ________      ________
 OBSERVE            6
 DESCRIBE           7             8
 ACTAWARE           9            10            11
 NONJUDGE          12            13            14            15
 NONREACT          16            17            18            19            20


     STARTING VALUES


           NU
              OBSERVE       DESCRIBE      ACTAWARE      NONJUDGE      NONREACT
              ________      ________      ________      ________      ________
                0.000         0.000         0.000         0.000         0.000


           THETA
              OBSERVE       DESCRIBE      ACTAWARE      NONJUDGE      NONREACT
              ________      ________      ________      ________      ________
 OBSERVE        1.000
 DESCRIBE       0.260         1.000
 ACTAWARE       0.150         0.300         1.000
 NONJUDGE      -0.070         0.210         0.340         1.000
 NONREACT       0.160         0.220         0.330         0.340         1.000


     POPULATION VALUES


           NU
              OBSERVE       DESCRIBE      ACTAWARE      NONJUDGE      NONREACT
              ________      ________      ________      ________      ________
                0.000         0.000         0.000         0.000         0.000


           THETA
              OBSERVE       DESCRIBE      ACTAWARE      NONJUDGE      NONREACT
              ________      ________      ________      ________      ________
 OBSERVE        1.000
 DESCRIBE       0.260         1.000
 ACTAWARE       0.150         0.300         1.000
 NONJUDGE      -0.070         0.210         0.340         1.000
 NONREACT       0.160         0.220         0.330         0.340         1.000


TECHNICAL 9 OUTPUT

  Error messages for each replication (if any)



     Beginning Time:  18:55:29
        Ending Time:  18:55:40
       Elapsed Time:  00:00:11



MUTHEN & MUTHEN
3463 Stoner Ave.
Los Angeles, CA  90066

Tel: (310) 391-9971
Fax: (310) 391-8971
Web: www.StatModel.com
Support: Support@StatModel.com

Copyright (c) 1998-2019 Muthen & Muthen
