Mplus VERSION 8.3 (Mac)
MUTHEN & MUTHEN
05/19/2026   7:10 PM

INPUT INSTRUCTIONS

  TITLE: Baer et al. (2006) Table 4 facet-correlation power, N=347;

  MONTECARLO:
    NAMES = observe describe actaware nonjudge nonreact;
    NOBSERVATIONS = 347;
    NREPS = 10000;
    SEED = 20260866;

  MODEL POPULATION:
    [observe*0 describe*0 actaware*0 nonjudge*0 nonreact*0];
    observe*1 describe*1 actaware*1 nonjudge*1 nonreact*1;
    observe WITH describe*.26 actaware*.15 nonjudge*-.07 nonreact*.16;
    describe WITH actaware*.30 nonjudge*.21 nonreact*.22;
    actaware WITH nonjudge*.34 nonreact*.33;
    nonjudge WITH nonreact*.34;

  MODEL:
    [observe*0 describe*0 actaware*0 nonjudge*0 nonreact*0];
    observe*1 describe*1 actaware*1 nonjudge*1 nonreact*1;
    observe WITH describe*.26 actaware*.15 nonjudge*-.07 nonreact*.16;
    describe WITH actaware*.30 nonjudge*.21 nonreact*.22;
    actaware WITH nonjudge*.34 nonreact*.33;
    nonjudge WITH nonreact*.34;

  OUTPUT:
    TECH9;



INPUT READING TERMINATED NORMALLY



Baer et al. (2006) Table 4 facet-correlation power, N=347;

SUMMARY OF ANALYSIS

Number of groups                                                 1
Number of observations                                         347

Number of replications
    Requested                                                10000
    Completed                                                10000
Value of seed                                             20260866

Number of dependent variables                                    5
Number of independent variables                                  0
Number of continuous latent variables                            0

Observed dependent variables

  Continuous
   OBSERVE     DESCRIBE    ACTAWARE    NONJUDGE    NONREACT


Estimator                                                       ML
Information matrix                                        OBSERVED
Maximum number of iterations                                  1000
Convergence criterion                                    0.500D-04
Maximum number of steepest descent iterations                   20



SAMPLE STATISTICS FOR THE FIRST REPLICATION


     SAMPLE STATISTICS


           Means
              OBSERVE       DESCRIBE      ACTAWARE      NONJUDGE      NONREACT
              ________      ________      ________      ________      ________
                0.087         0.110        -0.014         0.058         0.005


           Covariances
              OBSERVE       DESCRIBE      ACTAWARE      NONJUDGE      NONREACT
              ________      ________      ________      ________      ________
 OBSERVE        0.998
 DESCRIBE       0.214         1.017
 ACTAWARE       0.214         0.335         1.049
 NONJUDGE      -0.056         0.218         0.424         1.088
 NONREACT       0.162         0.241         0.354         0.389         1.024


           Correlations
              OBSERVE       DESCRIBE      ACTAWARE      NONJUDGE      NONREACT
              ________      ________      ________      ________      ________
 OBSERVE        1.000
 DESCRIBE       0.212         1.000
 ACTAWARE       0.209         0.324         1.000
 NONJUDGE      -0.054         0.207         0.396         1.000
 NONREACT       0.160         0.236         0.341         0.368         1.000


MODEL FIT INFORMATION

Number of Free Parameters                       20

Loglikelihood

    H0 Value

        Mean                             -2356.938
        Std Dev                             29.537
        Number of successful computations    10000

             Proportions                   Percentiles
        Expected    Observed         Expected       Observed
           0.990       0.992        -2425.649      -2423.955
           0.980       0.981        -2417.597      -2416.931
           0.950       0.952        -2405.523      -2404.986
           0.900       0.901        -2394.792      -2394.529
           0.800       0.801        -2381.796      -2381.734
           0.700       0.695        -2372.427      -2372.831
           0.500       0.494        -2356.938      -2357.472
           0.300       0.302        -2341.449      -2341.291
           0.200       0.205        -2332.080      -2331.658
           0.100       0.103        -2319.083      -2318.714
           0.050       0.054        -2308.353      -2307.557
           0.020       0.020        -2296.278      -2296.033
           0.010       0.011        -2288.226      -2287.840

    H1 Value

        Mean                             -2356.938
        Std Dev                             29.537
        Number of successful computations    10000

             Proportions                   Percentiles
        Expected    Observed         Expected       Observed
           0.990       0.992        -2425.649      -2423.955
           0.980       0.981        -2417.597      -2416.931
           0.950       0.952        -2405.523      -2404.986
           0.900       0.901        -2394.792      -2394.529
           0.800       0.801        -2381.796      -2381.734
           0.700       0.695        -2372.427      -2372.831
           0.500       0.494        -2356.938      -2357.472
           0.300       0.302        -2341.449      -2341.291
           0.200       0.205        -2332.080      -2331.658
           0.100       0.103        -2319.083      -2318.714
           0.050       0.054        -2308.353      -2307.557
           0.020       0.020        -2296.278      -2296.033
           0.010       0.011        -2288.226      -2287.840

Information Criteria

    Akaike (AIC)

        Mean                              4753.876
        Std Dev                             59.074
        Number of successful computations    10000

             Proportions                   Percentiles
        Expected    Observed         Expected       Observed
           0.990       0.990         4616.453       4615.583
           0.980       0.980         4632.556       4631.792
           0.950       0.946         4656.705       4655.070
           0.900       0.897         4678.167       4677.417
           0.800       0.795         4704.159       4703.290
           0.700       0.698         4722.897       4722.569
           0.500       0.506         4753.876       4754.915
           0.300       0.305         4784.854       4785.660
           0.200       0.199         4803.592       4803.423
           0.100       0.099         4829.584       4828.998
           0.050       0.048         4851.046       4849.918
           0.020       0.019         4875.195       4873.846
           0.010       0.008         4891.298       4887.716

    Bayesian (BIC)

        Mean                              4830.862
        Std Dev                             59.074
        Number of successful computations    10000

             Proportions                   Percentiles
        Expected    Observed         Expected       Observed
           0.990       0.990         4693.439       4692.569
           0.980       0.980         4709.543       4708.778
           0.950       0.946         4733.692       4732.057
           0.900       0.897         4755.153       4754.404
           0.800       0.795         4781.146       4780.276
           0.700       0.698         4799.884       4799.556
           0.500       0.506         4830.862       4831.901
           0.300       0.305         4861.840       4862.646
           0.200       0.199         4880.578       4880.410
           0.100       0.099         4906.571       4905.984
           0.050       0.048         4928.032       4926.905
           0.020       0.019         4952.181       4950.832
           0.010       0.008         4968.285       4964.703

    Sample-Size Adjusted BIC (n* = (n + 2) / 24)

        Mean                              4767.416
        Std Dev                             59.074
        Number of successful computations    10000

             Proportions                   Percentiles
        Expected    Observed         Expected       Observed
           0.990       0.990         4629.993       4629.123
           0.980       0.980         4646.096       4645.332
           0.950       0.946         4670.246       4668.610
           0.900       0.897         4691.707       4690.958
           0.800       0.795         4717.700       4716.830
           0.700       0.698         4736.438       4736.110
           0.500       0.506         4767.416       4768.455
           0.300       0.305         4798.394       4799.200
           0.200       0.199         4817.132       4816.964
           0.100       0.099         4843.125       4842.538
           0.050       0.048         4864.586       4863.458
           0.020       0.019         4888.735       4887.386
           0.010       0.008         4904.839       4901.256

Chi-Square Test of Model Fit

        Degrees of freedom                       0

        Mean                                 0.000
        Std Dev                              0.000
        Number of successful computations    10000

             Proportions                   Percentiles
        Expected    Observed         Expected       Observed
           0.990       1.000            0.000          0.000
           0.980       1.000            0.000          0.000
           0.950       1.000            0.000          0.000
           0.900       1.000            0.000          0.000
           0.800       1.000            0.000          0.000
           0.700       1.000            0.000          0.000
           0.500       1.000            0.000          0.000
           0.300       1.000            0.000          0.000
           0.200       1.000            0.000          0.000
           0.100       1.000            0.000          0.000
           0.050       1.000            0.000          0.000
           0.020       1.000            0.000          0.000
           0.010       1.000            0.000          0.000

RMSEA (Root Mean Square Error Of Approximation)

        Mean                                 0.000
        Std Dev                              0.000
        Number of successful computations    10000

             Proportions                   Percentiles
        Expected    Observed         Expected       Observed
           0.990       0.000            0.000          0.000
           0.980       0.000            0.000          0.000
           0.950       0.000            0.000          0.000
           0.900       0.000            0.000          0.000
           0.800       0.000            0.000          0.000
           0.700       0.000            0.000          0.000
           0.500       0.000            0.000          0.000
           0.300       0.000            0.000          0.000
           0.200       0.000            0.000          0.000
           0.100       0.000            0.000          0.000
           0.050       0.000            0.000          0.000
           0.020       0.000            0.000          0.000
           0.010       0.000            0.000          0.000

SRMR (Standardized Root Mean Square Residual)

        Mean                                 0.000
        Std Dev                              0.000
        Number of successful computations    10000

             Proportions                   Percentiles
        Expected    Observed         Expected       Observed
           0.990       0.982            0.000          0.000
           0.980       0.977            0.000          0.000
           0.950       0.959            0.000          0.000
           0.900       0.930            0.000          0.000
           0.800       0.857            0.000          0.000
           0.700       0.756            0.000          0.000
           0.500       0.528            0.000          0.000
           0.300       0.286            0.000          0.000
           0.200       0.168            0.000          0.000
           0.100       0.069            0.000          0.000
           0.050       0.029            0.000          0.000
           0.020       0.010            0.000          0.000
           0.010       0.005            0.000          0.000


MODEL RESULTS

                              ESTIMATES              S. E.     M. S. E.  95%  % Sig
                 Population   Average   Std. Dev.   Average             Cover Coeff
 OBSERVE  WITH
  DESCRIBE            0.260     0.2592     0.0559     0.0553     0.0031 0.947 0.998
  ACTAWARE            0.150     0.1507     0.0539     0.0541     0.0029 0.951 0.803
  NONJUDGE           -0.070    -0.0694     0.0540     0.0537     0.0029 0.950 0.252
  NONREACT            0.160     0.1590     0.0544     0.0542     0.0030 0.947 0.846

 DESCRIBE WITH
  ACTAWARE            0.300     0.2988     0.0561     0.0559     0.0031 0.948 1.000
  NONJUDGE            0.210     0.2090     0.0551     0.0547     0.0030 0.950 0.975
  NONREACT            0.220     0.2194     0.0555     0.0548     0.0031 0.947 0.983

 ACTAWARE WITH
  NONJUDGE            0.340     0.3388     0.0567     0.0565     0.0032 0.950 1.000
  NONREACT            0.330     0.3286     0.0562     0.0563     0.0032 0.950 1.000

 NONJUDGE WITH
  NONREACT            0.340     0.3389     0.0571     0.0565     0.0033 0.946 1.000

 Means
  OBSERVE             0.000    -0.0002     0.0540     0.0536     0.0029 0.945 0.055
  DESCRIBE            0.000     0.0002     0.0540     0.0536     0.0029 0.947 0.053
  ACTAWARE            0.000    -0.0001     0.0532     0.0536     0.0028 0.955 0.045
  NONJUDGE            0.000    -0.0006     0.0532     0.0536     0.0028 0.950 0.050
  NONREACT            0.000    -0.0001     0.0528     0.0536     0.0028 0.953 0.047

 Variances
  OBSERVE             1.000     0.9970     0.0764     0.0757     0.0059 0.943 1.000
  DESCRIBE            1.000     0.9977     0.0763     0.0757     0.0058 0.945 1.000
  ACTAWARE            1.000     0.9968     0.0759     0.0757     0.0058 0.942 1.000
  NONJUDGE            1.000     0.9979     0.0755     0.0758     0.0057 0.947 1.000
  NONREACT            1.000     0.9974     0.0763     0.0757     0.0058 0.943 1.000


QUALITY OF NUMERICAL RESULTS

     Average Condition Number for the Information Matrix      0.494E-01
       (ratio of smallest to largest eigenvalue)


TECHNICAL OUTPUT


     PARAMETER SPECIFICATION


           NU
              OBSERVE       DESCRIBE      ACTAWARE      NONJUDGE      NONREACT
              ________      ________      ________      ________      ________
                  1             2             3             4             5


           THETA
              OBSERVE       DESCRIBE      ACTAWARE      NONJUDGE      NONREACT
              ________      ________      ________      ________      ________
 OBSERVE            6
 DESCRIBE           7             8
 ACTAWARE           9            10            11
 NONJUDGE          12            13            14            15
 NONREACT          16            17            18            19            20


     STARTING VALUES


           NU
              OBSERVE       DESCRIBE      ACTAWARE      NONJUDGE      NONREACT
              ________      ________      ________      ________      ________
                0.000         0.000         0.000         0.000         0.000


           THETA
              OBSERVE       DESCRIBE      ACTAWARE      NONJUDGE      NONREACT
              ________      ________      ________      ________      ________
 OBSERVE        1.000
 DESCRIBE       0.260         1.000
 ACTAWARE       0.150         0.300         1.000
 NONJUDGE      -0.070         0.210         0.340         1.000
 NONREACT       0.160         0.220         0.330         0.340         1.000


     POPULATION VALUES


           NU
              OBSERVE       DESCRIBE      ACTAWARE      NONJUDGE      NONREACT
              ________      ________      ________      ________      ________
                0.000         0.000         0.000         0.000         0.000


           THETA
              OBSERVE       DESCRIBE      ACTAWARE      NONJUDGE      NONREACT
              ________      ________      ________      ________      ________
 OBSERVE        1.000
 DESCRIBE       0.260         1.000
 ACTAWARE       0.150         0.300         1.000
 NONJUDGE      -0.070         0.210         0.340         1.000
 NONREACT       0.160         0.220         0.330         0.340         1.000


TECHNICAL 9 OUTPUT

  Error messages for each replication (if any)



     Beginning Time:  19:10:07
        Ending Time:  19:10:13
       Elapsed Time:  00:00:06



MUTHEN & MUTHEN
3463 Stoner Ave.
Los Angeles, CA  90066

Tel: (310) 391-9971
Fax: (310) 391-8971
Web: www.StatModel.com
Support: Support@StatModel.com

Copyright (c) 1998-2019 Muthen & Muthen
