Mplus VERSION 8.3 (Mac)
MUTHEN & MUTHEN
05/19/2026   7:10 PM

INPUT INSTRUCTIONS

  TITLE: Baer et al. (2006) Table 4 facet-correlation power, N=350;

  MONTECARLO:
    NAMES = observe describe actaware nonjudge nonreact;
    NOBSERVATIONS = 350;
    NREPS = 10000;
    SEED = 20260869;

  MODEL POPULATION:
    [observe*0 describe*0 actaware*0 nonjudge*0 nonreact*0];
    observe*1 describe*1 actaware*1 nonjudge*1 nonreact*1;
    observe WITH describe*.26 actaware*.15 nonjudge*-.07 nonreact*.16;
    describe WITH actaware*.30 nonjudge*.21 nonreact*.22;
    actaware WITH nonjudge*.34 nonreact*.33;
    nonjudge WITH nonreact*.34;

  MODEL:
    [observe*0 describe*0 actaware*0 nonjudge*0 nonreact*0];
    observe*1 describe*1 actaware*1 nonjudge*1 nonreact*1;
    observe WITH describe*.26 actaware*.15 nonjudge*-.07 nonreact*.16;
    describe WITH actaware*.30 nonjudge*.21 nonreact*.22;
    actaware WITH nonjudge*.34 nonreact*.33;
    nonjudge WITH nonreact*.34;

  OUTPUT:
    TECH9;



INPUT READING TERMINATED NORMALLY



Baer et al. (2006) Table 4 facet-correlation power, N=350;

SUMMARY OF ANALYSIS

Number of groups                                                 1
Number of observations                                         350

Number of replications
    Requested                                                10000
    Completed                                                10000
Value of seed                                             20260869

Number of dependent variables                                    5
Number of independent variables                                  0
Number of continuous latent variables                            0

Observed dependent variables

  Continuous
   OBSERVE     DESCRIBE    ACTAWARE    NONJUDGE    NONREACT


Estimator                                                       ML
Information matrix                                        OBSERVED
Maximum number of iterations                                  1000
Convergence criterion                                    0.500D-04
Maximum number of steepest descent iterations                   20



SAMPLE STATISTICS FOR THE FIRST REPLICATION


     SAMPLE STATISTICS


           Means
              OBSERVE       DESCRIBE      ACTAWARE      NONJUDGE      NONREACT
              ________      ________      ________      ________      ________
                0.005        -0.029        -0.016         0.048         0.003


           Covariances
              OBSERVE       DESCRIBE      ACTAWARE      NONJUDGE      NONREACT
              ________      ________      ________      ________      ________
 OBSERVE        1.045
 DESCRIBE       0.278         0.967
 ACTAWARE       0.162         0.367         0.978
 NONJUDGE      -0.031         0.276         0.297         0.964
 NONREACT       0.235         0.280         0.406         0.349         1.150


           Correlations
              OBSERVE       DESCRIBE      ACTAWARE      NONJUDGE      NONREACT
              ________      ________      ________      ________      ________
 OBSERVE        1.000
 DESCRIBE       0.277         1.000
 ACTAWARE       0.160         0.377         1.000
 NONJUDGE      -0.031         0.286         0.306         1.000
 NONREACT       0.215         0.266         0.383         0.332         1.000


MODEL FIT INFORMATION

Number of Free Parameters                       20

Loglikelihood

    H0 Value

        Mean                             -2377.346
        Std Dev                             30.181
        Number of successful computations    10000

             Proportions                   Percentiles
        Expected    Observed         Expected       Observed
           0.990       0.991        -2447.556      -2445.957
           0.980       0.981        -2439.329      -2438.517
           0.950       0.952        -2426.991      -2426.566
           0.900       0.899        -2416.026      -2416.296
           0.800       0.799        -2402.746      -2402.871
           0.700       0.699        -2393.173      -2393.322
           0.500       0.499        -2377.346      -2377.408
           0.300       0.299        -2361.518      -2361.652
           0.200       0.200        -2351.945      -2352.002
           0.100       0.103        -2338.665      -2338.303
           0.050       0.050        -2327.700      -2327.757
           0.020       0.021        -2315.362      -2314.840
           0.010       0.011        -2307.135      -2306.317

    H1 Value

        Mean                             -2377.346
        Std Dev                             30.181
        Number of successful computations    10000

             Proportions                   Percentiles
        Expected    Observed         Expected       Observed
           0.990       0.991        -2447.556      -2445.957
           0.980       0.981        -2439.329      -2438.517
           0.950       0.952        -2426.991      -2426.566
           0.900       0.899        -2416.026      -2416.296
           0.800       0.799        -2402.746      -2402.871
           0.700       0.699        -2393.173      -2393.322
           0.500       0.499        -2377.346      -2377.408
           0.300       0.299        -2361.518      -2361.652
           0.200       0.200        -2351.945      -2352.002
           0.100       0.103        -2338.665      -2338.303
           0.050       0.050        -2327.700      -2327.757
           0.020       0.021        -2315.362      -2314.840
           0.010       0.011        -2307.135      -2306.317

Information Criteria

    Akaike (AIC)

        Mean                              4794.691
        Std Dev                             60.362
        Number of successful computations    10000

             Proportions                   Percentiles
        Expected    Observed         Expected       Observed
           0.990       0.990         4654.270       4652.622
           0.980       0.979         4670.725       4669.619
           0.950       0.950         4695.401       4695.499
           0.900       0.897         4717.330       4716.556
           0.800       0.800         4743.890       4743.953
           0.700       0.701         4763.037       4763.277
           0.500       0.501         4794.691       4794.813
           0.300       0.301         4826.345       4826.631
           0.200       0.201         4845.492       4845.728
           0.100       0.101         4872.052       4872.515
           0.050       0.049         4893.981       4893.096
           0.020       0.019         4918.657       4917.005
           0.010       0.009         4935.112       4931.804

    Bayesian (BIC)

        Mean                              4871.850
        Std Dev                             60.362
        Number of successful computations    10000

             Proportions                   Percentiles
        Expected    Observed         Expected       Observed
           0.990       0.990         4731.428       4729.781
           0.980       0.979         4747.883       4746.778
           0.950       0.950         4772.559       4772.658
           0.900       0.897         4794.489       4793.715
           0.800       0.800         4821.049       4821.112
           0.700       0.701         4840.196       4840.436
           0.500       0.501         4871.850       4871.972
           0.300       0.301         4903.504       4903.790
           0.200       0.201         4922.651       4922.887
           0.100       0.101         4949.210       4949.674
           0.050       0.049         4971.140       4970.254
           0.020       0.019         4995.816       4994.163
           0.010       0.009         5012.271       5008.963

    Sample-Size Adjusted BIC (n* = (n + 2) / 24)

        Mean                              4808.403
        Std Dev                             60.362
        Number of successful computations    10000

             Proportions                   Percentiles
        Expected    Observed         Expected       Observed
           0.990       0.990         4667.981       4666.334
           0.980       0.979         4684.436       4683.331
           0.950       0.950         4709.112       4709.211
           0.900       0.897         4731.042       4730.268
           0.800       0.800         4757.602       4757.665
           0.700       0.701         4776.749       4776.989
           0.500       0.501         4808.403       4808.525
           0.300       0.301         4840.057       4840.343
           0.200       0.201         4859.204       4859.440
           0.100       0.101         4885.763       4886.227
           0.050       0.049         4907.693       4906.807
           0.020       0.019         4932.369       4930.716
           0.010       0.009         4948.824       4945.515

Chi-Square Test of Model Fit

        Degrees of freedom                       0

        Mean                                 0.000
        Std Dev                              0.000
        Number of successful computations    10000

             Proportions                   Percentiles
        Expected    Observed         Expected       Observed
           0.990       1.000            0.000          0.000
           0.980       1.000            0.000          0.000
           0.950       1.000            0.000          0.000
           0.900       1.000            0.000          0.000
           0.800       1.000            0.000          0.000
           0.700       1.000            0.000          0.000
           0.500       1.000            0.000          0.000
           0.300       1.000            0.000          0.000
           0.200       1.000            0.000          0.000
           0.100       1.000            0.000          0.000
           0.050       1.000            0.000          0.000
           0.020       1.000            0.000          0.000
           0.010       1.000            0.000          0.000

RMSEA (Root Mean Square Error Of Approximation)

        Mean                                 0.000
        Std Dev                              0.000
        Number of successful computations    10000

             Proportions                   Percentiles
        Expected    Observed         Expected       Observed
           0.990       0.000            0.000          0.000
           0.980       0.000            0.000          0.000
           0.950       0.000            0.000          0.000
           0.900       0.000            0.000          0.000
           0.800       0.000            0.000          0.000
           0.700       0.000            0.000          0.000
           0.500       0.000            0.000          0.000
           0.300       0.000            0.000          0.000
           0.200       0.000            0.000          0.000
           0.100       0.000            0.000          0.000
           0.050       0.000            0.000          0.000
           0.020       0.000            0.000          0.000
           0.010       0.000            0.000          0.000

SRMR (Standardized Root Mean Square Residual)

        Mean                                 0.000
        Std Dev                              0.000
        Number of successful computations    10000

             Proportions                   Percentiles
        Expected    Observed         Expected       Observed
           0.990       0.982            0.000          0.000
           0.980       0.978            0.000          0.000
           0.950       0.960            0.000          0.000
           0.900       0.933            0.000          0.000
           0.800       0.858            0.000          0.000
           0.700       0.752            0.000          0.000
           0.500       0.528            0.000          0.000
           0.300       0.288            0.000          0.000
           0.200       0.169            0.000          0.000
           0.100       0.072            0.000          0.000
           0.050       0.029            0.000          0.000
           0.020       0.012            0.000          0.000
           0.010       0.004            0.000          0.000


MODEL RESULTS

                              ESTIMATES              S. E.     M. S. E.  95%  % Sig
                 Population   Average   Std. Dev.   Average             Cover Coeff
 OBSERVE  WITH
  DESCRIBE            0.260     0.2593     0.0549     0.0551     0.0030 0.948 0.999
  ACTAWARE            0.150     0.1495     0.0535     0.0539     0.0029 0.949 0.804
  NONJUDGE           -0.070    -0.0703     0.0534     0.0535     0.0029 0.952 0.259
  NONREACT            0.160     0.1599     0.0545     0.0540     0.0030 0.948 0.851

 DESCRIBE WITH
  ACTAWARE            0.300     0.2995     0.0559     0.0557     0.0031 0.948 1.000
  NONJUDGE            0.210     0.2099     0.0542     0.0545     0.0029 0.954 0.980
  NONREACT            0.220     0.2199     0.0553     0.0546     0.0031 0.946 0.986

 ACTAWARE WITH
  NONJUDGE            0.340     0.3400     0.0560     0.0564     0.0031 0.949 1.000
  NONREACT            0.330     0.3294     0.0561     0.0562     0.0031 0.947 1.000

 NONJUDGE WITH
  NONREACT            0.340     0.3395     0.0562     0.0564     0.0032 0.952 1.000

 Means
  OBSERVE             0.000     0.0002     0.0530     0.0533     0.0028 0.953 0.047
  DESCRIBE            0.000     0.0010     0.0530     0.0533     0.0028 0.950 0.050
  ACTAWARE            0.000     0.0007     0.0534     0.0534     0.0028 0.951 0.049
  NONJUDGE            0.000    -0.0003     0.0536     0.0534     0.0029 0.949 0.051
  NONREACT            0.000     0.0001     0.0532     0.0534     0.0028 0.952 0.048

 Variances
  OBSERVE             1.000     0.9972     0.0760     0.0754     0.0058 0.944 1.000
  DESCRIBE            1.000     0.9968     0.0761     0.0753     0.0058 0.940 1.000
  ACTAWARE            1.000     0.9979     0.0762     0.0754     0.0058 0.941 1.000
  NONJUDGE            1.000     0.9986     0.0756     0.0755     0.0057 0.946 1.000
  NONREACT            1.000     0.9981     0.0757     0.0754     0.0057 0.946 1.000


QUALITY OF NUMERICAL RESULTS

     Average Condition Number for the Information Matrix      0.891E-01
       (ratio of smallest to largest eigenvalue)


TECHNICAL OUTPUT


     PARAMETER SPECIFICATION


           NU
              OBSERVE       DESCRIBE      ACTAWARE      NONJUDGE      NONREACT
              ________      ________      ________      ________      ________
                  1             2             3             4             5


           THETA
              OBSERVE       DESCRIBE      ACTAWARE      NONJUDGE      NONREACT
              ________      ________      ________      ________      ________
 OBSERVE            6
 DESCRIBE           7             8
 ACTAWARE           9            10            11
 NONJUDGE          12            13            14            15
 NONREACT          16            17            18            19            20


     STARTING VALUES


           NU
              OBSERVE       DESCRIBE      ACTAWARE      NONJUDGE      NONREACT
              ________      ________      ________      ________      ________
                0.000         0.000         0.000         0.000         0.000


           THETA
              OBSERVE       DESCRIBE      ACTAWARE      NONJUDGE      NONREACT
              ________      ________      ________      ________      ________
 OBSERVE        1.000
 DESCRIBE       0.260         1.000
 ACTAWARE       0.150         0.300         1.000
 NONJUDGE      -0.070         0.210         0.340         1.000
 NONREACT       0.160         0.220         0.330         0.340         1.000


     POPULATION VALUES


           NU
              OBSERVE       DESCRIBE      ACTAWARE      NONJUDGE      NONREACT
              ________      ________      ________      ________      ________
                0.000         0.000         0.000         0.000         0.000


           THETA
              OBSERVE       DESCRIBE      ACTAWARE      NONJUDGE      NONREACT
              ________      ________      ________      ________      ________
 OBSERVE        1.000
 DESCRIBE       0.260         1.000
 ACTAWARE       0.150         0.300         1.000
 NONJUDGE      -0.070         0.210         0.340         1.000
 NONREACT       0.160         0.220         0.330         0.340         1.000


TECHNICAL 9 OUTPUT

  Error messages for each replication (if any)



     Beginning Time:  19:10:13
        Ending Time:  19:10:20
       Elapsed Time:  00:00:07



MUTHEN & MUTHEN
3463 Stoner Ave.
Los Angeles, CA  90066

Tel: (310) 391-9971
Fax: (310) 391-8971
Web: www.StatModel.com
Support: Support@StatModel.com

Copyright (c) 1998-2019 Muthen & Muthen
