Mplus VERSION 8.3 (Mac)
MUTHEN & MUTHEN
05/19/2026   7:09 PM

INPUT INSTRUCTIONS

  TITLE: Baer et al. (2006) Table 4 facet-correlation power, N=176;

  MONTECARLO:
    NAMES = observe describe actaware nonjudge nonreact;
    NOBSERVATIONS = 176;
    NREPS = 10000;
    SEED = 20260695;

  MODEL POPULATION:
    [observe*0 describe*0 actaware*0 nonjudge*0 nonreact*0];
    observe*1 describe*1 actaware*1 nonjudge*1 nonreact*1;
    observe WITH describe*.26 actaware*.15 nonjudge*-.07 nonreact*.16;
    describe WITH actaware*.30 nonjudge*.21 nonreact*.22;
    actaware WITH nonjudge*.34 nonreact*.33;
    nonjudge WITH nonreact*.34;

  MODEL:
    [observe*0 describe*0 actaware*0 nonjudge*0 nonreact*0];
    observe*1 describe*1 actaware*1 nonjudge*1 nonreact*1;
    observe WITH describe*.26 actaware*.15 nonjudge*-.07 nonreact*.16;
    describe WITH actaware*.30 nonjudge*.21 nonreact*.22;
    actaware WITH nonjudge*.34 nonreact*.33;
    nonjudge WITH nonreact*.34;

  OUTPUT:
    TECH9;



INPUT READING TERMINATED NORMALLY



Baer et al. (2006) Table 4 facet-correlation power, N=176;

SUMMARY OF ANALYSIS

Number of groups                                                 1
Number of observations                                         176

Number of replications
    Requested                                                10000
    Completed                                                10000
Value of seed                                             20260695

Number of dependent variables                                    5
Number of independent variables                                  0
Number of continuous latent variables                            0

Observed dependent variables

  Continuous
   OBSERVE     DESCRIBE    ACTAWARE    NONJUDGE    NONREACT


Estimator                                                       ML
Information matrix                                        OBSERVED
Maximum number of iterations                                  1000
Convergence criterion                                    0.500D-04
Maximum number of steepest descent iterations                   20



SAMPLE STATISTICS FOR THE FIRST REPLICATION


     SAMPLE STATISTICS


           Means
              OBSERVE       DESCRIBE      ACTAWARE      NONJUDGE      NONREACT
              ________      ________      ________      ________      ________
                0.048         0.062         0.079         0.058        -0.073


           Covariances
              OBSERVE       DESCRIBE      ACTAWARE      NONJUDGE      NONREACT
              ________      ________      ________      ________      ________
 OBSERVE        1.089
 DESCRIBE       0.286         1.030
 ACTAWARE       0.210         0.531         1.085
 NONJUDGE      -0.131         0.365         0.369         0.937
 NONREACT       0.165         0.320         0.469         0.370         1.081


           Correlations
              OBSERVE       DESCRIBE      ACTAWARE      NONJUDGE      NONREACT
              ________      ________      ________      ________      ________
 OBSERVE        1.000
 DESCRIBE       0.270         1.000
 ACTAWARE       0.194         0.502         1.000
 NONJUDGE      -0.130         0.372         0.366         1.000
 NONREACT       0.152         0.303         0.433         0.367         1.000


MODEL FIT INFORMATION

Number of Free Parameters                       20

Loglikelihood

    H0 Value

        Mean                             -1190.531
        Std Dev                             21.018
        Number of successful computations    10000

             Proportions                   Percentiles
        Expected    Observed         Expected       Observed
           0.990       0.991        -1239.425      -1238.255
           0.980       0.982        -1233.695      -1232.751
           0.950       0.952        -1225.103      -1224.781
           0.900       0.899        -1217.467      -1217.641
           0.800       0.799        -1208.220      -1208.257
           0.700       0.699        -1201.553      -1201.658
           0.500       0.493        -1190.531      -1190.892
           0.300       0.299        -1179.510      -1179.602
           0.200       0.197        -1172.843      -1173.048
           0.100       0.102        -1163.595      -1163.376
           0.050       0.053        -1155.959      -1155.325
           0.020       0.023        -1147.367      -1146.247
           0.010       0.011        -1141.638      -1140.863

    H1 Value

        Mean                             -1190.531
        Std Dev                             21.018
        Number of successful computations    10000

             Proportions                   Percentiles
        Expected    Observed         Expected       Observed
           0.990       0.991        -1239.425      -1238.255
           0.980       0.982        -1233.695      -1232.751
           0.950       0.952        -1225.103      -1224.781
           0.900       0.899        -1217.467      -1217.641
           0.800       0.799        -1208.220      -1208.257
           0.700       0.699        -1201.553      -1201.658
           0.500       0.493        -1190.531      -1190.892
           0.300       0.299        -1179.510      -1179.602
           0.200       0.197        -1172.843      -1173.048
           0.100       0.102        -1163.595      -1163.376
           0.050       0.053        -1155.959      -1155.325
           0.020       0.023        -1147.367      -1146.247
           0.010       0.011        -1141.638      -1140.863

Information Criteria

    Akaike (AIC)

        Mean                              2421.063
        Std Dev                             42.035
        Number of successful computations    10000

             Proportions                   Percentiles
        Expected    Observed         Expected       Observed
           0.990       0.989         2323.276       2321.517
           0.980       0.977         2334.735       2332.239
           0.950       0.947         2351.919       2350.596
           0.900       0.898         2367.190       2366.716
           0.800       0.803         2385.686       2386.074
           0.700       0.701         2399.019       2399.197
           0.500       0.506         2421.063       2421.753
           0.300       0.301         2443.106       2443.304
           0.200       0.201         2456.439       2456.498
           0.100       0.101         2474.935       2475.236
           0.050       0.048         2490.206       2489.512
           0.020       0.018         2507.390       2505.382
           0.010       0.009         2518.849       2516.431

    Bayesian (BIC)

        Mean                              2484.472
        Std Dev                             42.035
        Number of successful computations    10000

             Proportions                   Percentiles
        Expected    Observed         Expected       Observed
           0.990       0.989         2386.685       2384.927
           0.980       0.977         2398.144       2395.649
           0.950       0.947         2415.328       2414.006
           0.900       0.898         2430.600       2430.125
           0.800       0.803         2449.095       2449.484
           0.700       0.701         2462.429       2462.606
           0.500       0.506         2484.472       2485.162
           0.300       0.301         2506.516       2506.714
           0.200       0.201         2519.849       2519.908
           0.100       0.101         2538.345       2538.646
           0.050       0.048         2553.616       2552.921
           0.020       0.018         2570.800       2568.792
           0.010       0.009         2582.259       2579.841

    Sample-Size Adjusted BIC (n* = (n + 2) / 24)

        Mean                              2421.137
        Std Dev                             42.035
        Number of successful computations    10000

             Proportions                   Percentiles
        Expected    Observed         Expected       Observed
           0.990       0.989         2323.350       2321.592
           0.980       0.977         2334.809       2332.314
           0.950       0.947         2351.993       2350.671
           0.900       0.898         2367.265       2366.790
           0.800       0.803         2385.760       2386.149
           0.700       0.701         2399.094       2399.271
           0.500       0.506         2421.137       2421.827
           0.300       0.301         2443.180       2443.379
           0.200       0.201         2456.514       2456.573
           0.100       0.101         2475.010       2475.311
           0.050       0.048         2490.281       2489.586
           0.020       0.018         2507.465       2505.457
           0.010       0.009         2518.924       2516.506

Chi-Square Test of Model Fit

        Degrees of freedom                       0

        Mean                                 0.000
        Std Dev                              0.000
        Number of successful computations    10000

             Proportions                   Percentiles
        Expected    Observed         Expected       Observed
           0.990       1.000            0.000          0.000
           0.980       1.000            0.000          0.000
           0.950       1.000            0.000          0.000
           0.900       1.000            0.000          0.000
           0.800       1.000            0.000          0.000
           0.700       1.000            0.000          0.000
           0.500       1.000            0.000          0.000
           0.300       1.000            0.000          0.000
           0.200       1.000            0.000          0.000
           0.100       1.000            0.000          0.000
           0.050       1.000            0.000          0.000
           0.020       1.000            0.000          0.000
           0.010       1.000            0.000          0.000

RMSEA (Root Mean Square Error Of Approximation)

        Mean                                 0.000
        Std Dev                              0.000
        Number of successful computations    10000

             Proportions                   Percentiles
        Expected    Observed         Expected       Observed
           0.990       0.000            0.000          0.000
           0.980       0.000            0.000          0.000
           0.950       0.000            0.000          0.000
           0.900       0.000            0.000          0.000
           0.800       0.000            0.000          0.000
           0.700       0.000            0.000          0.000
           0.500       0.000            0.000          0.000
           0.300       0.000            0.000          0.000
           0.200       0.000            0.000          0.000
           0.100       0.000            0.000          0.000
           0.050       0.000            0.000          0.000
           0.020       0.000            0.000          0.000
           0.010       0.000            0.000          0.000

SRMR (Standardized Root Mean Square Residual)

        Mean                                 0.000
        Std Dev                              0.000
        Number of successful computations    10000

             Proportions                   Percentiles
        Expected    Observed         Expected       Observed
           0.990       0.959            0.000          0.000
           0.980       0.959            0.000          0.000
           0.950       0.956            0.000          0.000
           0.900       0.935            0.000          0.000
           0.800       0.866            0.000          0.000
           0.700       0.770            0.000          0.000
           0.500       0.531            0.000          0.000
           0.300       0.282            0.000          0.000
           0.200       0.172            0.000          0.000
           0.100       0.069            0.000          0.000
           0.050       0.029            0.000          0.000
           0.020       0.010            0.000          0.000
           0.010       0.005            0.000          0.000


MODEL RESULTS

                              ESTIMATES              S. E.     M. S. E.  95%  % Sig
                 Population   Average   Std. Dev.   Average             Cover Coeff
 OBSERVE  WITH
  DESCRIBE            0.260     0.2604     0.0773     0.0775     0.0060 0.952 0.942
  ACTAWARE            0.150     0.1485     0.0752     0.0758     0.0057 0.952 0.504
  NONJUDGE           -0.070    -0.0694     0.0760     0.0752     0.0058 0.949 0.146
  NONREACT            0.160     0.1591     0.0762     0.0759     0.0058 0.950 0.559

 DESCRIBE WITH
  ACTAWARE            0.300     0.2991     0.0782     0.0783     0.0061 0.950 0.982
  NONJUDGE            0.210     0.2088     0.0764     0.0767     0.0058 0.953 0.799
  NONREACT            0.220     0.2186     0.0762     0.0768     0.0058 0.951 0.838

 ACTAWARE WITH
  NONJUDGE            0.340     0.3375     0.0786     0.0791     0.0062 0.950 0.997
  NONREACT            0.330     0.3277     0.0795     0.0789     0.0063 0.944 0.994

 NONJUDGE WITH
  NONREACT            0.340     0.3386     0.0785     0.0792     0.0062 0.951 0.997

 Means
  OBSERVE             0.000    -0.0005     0.0759     0.0751     0.0058 0.947 0.053
  DESCRIBE            0.000    -0.0013     0.0749     0.0751     0.0056 0.948 0.052
  ACTAWARE            0.000     0.0001     0.0752     0.0751     0.0057 0.946 0.054
  NONJUDGE            0.000    -0.0002     0.0755     0.0751     0.0057 0.947 0.053
  NONREACT            0.000     0.0010     0.0763     0.0751     0.0058 0.945 0.055

 Variances
  OBSERVE             1.000     0.9948     0.1061     0.1060     0.0113 0.939 1.000
  DESCRIBE            1.000     0.9961     0.1055     0.1062     0.0111 0.942 1.000
  ACTAWARE            1.000     0.9944     0.1054     0.1060     0.0111 0.941 1.000
  NONJUDGE            1.000     0.9948     0.1055     0.1060     0.0112 0.942 1.000
  NONREACT            1.000     0.9946     0.1065     0.1060     0.0114 0.938 1.000


QUALITY OF NUMERICAL RESULTS

     Average Condition Number for the Information Matrix      0.412E-01
       (ratio of smallest to largest eigenvalue)


TECHNICAL OUTPUT


     PARAMETER SPECIFICATION


           NU
              OBSERVE       DESCRIBE      ACTAWARE      NONJUDGE      NONREACT
              ________      ________      ________      ________      ________
                  1             2             3             4             5


           THETA
              OBSERVE       DESCRIBE      ACTAWARE      NONJUDGE      NONREACT
              ________      ________      ________      ________      ________
 OBSERVE            6
 DESCRIBE           7             8
 ACTAWARE           9            10            11
 NONJUDGE          12            13            14            15
 NONREACT          16            17            18            19            20


     STARTING VALUES


           NU
              OBSERVE       DESCRIBE      ACTAWARE      NONJUDGE      NONREACT
              ________      ________      ________      ________      ________
                0.000         0.000         0.000         0.000         0.000


           THETA
              OBSERVE       DESCRIBE      ACTAWARE      NONJUDGE      NONREACT
              ________      ________      ________      ________      ________
 OBSERVE        1.000
 DESCRIBE       0.260         1.000
 ACTAWARE       0.150         0.300         1.000
 NONJUDGE      -0.070         0.210         0.340         1.000
 NONREACT       0.160         0.220         0.330         0.340         1.000


     POPULATION VALUES


           NU
              OBSERVE       DESCRIBE      ACTAWARE      NONJUDGE      NONREACT
              ________      ________      ________      ________      ________
                0.000         0.000         0.000         0.000         0.000


           THETA
              OBSERVE       DESCRIBE      ACTAWARE      NONJUDGE      NONREACT
              ________      ________      ________      ________      ________
 OBSERVE        1.000
 DESCRIBE       0.260         1.000
 ACTAWARE       0.150         0.300         1.000
 NONJUDGE      -0.070         0.210         0.340         1.000
 NONREACT       0.160         0.220         0.330         0.340         1.000


TECHNICAL 9 OUTPUT

  Error messages for each replication (if any)



     Beginning Time:  19:09:23
        Ending Time:  19:09:28
       Elapsed Time:  00:00:05



MUTHEN & MUTHEN
3463 Stoner Ave.
Los Angeles, CA  90066

Tel: (310) 391-9971
Fax: (310) 391-8971
Web: www.StatModel.com
Support: Support@StatModel.com

Copyright (c) 1998-2019 Muthen & Muthen
