Mplus VERSION 8.3 (Mac)
MUTHEN & MUTHEN
05/19/2026   6:54 PM

INPUT INSTRUCTIONS

  TITLE: Baer et al. (2006) Table 4 facet-correlation power, N=400;

  MONTECARLO:
    NAMES = observe describe actaware nonjudge nonreact;
    NOBSERVATIONS = 400;
    NREPS = 5000;
    SEED = 20260919;

  MODEL POPULATION:
    [observe*0 describe*0 actaware*0 nonjudge*0 nonreact*0];
    observe*1 describe*1 actaware*1 nonjudge*1 nonreact*1;
    observe WITH describe*.26 actaware*.15 nonjudge*-.07 nonreact*.16;
    describe WITH actaware*.30 nonjudge*.21 nonreact*.22;
    actaware WITH nonjudge*.34 nonreact*.33;
    nonjudge WITH nonreact*.34;

  MODEL:
    [observe*0 describe*0 actaware*0 nonjudge*0 nonreact*0];
    observe*1 describe*1 actaware*1 nonjudge*1 nonreact*1;
    observe WITH describe*.26 actaware*.15 nonjudge*-.07 nonreact*.16;
    describe WITH actaware*.30 nonjudge*.21 nonreact*.22;
    actaware WITH nonjudge*.34 nonreact*.33;
    nonjudge WITH nonreact*.34;

  OUTPUT:
    TECH9;



INPUT READING TERMINATED NORMALLY



Baer et al. (2006) Table 4 facet-correlation power, N=400;

SUMMARY OF ANALYSIS

Number of groups                                                 1
Number of observations                                         400

Number of replications
    Requested                                                 5000
    Completed                                                 5000
Value of seed                                             20260919

Number of dependent variables                                    5
Number of independent variables                                  0
Number of continuous latent variables                            0

Observed dependent variables

  Continuous
   OBSERVE     DESCRIBE    ACTAWARE    NONJUDGE    NONREACT


Estimator                                                       ML
Information matrix                                        OBSERVED
Maximum number of iterations                                  1000
Convergence criterion                                    0.500D-04
Maximum number of steepest descent iterations                   20



SAMPLE STATISTICS FOR THE FIRST REPLICATION


     SAMPLE STATISTICS


           Means
              OBSERVE       DESCRIBE      ACTAWARE      NONJUDGE      NONREACT
              ________      ________      ________      ________      ________
               -0.049         0.020        -0.025         0.000         0.010


           Covariances
              OBSERVE       DESCRIBE      ACTAWARE      NONJUDGE      NONREACT
              ________      ________      ________      ________      ________
 OBSERVE        1.006
 DESCRIBE       0.179         1.065
 ACTAWARE       0.119         0.250         0.981
 NONJUDGE      -0.135         0.224         0.351         1.131
 NONREACT       0.015         0.197         0.304         0.388         0.924


           Correlations
              OBSERVE       DESCRIBE      ACTAWARE      NONJUDGE      NONREACT
              ________      ________      ________      ________      ________
 OBSERVE        1.000
 DESCRIBE       0.173         1.000
 ACTAWARE       0.120         0.245         1.000
 NONJUDGE      -0.126         0.204         0.333         1.000
 NONREACT       0.016         0.198         0.319         0.380         1.000


MODEL FIT INFORMATION

Number of Free Parameters                       20

Loglikelihood

    H0 Value

        Mean                             -2718.270
        Std Dev                             31.828
        Number of successful computations     5000

             Proportions                   Percentiles
        Expected    Observed         Expected       Observed
           0.990       0.991        -2792.311      -2790.790
           0.980       0.981        -2783.635      -2782.905
           0.950       0.949        -2770.624      -2770.840
           0.900       0.902        -2759.061      -2758.713
           0.800       0.802        -2745.057      -2744.945
           0.700       0.700        -2734.961      -2734.987
           0.500       0.490        -2718.270      -2719.014
           0.300       0.300        -2701.580      -2701.490
           0.200       0.202        -2691.484      -2691.188
           0.100       0.100        -2677.480      -2677.423
           0.050       0.048        -2665.917      -2666.702
           0.020       0.022        -2652.906      -2650.980
           0.010       0.012        -2644.230      -2641.156

    H1 Value

        Mean                             -2718.270
        Std Dev                             31.828
        Number of successful computations     5000

             Proportions                   Percentiles
        Expected    Observed         Expected       Observed
           0.990       0.991        -2792.311      -2790.790
           0.980       0.981        -2783.635      -2782.905
           0.950       0.949        -2770.624      -2770.840
           0.900       0.902        -2759.061      -2758.713
           0.800       0.802        -2745.057      -2744.945
           0.700       0.700        -2734.961      -2734.987
           0.500       0.490        -2718.270      -2719.014
           0.300       0.300        -2701.580      -2701.490
           0.200       0.202        -2691.484      -2691.188
           0.100       0.100        -2677.480      -2677.423
           0.050       0.048        -2665.917      -2666.702
           0.020       0.022        -2652.906      -2650.980
           0.010       0.012        -2644.230      -2641.156

Information Criteria

    Akaike (AIC)

        Mean                              5476.541
        Std Dev                             63.655
        Number of successful computations     5000

             Proportions                   Percentiles
        Expected    Observed         Expected       Observed
           0.990       0.988         5328.460       5321.825
           0.980       0.978         5345.813       5341.693
           0.950       0.952         5371.835       5373.326
           0.900       0.900         5394.961       5394.519
           0.800       0.798         5422.969       5422.290
           0.700       0.700         5443.160       5442.927
           0.500       0.510         5476.541       5478.008
           0.300       0.300         5509.922       5509.959
           0.200       0.198         5530.113       5529.585
           0.100       0.098         5558.121       5557.144
           0.050       0.051         5581.247       5581.680
           0.020       0.019         5607.269       5605.801
           0.010       0.009         5624.622       5621.105

    Bayesian (BIC)

        Mean                              5556.370
        Std Dev                             63.655
        Number of successful computations     5000

             Proportions                   Percentiles
        Expected    Observed         Expected       Observed
           0.990       0.988         5408.289       5401.654
           0.980       0.978         5425.642       5421.522
           0.950       0.952         5451.664       5453.155
           0.900       0.900         5474.790       5474.348
           0.800       0.798         5502.798       5502.119
           0.700       0.700         5522.990       5522.756
           0.500       0.510         5556.370       5557.837
           0.300       0.300         5589.751       5589.788
           0.200       0.198         5609.942       5609.414
           0.100       0.098         5637.951       5636.974
           0.050       0.051         5661.076       5661.509
           0.020       0.019         5687.099       5685.630
           0.010       0.009         5704.451       5700.935

    Sample-Size Adjusted BIC (n* = (n + 2) / 24)

        Mean                              5492.909
        Std Dev                             63.655
        Number of successful computations     5000

             Proportions                   Percentiles
        Expected    Observed         Expected       Observed
           0.990       0.988         5344.828       5338.193
           0.980       0.978         5362.180       5358.060
           0.950       0.952         5388.203       5389.694
           0.900       0.900         5411.329       5410.887
           0.800       0.798         5439.337       5438.658
           0.700       0.700         5459.528       5459.295
           0.500       0.510         5492.909       5494.376
           0.300       0.300         5526.290       5526.327
           0.200       0.198         5546.481       5545.953
           0.100       0.098         5574.489       5573.512
           0.050       0.051         5597.615       5598.048
           0.020       0.019         5623.637       5622.169
           0.010       0.009         5640.990       5637.473

Chi-Square Test of Model Fit

        Degrees of freedom                       0

        Mean                                 0.000
        Std Dev                              0.000
        Number of successful computations     5000

             Proportions                   Percentiles
        Expected    Observed         Expected       Observed
           0.990       1.000            0.000          0.000
           0.980       1.000            0.000          0.000
           0.950       1.000            0.000          0.000
           0.900       1.000            0.000          0.000
           0.800       1.000            0.000          0.000
           0.700       1.000            0.000          0.000
           0.500       1.000            0.000          0.000
           0.300       1.000            0.000          0.000
           0.200       1.000            0.000          0.000
           0.100       1.000            0.000          0.000
           0.050       1.000            0.000          0.000
           0.020       1.000            0.000          0.000
           0.010       1.000            0.000          0.000

RMSEA (Root Mean Square Error Of Approximation)

        Mean                                 0.000
        Std Dev                              0.000
        Number of successful computations     5000

             Proportions                   Percentiles
        Expected    Observed         Expected       Observed
           0.990       0.000            0.000          0.000
           0.980       0.000            0.000          0.000
           0.950       0.000            0.000          0.000
           0.900       0.000            0.000          0.000
           0.800       0.000            0.000          0.000
           0.700       0.000            0.000          0.000
           0.500       0.000            0.000          0.000
           0.300       0.000            0.000          0.000
           0.200       0.000            0.000          0.000
           0.100       0.000            0.000          0.000
           0.050       0.000            0.000          0.000
           0.020       0.000            0.000          0.000
           0.010       0.000            0.000          0.000

SRMR (Standardized Root Mean Square Residual)

        Mean                                 0.000
        Std Dev                              0.000
        Number of successful computations     5000

             Proportions                   Percentiles
        Expected    Observed         Expected       Observed
           0.990       0.982            0.000          0.000
           0.980       0.975            0.000          0.000
           0.950       0.959            0.000          0.000
           0.900       0.932            0.000          0.000
           0.800       0.856            0.000          0.000
           0.700       0.759            0.000          0.000
           0.500       0.527            0.000          0.000
           0.300       0.280            0.000          0.000
           0.200       0.169            0.000          0.000
           0.100       0.071            0.000          0.000
           0.050       0.028            0.000          0.000
           0.020       0.010            0.000          0.000
           0.010       0.005            0.000          0.000


MODEL RESULTS

                              ESTIMATES              S. E.     M. S. E.  95%  % Sig
                 Population   Average   Std. Dev.   Average             Cover Coeff
 OBSERVE  WITH
  DESCRIBE            0.260     0.2604     0.0517     0.0516     0.0027 0.947 0.999
  ACTAWARE            0.150     0.1504     0.0498     0.0504     0.0025 0.956 0.860
  NONJUDGE           -0.070    -0.0700     0.0492     0.0500     0.0024 0.955 0.284
  NONREACT            0.160     0.1602     0.0506     0.0505     0.0026 0.948 0.895

 DESCRIBE WITH
  ACTAWARE            0.300     0.2996     0.0509     0.0521     0.0026 0.954 1.000
  NONJUDGE            0.210     0.2086     0.0509     0.0510     0.0026 0.951 0.988
  NONREACT            0.220     0.2203     0.0506     0.0511     0.0026 0.956 0.995

 ACTAWARE WITH
  NONJUDGE            0.340     0.3385     0.0532     0.0526     0.0028 0.945 1.000
  NONREACT            0.330     0.3292     0.0529     0.0525     0.0028 0.947 1.000

 NONJUDGE WITH
  NONREACT            0.340     0.3392     0.0527     0.0527     0.0028 0.951 1.000

 Means
  OBSERVE             0.000     0.0002     0.0500     0.0499     0.0025 0.945 0.055
  DESCRIBE            0.000    -0.0003     0.0504     0.0499     0.0025 0.947 0.053
  ACTAWARE            0.000    -0.0006     0.0503     0.0499     0.0025 0.948 0.052
  NONJUDGE            0.000    -0.0001     0.0492     0.0499     0.0024 0.952 0.048
  NONREACT            0.000    -0.0004     0.0504     0.0499     0.0025 0.942 0.058

 Variances
  OBSERVE             1.000     0.9983     0.0707     0.0706     0.0050 0.947 1.000
  DESCRIBE            1.000     0.9988     0.0697     0.0706     0.0049 0.948 1.000
  ACTAWARE            1.000     0.9959     0.0706     0.0704     0.0050 0.942 1.000
  NONJUDGE            1.000     0.9980     0.0699     0.0706     0.0049 0.947 1.000
  NONREACT            1.000     0.9978     0.0713     0.0706     0.0051 0.942 1.000


QUALITY OF NUMERICAL RESULTS

     Average Condition Number for the Information Matrix      0.613E-01
       (ratio of smallest to largest eigenvalue)


TECHNICAL OUTPUT


     PARAMETER SPECIFICATION


           NU
              OBSERVE       DESCRIBE      ACTAWARE      NONJUDGE      NONREACT
              ________      ________      ________      ________      ________
                  1             2             3             4             5


           THETA
              OBSERVE       DESCRIBE      ACTAWARE      NONJUDGE      NONREACT
              ________      ________      ________      ________      ________
 OBSERVE            6
 DESCRIBE           7             8
 ACTAWARE           9            10            11
 NONJUDGE          12            13            14            15
 NONREACT          16            17            18            19            20


     STARTING VALUES


           NU
              OBSERVE       DESCRIBE      ACTAWARE      NONJUDGE      NONREACT
              ________      ________      ________      ________      ________
                0.000         0.000         0.000         0.000         0.000


           THETA
              OBSERVE       DESCRIBE      ACTAWARE      NONJUDGE      NONREACT
              ________      ________      ________      ________      ________
 OBSERVE        1.000
 DESCRIBE       0.260         1.000
 ACTAWARE       0.150         0.300         1.000
 NONJUDGE      -0.070         0.210         0.340         1.000
 NONREACT       0.160         0.220         0.330         0.340         1.000


     POPULATION VALUES


           NU
              OBSERVE       DESCRIBE      ACTAWARE      NONJUDGE      NONREACT
              ________      ________      ________      ________      ________
                0.000         0.000         0.000         0.000         0.000


           THETA
              OBSERVE       DESCRIBE      ACTAWARE      NONJUDGE      NONREACT
              ________      ________      ________      ________      ________
 OBSERVE        1.000
 DESCRIBE       0.260         1.000
 ACTAWARE       0.150         0.300         1.000
 NONJUDGE      -0.070         0.210         0.340         1.000
 NONREACT       0.160         0.220         0.330         0.340         1.000


TECHNICAL 9 OUTPUT

  Error messages for each replication (if any)



     Beginning Time:  18:54:01
        Ending Time:  18:54:05
       Elapsed Time:  00:00:04



MUTHEN & MUTHEN
3463 Stoner Ave.
Los Angeles, CA  90066

Tel: (310) 391-9971
Fax: (310) 391-8971
Web: www.StatModel.com
Support: Support@StatModel.com

Copyright (c) 1998-2019 Muthen & Muthen
