Mplus VERSION 8.3 (Mac)
MUTHEN & MUTHEN
05/19/2026   7:11 PM

INPUT INSTRUCTIONS

  TITLE: Baer et al. (2006) Table 4 facet-correlation power, N=1610;

  MONTECARLO:
    NAMES = observe describe actaware nonjudge nonreact;
    NOBSERVATIONS = 1610;
    NREPS = 10000;
    SEED = 20262129;

  MODEL POPULATION:
    [observe*0 describe*0 actaware*0 nonjudge*0 nonreact*0];
    observe*1 describe*1 actaware*1 nonjudge*1 nonreact*1;
    observe WITH describe*.26 actaware*.15 nonjudge*-.07 nonreact*.16;
    describe WITH actaware*.30 nonjudge*.21 nonreact*.22;
    actaware WITH nonjudge*.34 nonreact*.33;
    nonjudge WITH nonreact*.34;

  MODEL:
    [observe*0 describe*0 actaware*0 nonjudge*0 nonreact*0];
    observe*1 describe*1 actaware*1 nonjudge*1 nonreact*1;
    observe WITH describe*.26 actaware*.15 nonjudge*-.07 nonreact*.16;
    describe WITH actaware*.30 nonjudge*.21 nonreact*.22;
    actaware WITH nonjudge*.34 nonreact*.33;
    nonjudge WITH nonreact*.34;

  OUTPUT:
    TECH9;



INPUT READING TERMINATED NORMALLY



Baer et al. (2006) Table 4 facet-correlation power, N=1610;

SUMMARY OF ANALYSIS

Number of groups                                                 1
Number of observations                                        1610

Number of replications
    Requested                                                10000
    Completed                                                10000
Value of seed                                             20262129

Number of dependent variables                                    5
Number of independent variables                                  0
Number of continuous latent variables                            0

Observed dependent variables

  Continuous
   OBSERVE     DESCRIBE    ACTAWARE    NONJUDGE    NONREACT


Estimator                                                       ML
Information matrix                                        OBSERVED
Maximum number of iterations                                  1000
Convergence criterion                                    0.500D-04
Maximum number of steepest descent iterations                   20



SAMPLE STATISTICS FOR THE FIRST REPLICATION


     SAMPLE STATISTICS


           Means
              OBSERVE       DESCRIBE      ACTAWARE      NONJUDGE      NONREACT
              ________      ________      ________      ________      ________
                0.011         0.050        -0.008        -0.012        -0.032


           Covariances
              OBSERVE       DESCRIBE      ACTAWARE      NONJUDGE      NONREACT
              ________      ________      ________      ________      ________
 OBSERVE        0.988
 DESCRIBE       0.265         0.981
 ACTAWARE       0.149         0.292         0.975
 NONJUDGE      -0.076         0.222         0.340         1.046
 NONREACT       0.154         0.188         0.315         0.314         0.994


           Correlations
              OBSERVE       DESCRIBE      ACTAWARE      NONJUDGE      NONREACT
              ________      ________      ________      ________      ________
 OBSERVE        1.000
 DESCRIBE       0.269         1.000
 ACTAWARE       0.152         0.299         1.000
 NONJUDGE      -0.075         0.219         0.337         1.000
 NONREACT       0.156         0.191         0.320         0.308         1.000


MODEL FIT INFORMATION

Number of Free Parameters                       20

Loglikelihood

    H0 Value

        Mean                            -10969.898
        Std Dev                             63.725
        Number of successful computations    10000

             Proportions                   Percentiles
        Expected    Observed         Expected       Observed
           0.990       0.992       -11118.143     -11112.075
           0.980       0.982       -11100.771     -11098.828
           0.950       0.953       -11074.720     -11072.600
           0.900       0.901       -11051.569     -11051.161
           0.800       0.797       -11023.529     -11024.284
           0.700       0.697       -11003.316     -11004.001
           0.500       0.501       -10969.898     -10969.828
           0.300       0.299       -10936.480     -10936.633
           0.200       0.201       -10916.267     -10916.136
           0.100       0.101       -10888.227     -10887.746
           0.050       0.049       -10865.076     -10865.870
           0.020       0.019       -10839.025     -10839.594
           0.010       0.011       -10821.653     -10819.470

    H1 Value

        Mean                            -10969.898
        Std Dev                             63.725
        Number of successful computations    10000

             Proportions                   Percentiles
        Expected    Observed         Expected       Observed
           0.990       0.992       -11118.143     -11112.075
           0.980       0.982       -11100.771     -11098.828
           0.950       0.953       -11074.720     -11072.600
           0.900       0.901       -11051.569     -11051.161
           0.800       0.797       -11023.529     -11024.284
           0.700       0.697       -11003.316     -11004.001
           0.500       0.501       -10969.898     -10969.828
           0.300       0.299       -10936.480     -10936.633
           0.200       0.201       -10916.267     -10916.136
           0.100       0.101       -10888.227     -10887.746
           0.050       0.049       -10865.076     -10865.870
           0.020       0.019       -10839.025     -10839.594
           0.010       0.011       -10821.653     -10819.470

Information Criteria

    Akaike (AIC)

        Mean                             21979.796
        Std Dev                            127.451
        Number of successful computations    10000

             Proportions                   Percentiles
        Expected    Observed         Expected       Observed
           0.990       0.989        21683.307      21678.777
           0.980       0.981        21718.050      21718.591
           0.950       0.951        21770.152      21771.649
           0.900       0.899        21816.455      21815.439
           0.800       0.799        21872.533      21872.119
           0.700       0.701        21912.961      21913.257
           0.500       0.499        21979.796      21979.655
           0.300       0.303        22046.631      22047.986
           0.200       0.203        22087.059      22088.495
           0.100       0.099        22143.137      22142.178
           0.050       0.047        22189.440      22184.618
           0.020       0.018        22241.542      22237.571
           0.010       0.008        22276.285      22263.906

    Bayesian (BIC)

        Mean                             22087.476
        Std Dev                            127.451
        Number of successful computations    10000

             Proportions                   Percentiles
        Expected    Observed         Expected       Observed
           0.990       0.989        21790.987      21786.457
           0.980       0.981        21825.730      21826.271
           0.950       0.951        21877.832      21879.329
           0.900       0.899        21924.135      21923.119
           0.800       0.799        21980.213      21979.799
           0.700       0.701        22020.641      22020.937
           0.500       0.499        22087.476      22087.335
           0.300       0.303        22154.311      22155.665
           0.200       0.203        22194.739      22196.174
           0.100       0.099        22250.817      22249.858
           0.050       0.047        22297.120      22292.298
           0.020       0.018        22349.222      22345.251
           0.010       0.008        22383.965      22371.586

    Sample-Size Adjusted BIC (n* = (n + 2) / 24)

        Mean                             22023.940
        Std Dev                            127.451
        Number of successful computations    10000

             Proportions                   Percentiles
        Expected    Observed         Expected       Observed
           0.990       0.989        21727.450      21722.920
           0.980       0.981        21762.194      21762.734
           0.950       0.951        21814.295      21815.792
           0.900       0.899        21860.598      21859.583
           0.800       0.799        21916.677      21916.262
           0.700       0.701        21957.104      21957.400
           0.500       0.499        22023.940      22023.799
           0.300       0.303        22090.775      22092.129
           0.200       0.203        22131.202      22132.638
           0.100       0.099        22187.281      22186.322
           0.050       0.047        22233.584      22228.762
           0.020       0.018        22285.686      22281.715
           0.010       0.008        22320.429      22308.050

Chi-Square Test of Model Fit

        Degrees of freedom                       0

        Mean                                 0.000
        Std Dev                              0.000
        Number of successful computations    10000

             Proportions                   Percentiles
        Expected    Observed         Expected       Observed
           0.990       1.000            0.000          0.000
           0.980       1.000            0.000          0.000
           0.950       1.000            0.000          0.000
           0.900       1.000            0.000          0.000
           0.800       1.000            0.000          0.000
           0.700       1.000            0.000          0.000
           0.500       1.000            0.000          0.000
           0.300       1.000            0.000          0.000
           0.200       1.000            0.000          0.000
           0.100       1.000            0.000          0.000
           0.050       1.000            0.000          0.000
           0.020       1.000            0.000          0.000
           0.010       1.000            0.000          0.000

RMSEA (Root Mean Square Error Of Approximation)

        Mean                                 0.000
        Std Dev                              0.000
        Number of successful computations    10000

             Proportions                   Percentiles
        Expected    Observed         Expected       Observed
           0.990       0.000            0.000          0.000
           0.980       0.000            0.000          0.000
           0.950       0.000            0.000          0.000
           0.900       0.000            0.000          0.000
           0.800       0.000            0.000          0.000
           0.700       0.000            0.000          0.000
           0.500       0.000            0.000          0.000
           0.300       0.000            0.000          0.000
           0.200       0.000            0.000          0.000
           0.100       0.000            0.000          0.000
           0.050       0.000            0.000          0.000
           0.020       0.000            0.000          0.000
           0.010       0.000            0.000          0.000

SRMR (Standardized Root Mean Square Residual)

        Mean                                 0.000
        Std Dev                              0.000
        Number of successful computations    10000

             Proportions                   Percentiles
        Expected    Observed         Expected       Observed
           0.990       0.974            0.000          0.000
           0.980       0.960            0.000          0.000
           0.950       0.938            0.000          0.000
           0.900       0.914            0.000          0.000
           0.800       0.857            0.000          0.000
           0.700       0.770            0.000          0.000
           0.500       0.538            0.000          0.000
           0.300       0.283            0.000          0.000
           0.200       0.170            0.000          0.000
           0.100       0.074            0.000          0.000
           0.050       0.031            0.000          0.000
           0.020       0.008            0.000          0.000
           0.010       0.002            0.000          0.000


MODEL RESULTS

                              ESTIMATES              S. E.     M. S. E.  95%  % Sig
                 Population   Average   Std. Dev.   Average             Cover Coeff
 OBSERVE  WITH
  DESCRIBE            0.260     0.2600     0.0256     0.0257     0.0007 0.951 1.000
  ACTAWARE            0.150     0.1503     0.0254     0.0252     0.0006 0.947 1.000
  NONJUDGE           -0.070    -0.0693     0.0248     0.0250     0.0006 0.951 0.800
  NONREACT            0.160     0.1600     0.0252     0.0252     0.0006 0.948 1.000

 DESCRIBE WITH
  ACTAWARE            0.300     0.2997     0.0258     0.0260     0.0007 0.951 1.000
  NONJUDGE            0.210     0.2098     0.0252     0.0254     0.0006 0.952 1.000
  NONREACT            0.220     0.2198     0.0253     0.0255     0.0006 0.953 1.000

 ACTAWARE WITH
  NONJUDGE            0.340     0.3401     0.0260     0.0263     0.0007 0.954 1.000
  NONREACT            0.330     0.3297     0.0264     0.0262     0.0007 0.950 1.000

 NONJUDGE WITH
  NONREACT            0.340     0.3396     0.0262     0.0263     0.0007 0.950 1.000

 Means
  OBSERVE             0.000    -0.0002     0.0250     0.0249     0.0006 0.947 0.053
  DESCRIBE            0.000     0.0000     0.0249     0.0249     0.0006 0.949 0.051
  ACTAWARE            0.000     0.0000     0.0251     0.0249     0.0006 0.947 0.053
  NONJUDGE            0.000     0.0002     0.0248     0.0249     0.0006 0.949 0.051
  NONREACT            0.000    -0.0004     0.0245     0.0249     0.0006 0.949 0.051

 Variances
  OBSERVE             1.000     0.9991     0.0354     0.0352     0.0013 0.951 1.000
  DESCRIBE            1.000     0.9994     0.0354     0.0352     0.0013 0.949 1.000
  ACTAWARE            1.000     0.9994     0.0353     0.0352     0.0012 0.947 1.000
  NONJUDGE            1.000     0.9989     0.0349     0.0352     0.0012 0.952 1.000
  NONREACT            1.000     0.9991     0.0347     0.0352     0.0012 0.953 1.000


QUALITY OF NUMERICAL RESULTS

     Average Condition Number for the Information Matrix      0.723E-01
       (ratio of smallest to largest eigenvalue)


TECHNICAL OUTPUT


     PARAMETER SPECIFICATION


           NU
              OBSERVE       DESCRIBE      ACTAWARE      NONJUDGE      NONREACT
              ________      ________      ________      ________      ________
                  1             2             3             4             5


           THETA
              OBSERVE       DESCRIBE      ACTAWARE      NONJUDGE      NONREACT
              ________      ________      ________      ________      ________
 OBSERVE            6
 DESCRIBE           7             8
 ACTAWARE           9            10            11
 NONJUDGE          12            13            14            15
 NONREACT          16            17            18            19            20


     STARTING VALUES


           NU
              OBSERVE       DESCRIBE      ACTAWARE      NONJUDGE      NONREACT
              ________      ________      ________      ________      ________
                0.000         0.000         0.000         0.000         0.000


           THETA
              OBSERVE       DESCRIBE      ACTAWARE      NONJUDGE      NONREACT
              ________      ________      ________      ________      ________
 OBSERVE        1.000
 DESCRIBE       0.260         1.000
 ACTAWARE       0.150         0.300         1.000
 NONJUDGE      -0.070         0.210         0.340         1.000
 NONREACT       0.160         0.220         0.330         0.340         1.000


     POPULATION VALUES


           NU
              OBSERVE       DESCRIBE      ACTAWARE      NONJUDGE      NONREACT
              ________      ________      ________      ________      ________
                0.000         0.000         0.000         0.000         0.000


           THETA
              OBSERVE       DESCRIBE      ACTAWARE      NONJUDGE      NONREACT
              ________      ________      ________      ________      ________
 OBSERVE        1.000
 DESCRIBE       0.260         1.000
 ACTAWARE       0.150         0.300         1.000
 NONJUDGE      -0.070         0.210         0.340         1.000
 NONREACT       0.160         0.220         0.330         0.340         1.000


TECHNICAL 9 OUTPUT

  Error messages for each replication (if any)



     Beginning Time:  19:11:22
        Ending Time:  19:11:42
       Elapsed Time:  00:00:20



MUTHEN & MUTHEN
3463 Stoner Ave.
Los Angeles, CA  90066

Tel: (310) 391-9971
Fax: (310) 391-8971
Web: www.StatModel.com
Support: Support@StatModel.com

Copyright (c) 1998-2019 Muthen & Muthen
